#
# A fatal error has been detected by the Java Runtime Environment:
#
#  EXCEPTION_ACCESS_VIOLATION (0xc0000005) at pc=0x00000000768aa5c1, pid=1084, tid=0x0000000000003024
#
# JRE version: OpenJDK Runtime Environment (8.0_242-b01) (build 1.8.0_242-release-1644-b01)
# Java VM: OpenJDK 64-Bit Server VM (25.242-b01 mixed mode windows-amd64 compressed oops)
# Problematic frame:
# V  [jvm.dll+0x3fa5c1]
#
# Failed to write core dump. Minidumps are not enabled by default on client versions of Windows
#
# If you would like to submit a bug report, please visit:
#   
#

---------------  T H R E A D  ---------------

Current thread (0x0000000019b73000):  JavaThread "C1 CompilerThread3" daemon [_thread_in_native, id=12324, stack(0x000000001a740000,0x000000001a840000)]

siginfo: ExceptionCode=0xc0000005, reading address 0x0000000000000000

Registers:
RAX=0x0000000000000000, RBX=0x0000000030e8b1a0, RCX=0x0000000020777110, RDX=0x0000000000001255
RSP=0x000000001a83f0d0, RBP=0x00000000374cb6b0, RSI=0x0000000000001302, RDI=0x00000000000019b6
R8 =0x0000000020736990, R9 =0x000000000000125b, R10=0x00000000000092e0, R11=0x0000000000004934
R12=0x0000000000001a5c, R13=0x0000000000004934, R14=0x0000000017d5dcc0, R15=0x0000000017d5dd00
RIP=0x00000000768aa5c1, EFLAGS=0x0000000000010206

Top of Stack: (sp=0x000000001a83f0d0)
0x000000001a83f0d0:   0000000030e8b1a0 00000000374cb6b0
0x000000001a83f0e0:   0000000000000000 0000000019b67230
0x000000001a83f0f0:   0000000019b67230 0000000000000014
0x000000001a83f100:   00000000374cb6b0 00000000768b225a
0x000000001a83f110:   00000000374cb6b0 0000000000000000
0x000000001a83f120:   0000000076c42460 0000000076c42460
0x000000001a83f130:   000000001a83f470 00000000768904a0
0x000000001a83f140:   000000001a83f470 0000000076c42460
0x000000001a83f150:   0000000076c42460 00000000768a31a0
0x000000001a83f160:   000000001f6d0000 0000000000000000
0x000000001a83f170:   0000000032822160 000000001a83f200
0x000000001a83f180:   000000001b26e6d0 0000000000000001
0x000000001a83f190:   0000000000000000 0000000000000007
0x000000001a83f1a0:   0000000076ad1868 0000000000000002
0x000000001a83f1b0:   0000000076ad1858 000000001a83f470
0x000000001a83f1c0:   0000000032d6f3e0 0000000000000000 

Instructions: (pc=0x00000000768aa5c1)
0x00000000768aa5a1:   8e 86 00 00 00 4d 8b cd 4c 8b d6 0f 1f 40 00 48
0x00000000768aa5b1:   8b 45 58 4c 8b 04 f0 4d 85 c0 74 67 49 8b 40 08
0x00000000768aa5c1:   44 8b 18 45 3b eb 7f 11 48 8b 43 08 4d 89 04 02
0x00000000768aa5d1:   49 8b 40 08 44 8b 28 eb 43 49 8b d1 4d 85 c9 78 


Register to memory mapping:

RAX=0x0000000000000000 is an unknown value
RBX=0x0000000030e8b1a0 is an unknown value
RCX=0x0000000020777110 is an unknown value
RDX=0x0000000000001255 is an unknown value
RSP=0x000000001a83f0d0 is pointing into the stack for thread: 0x0000000019b73000
RBP=0x00000000374cb6b0 is an unknown value
RSI=0x0000000000001302 is an unknown value
RDI=0x00000000000019b6 is an unknown value
R8 =0x0000000020736990 is an unknown value
R9 =0x000000000000125b is an unknown value
R10=0x00000000000092e0 is an unknown value
R11=0x0000000000004934 is an unknown value
R12=0x0000000000001a5c is an unknown value
R13=0x0000000000004934 is an unknown value
R14=0x0000000017d5dcc0 is an unknown value
R15=0x0000000017d5dd00 is an unknown value


Stack: [0x000000001a740000,0x000000001a840000],  sp=0x000000001a83f0d0,  free space=1020k
Native frames: (J=compiled Java code, j=interpreted, Vv=VM code, C=native code)
V  [jvm.dll+0x3fa5c1]
V  [jvm.dll+0x40225a]
V  [jvm.dll+0x3e04a0]
V  [jvm.dll+0x3e0870]
V  [jvm.dll+0x3e09a2]
V  [jvm.dll+0x3e0b71]
V  [jvm.dll+0x3e0d7f]
V  [jvm.dll+0x8230f]
V  [jvm.dll+0x82c7f]
V  [jvm.dll+0x220b7f]
V  [jvm.dll+0x27276a]
C  [msvcr100.dll+0x21d9f]
C  [msvcr100.dll+0x21e3b]
C  [KERNEL32.DLL+0x17e94]
C  [ntdll.dll+0x67ad1]


Current CompileTask:
C1:3231386 24084 %     3       com.android.tools.r8.code.v1::a @ 20 (4137 bytes)


---------------  P R O C E S S  ---------------

Java Threads: ( => current thread )
  0x00000000218d4000 JavaThread "ForkJoinPool-7-worker-0" daemon [_thread_blocked, id=12568, stack(0x0000000064e80000,0x0000000064f80000)]
  0x00000000218d2000 JavaThread "ForkJoinPool-7-worker-7" daemon [_thread_blocked, id=5648, stack(0x0000000064d80000,0x0000000064e80000)]
  0x00000000218d2800 JavaThread "ForkJoinPool-7-worker-6" daemon [_thread_blocked, id=11852, stack(0x0000000064c80000,0x0000000064d80000)]
  0x00000000218d0800 JavaThread "ForkJoinPool-7-worker-5" daemon [_thread_blocked, id=9772, stack(0x0000000064b80000,0x0000000064c80000)]
  0x00000000218d1000 JavaThread "ForkJoinPool-7-worker-4" daemon [_thread_in_Java, id=6072, stack(0x0000000064a80000,0x0000000064b80000)]
  0x00000000218d5000 JavaThread "ForkJoinPool-7-worker-3" daemon [_thread_blocked, id=12760, stack(0x0000000064980000,0x0000000064a80000)]
  0x00000000218cf800 JavaThread "ForkJoinPool-7-worker-2" daemon [_thread_blocked, id=7612, stack(0x0000000064880000,0x0000000064980000)]
  0x00000000218cf000 JavaThread "ForkJoinPool-7-worker-1" daemon [_thread_blocked, id=4168, stack(0x0000000064780000,0x0000000064880000)]
  0x00000000218d3800 JavaThread "WorkerExecutor Queue Thread 5" [_thread_blocked, id=8840, stack(0x0000000064680000,0x0000000064780000)]
  0x00000000218c8000 JavaThread "WorkerExecutor Queue Thread 4" [_thread_blocked, id=616, stack(0x0000000064580000,0x0000000064680000)]
  0x00000000218ce000 JavaThread "WorkerExecutor Queue Thread 3" [_thread_blocked, id=5036, stack(0x0000000064480000,0x0000000064580000)]
  0x00000000218c6800 JavaThread "WorkerExecutor Queue Thread 2" [_thread_blocked, id=9024, stack(0x0000000064380000,0x0000000064480000)]
  0x00000000218cc000 JavaThread "WorkerExecutor Queue" [_thread_blocked, id=7272, stack(0x0000000064280000,0x0000000064380000)]
  0x00000000218cb000 JavaThread "ForkJoinPool.commonPool-worker-5" daemon [_thread_blocked, id=9864, stack(0x0000000064180000,0x0000000064280000)]
  0x00000000218cd800 JavaThread "ForkJoinPool.commonPool-worker-4" daemon [_thread_blocked, id=1980, stack(0x0000000064080000,0x0000000064180000)]
  0x00000000218c5800 JavaThread "ForkJoinPool.commonPool-worker-3" daemon [_thread_blocked, id=8796, stack(0x0000000063f80000,0x0000000064080000)]
  0x00000000218cc800 JavaThread "ForkJoinPool.commonPool-worker-2" daemon [_thread_blocked, id=6796, stack(0x0000000063e80000,0x0000000063f80000)]
  0x00000000218c9800 JavaThread "ForkJoinPool.commonPool-worker-1" daemon [_thread_blocked, id=6956, stack(0x0000000063d80000,0x0000000063e80000)]
  0x00000000218c9000 JavaThread "ForkJoinPool.commonPool-worker-0" daemon [_thread_blocked, id=6604, stack(0x0000000063c80000,0x0000000063d80000)]
  0x00000000218ca800 JavaThread "ForkJoinPool.commonPool-worker-7" daemon [_thread_blocked, id=6948, stack(0x0000000063b80000,0x0000000063c80000)]
  0x00000000218c7800 JavaThread "Cache worker for Java compile cache (D:\Workspace\Calculator\.gradle\6.5\javaCompile)" [_thread_blocked, id=7768, stack(0x0000000063a80000,0x0000000063b80000)]
  0x000000001c71b000 JavaThread "Cache worker for execution history cache (D:\Workspace\Calculator\.gradle\6.5\executionHistory)" [_thread_blocked, id=10624, stack(0x0000000063980000,0x0000000063a80000)]
  0x000000001c71f800 JavaThread "Execution worker for ':' Thread 7" [_thread_blocked, id=9936, stack(0x0000000063880000,0x0000000063980000)]
  0x000000002191f800 JavaThread "Execution worker for ':' Thread 6" [_thread_blocked, id=8068, stack(0x0000000063780000,0x0000000063880000)]
  0x0000000021917800 JavaThread "Execution worker for ':' Thread 5" [_thread_blocked, id=9960, stack(0x0000000063680000,0x0000000063780000)]
  0x000000002191e000 JavaThread "Execution worker for ':' Thread 4" [_thread_blocked, id=4972, stack(0x0000000063580000,0x0000000063680000)]
  0x000000002191b800 JavaThread "Execution worker for ':' Thread 3" [_thread_blocked, id=4724, stack(0x0000000063480000,0x0000000063580000)]
  0x000000002191d000 JavaThread "Execution worker for ':' Thread 2" [_thread_blocked, id=2816, stack(0x0000000063380000,0x0000000063480000)]
  0x000000002191a800 JavaThread "Execution worker for ':'" [_thread_blocked, id=1052, stack(0x0000000063280000,0x0000000063380000)]
  0x000000002191a000 JavaThread "Cache worker for file content cache (D:\Workspace\Calculator\.gradle\6.5\fileContent)" [_thread_blocked, id=8804, stack(0x0000000063180000,0x0000000063280000)]
  0x0000000021919000 JavaThread "Cache worker for Build Output Cleanup Cache (D:\Workspace\Calculator\.gradle\buildOutputCleanup)" [_thread_blocked, id=10432, stack(0x0000000063080000,0x0000000063180000)]
  0x000000002191c000 JavaThread "jar transforms Thread 552" [_thread_blocked, id=9152, stack(0x0000000062f80000,0x0000000063080000)]
  0x000000002191e800 JavaThread "jar transforms Thread 551" [_thread_blocked, id=10612, stack(0x0000000062e80000,0x0000000062f80000)]
  0x0000000021918800 JavaThread "jar transforms Thread 550" [_thread_blocked, id=8872, stack(0x0000000062d80000,0x0000000062e80000)]
  0x0000000021910000 JavaThread "jar transforms Thread 549" [_thread_blocked, id=8180, stack(0x0000000062c80000,0x0000000062d80000)]
  0x0000000021916000 JavaThread "jar transforms Thread 548" [_thread_blocked, id=2872, stack(0x0000000062b80000,0x0000000062c80000)]
  0x0000000021915800 JavaThread "jar transforms Thread 547" [_thread_blocked, id=13016, stack(0x0000000062a80000,0x0000000062b80000)]
  0x0000000021917000 JavaThread "jar transforms Thread 546" [_thread_blocked, id=720, stack(0x0000000062980000,0x0000000062a80000)]
  0x0000000021914800 JavaThread "jar transforms Thread 545" [_thread_blocked, id=2900, stack(0x0000000062880000,0x0000000062980000)]
  0x0000000021914000 JavaThread "jar transforms Thread 544" [_thread_blocked, id=9712, stack(0x0000000062780000,0x0000000062880000)]
  0x000000001fed2800 JavaThread "jar transforms Thread 543" [_thread_blocked, id=12736, stack(0x0000000062680000,0x0000000062780000)]
  0x000000001fecf800 JavaThread "jar transforms Thread 542" [_thread_blocked, id=10744, stack(0x0000000062580000,0x0000000062680000)]
  0x000000001fed1000 JavaThread "jar transforms Thread 541" [_thread_blocked, id=12008, stack(0x0000000062480000,0x0000000062580000)]
  0x000000001fec8000 JavaThread "jar transforms Thread 540" [_thread_blocked, id=5152, stack(0x0000000062380000,0x0000000062480000)]
  0x000000001fec9000 JavaThread "jar transforms Thread 539" [_thread_blocked, id=10320, stack(0x0000000062280000,0x0000000062380000)]
  0x000000001fecf000 JavaThread "jar transforms Thread 538" [_thread_blocked, id=8444, stack(0x0000000062180000,0x0000000062280000)]
  0x000000001fec7800 JavaThread "jar transforms Thread 537" [_thread_blocked, id=5076, stack(0x0000000062080000,0x0000000062180000)]
  0x000000001fecd800 JavaThread "jar transforms Thread 536" [_thread_blocked, id=7700, stack(0x0000000061f80000,0x0000000062080000)]
  0x000000001fec6000 JavaThread "jar transforms Thread 535" [_thread_blocked, id=8928, stack(0x0000000061e80000,0x0000000061f80000)]
  0x000000001fecc800 JavaThread "jar transforms Thread 534" [_thread_blocked, id=3664, stack(0x0000000061d80000,0x0000000061e80000)]
  0x000000001fec5000 JavaThread "jar transforms Thread 533" [_thread_blocked, id=8812, stack(0x0000000061c80000,0x0000000061d80000)]
  0x000000001fecc000 JavaThread "jar transforms Thread 532" [_thread_blocked, id=7492, stack(0x0000000061b80000,0x0000000061c80000)]
  0x000000001fec4800 JavaThread "jar transforms Thread 531" [_thread_blocked, id=7980, stack(0x0000000061a80000,0x0000000061b80000)]
  0x000000001fecb000 JavaThread "jar transforms Thread 530" [_thread_blocked, id=11520, stack(0x0000000061980000,0x0000000061a80000)]
  0x000000001feca800 JavaThread "jar transforms Thread 529" [_thread_blocked, id=7148, stack(0x0000000061880000,0x0000000061980000)]
  0x000000001fec6800 JavaThread "jar transforms Thread 528" [_thread_blocked, id=2084, stack(0x0000000061780000,0x0000000061880000)]
  0x000000001fec9800 JavaThread "jar transforms Thread 527" [_thread_blocked, id=696, stack(0x0000000061680000,0x0000000061780000)]
  0x000000001fec3800 JavaThread "jar transforms Thread 526" [_thread_blocked, id=2000, stack(0x0000000061580000,0x0000000061680000)]
  0x000000001cc89800 JavaThread "jar transforms Thread 525" [_thread_blocked, id=8392, stack(0x0000000061480000,0x0000000061580000)]
  0x000000001cc8d000 JavaThread "jar transforms Thread 524" [_thread_blocked, id=13132, stack(0x0000000061380000,0x0000000061480000)]
  0x000000001cc8b800 JavaThread "jar transforms Thread 523" [_thread_blocked, id=1620, stack(0x0000000061280000,0x0000000061380000)]
  0x000000001cc8f800 JavaThread "jar transforms Thread 522" [_thread_blocked, id=3364, stack(0x0000000061180000,0x0000000061280000)]
  0x000000001cc8b000 JavaThread "jar transforms Thread 521" [_thread_blocked, id=2412, stack(0x0000000061080000,0x0000000061180000)]
  0x000000001cc88800 JavaThread "jar transforms Thread 520" [_thread_blocked, id=11452, stack(0x0000000060f80000,0x0000000061080000)]
  0x000000001cc8a000 JavaThread "jar transforms Thread 519" [_thread_blocked, id=6928, stack(0x0000000060e80000,0x0000000060f80000)]
  0x000000001cc81000 JavaThread "jar transforms Thread 518" [_thread_blocked, id=12196, stack(0x0000000060d80000,0x0000000060e80000)]
  0x000000001cc88000 JavaThread "jar transforms Thread 517" [_thread_blocked, id=7884, stack(0x0000000060c80000,0x0000000060d80000)]
  0x000000001cc80800 JavaThread "jar transforms Thread 516" [_thread_blocked, id=8136, stack(0x0000000060b80000,0x0000000060c80000)]
  0x000000001cc85800 JavaThread "jar transforms Thread 515" [_thread_blocked, id=9848, stack(0x0000000060a80000,0x0000000060b80000)]
  0x000000001cc87000 JavaThread "jar transforms Thread 514" [_thread_blocked, id=1064, stack(0x0000000060980000,0x0000000060a80000)]
  0x000000001cc85000 JavaThread "jar transforms Thread 513" [_thread_blocked, id=7056, stack(0x0000000060880000,0x0000000060980000)]
  0x000000001cc84000 JavaThread "jar transforms Thread 512" [_thread_blocked, id=10376, stack(0x0000000060780000,0x0000000060880000)]
  0x000000001cc82800 JavaThread "jar transforms Thread 511" [_thread_blocked, id=4404, stack(0x0000000060680000,0x0000000060780000)]
  0x000000001cc86800 JavaThread "jar transforms Thread 510" [_thread_blocked, id=1212, stack(0x0000000060580000,0x0000000060680000)]
  0x000000001cc82000 JavaThread "jar transforms Thread 509" [_thread_blocked, id=6340, stack(0x0000000060480000,0x0000000060580000)]
  0x000000001cc83800 JavaThread "jar transforms Thread 508" [_thread_blocked, id=10676, stack(0x0000000060380000,0x0000000060480000)]
  0x000000002227c000 JavaThread "jar transforms Thread 507" [_thread_blocked, id=4688, stack(0x0000000060280000,0x0000000060380000)]
  0x000000002227f000 JavaThread "jar transforms Thread 506" [_thread_blocked, id=9620, stack(0x0000000060180000,0x0000000060280000)]
  0x000000002227a000 JavaThread "jar transforms Thread 505" [_thread_blocked, id=10092, stack(0x0000000060080000,0x0000000060180000)]
  0x000000002227b800 JavaThread "jar transforms Thread 504" [_thread_blocked, id=4892, stack(0x000000005ff80000,0x0000000060080000)]
  0x000000002227a800 JavaThread "jar transforms Thread 503" [_thread_blocked, id=5588, stack(0x000000005fe80000,0x000000005ff80000)]
  0x0000000022278800 JavaThread "jar transforms Thread 502" [_thread_blocked, id=11072, stack(0x000000005fd80000,0x000000005fe80000)]
  0x000000002227e800 JavaThread "jar transforms Thread 501" [_thread_blocked, id=2060, stack(0x000000005fc80000,0x000000005fd80000)]
  0x0000000022279000 JavaThread "jar transforms Thread 500" [_thread_blocked, id=11468, stack(0x000000005fb80000,0x000000005fc80000)]
  0x000000002227d800 JavaThread "jar transforms Thread 499" [_thread_blocked, id=3032, stack(0x000000005fa80000,0x000000005fb80000)]
  0x0000000022270800 JavaThread "jar transforms Thread 498" [_thread_blocked, id=2836, stack(0x000000005f980000,0x000000005fa80000)]
  0x0000000022277800 JavaThread "jar transforms Thread 497" [_thread_blocked, id=13092, stack(0x000000005f880000,0x000000005f980000)]
  0x0000000022275000 JavaThread "jar transforms Thread 496" [_thread_blocked, id=11704, stack(0x000000005f780000,0x000000005f880000)]
  0x0000000022274800 JavaThread "jar transforms Thread 495" [_thread_blocked, id=9504, stack(0x000000005f680000,0x000000005f780000)]
  0x0000000022273000 JavaThread "jar transforms Thread 494" [_thread_blocked, id=3924, stack(0x000000005f580000,0x000000005f680000)]
  0x0000000022270000 JavaThread "jar transforms Thread 493" [_thread_blocked, id=9612, stack(0x000000005f480000,0x000000005f580000)]
  0x0000000022276800 JavaThread "jar transforms Thread 492" [_thread_blocked, id=12612, stack(0x000000005f380000,0x000000005f480000)]
  0x0000000022276000 JavaThread "jar transforms Thread 491" [_thread_blocked, id=11252, stack(0x000000005f280000,0x000000005f380000)]
  0x0000000022272000 JavaThread "jar transforms Thread 490" [_thread_blocked, id=6712, stack(0x000000005f180000,0x000000005f280000)]
  0x0000000032d4b000 JavaThread "jar transforms Thread 489" [_thread_blocked, id=11952, stack(0x000000005f080000,0x000000005f180000)]
  0x0000000032d4a000 JavaThread "jar transforms Thread 488" [_thread_blocked, id=6852, stack(0x000000005ef80000,0x000000005f080000)]
  0x0000000032d48000 JavaThread "jar transforms Thread 487" [_thread_blocked, id=8264, stack(0x000000005ee80000,0x000000005ef80000)]
  0x0000000032d47000 JavaThread "jar transforms Thread 486" [_thread_blocked, id=460, stack(0x000000005ed80000,0x000000005ee80000)]
  0x0000000032d48800 JavaThread "jar transforms Thread 485" [_thread_blocked, id=1592, stack(0x000000005ec80000,0x000000005ed80000)]
  0x0000000032d49800 JavaThread "jar transforms Thread 484" [_thread_blocked, id=728, stack(0x000000005eb80000,0x000000005ec80000)]
  0x0000000032d46800 JavaThread "jar transforms Thread 483" [_thread_blocked, id=1404, stack(0x000000005ea80000,0x000000005eb80000)]
  0x0000000032d3f000 JavaThread "jar transforms Thread 482" [_thread_blocked, id=12680, stack(0x000000005e980000,0x000000005ea80000)]
  0x0000000032d45800 JavaThread "jar transforms Thread 481" [_thread_blocked, id=11344, stack(0x000000005e880000,0x000000005e980000)]
  0x0000000032d3e000 JavaThread "jar transforms Thread 480" [_thread_blocked, id=7704, stack(0x000000005e780000,0x000000005e880000)]
  0x0000000032d41000 JavaThread "jar transforms Thread 479" [_thread_blocked, id=8548, stack(0x000000005e680000,0x000000005e780000)]
  0x0000000032d3f800 JavaThread "jar transforms Thread 478" [_thread_blocked, id=2556, stack(0x000000005e580000,0x000000005e680000)]
  0x0000000032d42800 JavaThread "jar transforms Thread 477" [_thread_blocked, id=3212, stack(0x000000005e480000,0x000000005e580000)]
  0x0000000032d45000 JavaThread "jar transforms Thread 476" [_thread_blocked, id=6912, stack(0x000000005e380000,0x000000005e480000)]
  0x0000000032d44000 JavaThread "jar transforms Thread 475" [_thread_blocked, id=8672, stack(0x000000005e280000,0x000000005e380000)]
  0x0000000032d42000 JavaThread "jar transforms Thread 474" [_thread_blocked, id=7348, stack(0x000000005e180000,0x000000005e280000)]
  0x0000000032d40800 JavaThread "jar transforms Thread 473" [_thread_blocked, id=3864, stack(0x000000005e080000,0x000000005e180000)]
  0x0000000032d43800 JavaThread "jar transforms Thread 472" [_thread_blocked, id=12072, stack(0x000000005df80000,0x000000005e080000)]
  0x0000000020c3d000 JavaThread "jar transforms Thread 471" [_thread_blocked, id=3920, stack(0x000000005de80000,0x000000005df80000)]
  0x0000000020c3a000 JavaThread "jar transforms Thread 470" [_thread_blocked, id=2108, stack(0x000000005dd80000,0x000000005de80000)]
  0x0000000020c3c800 JavaThread "jar transforms Thread 469" [_thread_blocked, id=11180, stack(0x000000005dc80000,0x000000005dd80000)]
  0x0000000020c41000 JavaThread "jar transforms Thread 468" [_thread_blocked, id=10392, stack(0x000000005db80000,0x000000005dc80000)]
  0x0000000020c3f800 JavaThread "jar transforms Thread 467" [_thread_blocked, id=4148, stack(0x000000005da80000,0x000000005db80000)]
  0x0000000020c3b000 JavaThread "jar transforms Thread 466" [_thread_blocked, id=10004, stack(0x000000005d980000,0x000000005da80000)]
  0x0000000020c3b800 JavaThread "jar transforms Thread 465" [_thread_blocked, id=9636, stack(0x000000005d880000,0x000000005d980000)]
  0x0000000020c3e800 JavaThread "jar transforms Thread 464" [_thread_blocked, id=9996, stack(0x000000005d780000,0x000000005d880000)]
  0x0000000020c35800 JavaThread "jar transforms Thread 463" [_thread_blocked, id=12192, stack(0x000000005d680000,0x000000005d780000)]
  0x0000000020c32800 JavaThread "jar transforms Thread 462" [_thread_blocked, id=7480, stack(0x000000005d580000,0x000000005d680000)]
  0x0000000020c39000 JavaThread "jar transforms Thread 461" [_thread_blocked, id=5480, stack(0x000000005d480000,0x000000005d580000)]
  0x0000000020c34800 JavaThread "Build operations Thread 8" [_thread_blocked, id=10844, stack(0x000000005d380000,0x000000005d480000)]
  0x0000000020c36000 JavaThread "Build operations Thread 7" [_thread_blocked, id=6600, stack(0x000000005d280000,0x000000005d380000)]
  0x0000000020c38800 JavaThread "Build operations Thread 6" [_thread_blocked, id=11648, stack(0x000000005d180000,0x000000005d280000)]
  0x0000000020c37000 JavaThread "Build operations Thread 5" [_thread_blocked, id=2988, stack(0x000000005d080000,0x000000005d180000)]
  0x0000000020c34000 JavaThread "Build operations Thread 4" [_thread_blocked, id=3028, stack(0x000000005cf80000,0x000000005d080000)]
  0x0000000020c33000 JavaThread "Build operations Thread 3" [_thread_blocked, id=11652, stack(0x000000005ce80000,0x000000005cf80000)]
  0x0000000020c37800 JavaThread "Build operations Thread 2" [_thread_blocked, id=7976, stack(0x000000005cd80000,0x000000005ce80000)]
  0x0000000030350000 JavaThread "Build operations" [_thread_blocked, id=2200, stack(0x000000005cc80000,0x000000005cd80000)]
  0x000000003034f000 JavaThread "Cache worker for cache directory md-rule (C:\Users\TYLER\.gradle\caches\6.5\md-rule)" [_thread_blocked, id=12720, stack(0x000000005cb80000,0x000000005cc80000)]
  0x000000003034e800 JavaThread "Cache worker for cache directory md-supplier (C:\Users\TYLER\.gradle\caches\6.5\md-supplier)" [_thread_blocked, id=10480, stack(0x000000005ca80000,0x000000005cb80000)]
  0x000000003034d800 JavaThread "Cache worker for checksums cache (D:\Workspace\Calculator\.gradle\checksums)" [_thread_blocked, id=2304, stack(0x000000005c980000,0x000000005ca80000)]
  0x000000003034d000 JavaThread "Cache worker for file hash cache (D:\Workspace\Calculator\.gradle\6.5\fileHashes)" [_thread_blocked, id=9552, stack(0x000000005c880000,0x000000005c980000)]
  0x0000000030347800 JavaThread "Thread-668" [_thread_blocked, id=2220, stack(0x000000005c780000,0x000000005c880000)]
  0x0000000030345800 JavaThread "Stdin handler" [_thread_blocked, id=3948, stack(0x000000005c680000,0x000000005c780000)]
  0x000000003034b800 JavaThread "Asynchronous log dispatcher for DefaultDaemonConnection: socket connection from /127.0.0.1:52063 to /127.0.0.1:52642" [_thread_blocked, id=9388, stack(0x000000005c580000,0x000000005c680000)]
  0x000000003034a000 JavaThread "Daemon worker Thread 6" [_thread_blocked, id=5840, stack(0x000000005c480000,0x000000005c580000)]
  0x0000000030343000 JavaThread "Cancel handler" [_thread_blocked, id=10988, stack(0x000000005c380000,0x000000005c480000)]
  0x0000000030346000 JavaThread "Handler for socket connection from /127.0.0.1:52063 to /127.0.0.1:52642" [_thread_in_native, id=10992, stack(0x000000005c280000,0x000000005c380000)]
  0x0000000030341000 JavaThread "Daemon Thread 6" [_thread_blocked, id=5748, stack(0x000000005c180000,0x000000005c280000)]
  0x0000000030344800 JavaThread "Cache worker for Java compile cache (C:\Users\TYLER\.gradle\caches\6.5\javaCompile)" [_thread_blocked, id=4948, stack(0x0000000038860000,0x0000000038960000)]
  0x0000000020c31800 JavaThread "Memory manager" [_thread_blocked, id=10108, stack(0x000000002bcb0000,0x000000002bdb0000)]
  0x000000001c720000 JavaThread "Cache worker for file content cache (C:\Users\TYLER\.gradle\caches\6.5\fileContent)" [_thread_blocked, id=8656, stack(0x0000000022ea0000,0x0000000022fa0000)]
  0x000000001c719800 JavaThread "Cache worker for execution history cache (C:\Users\TYLER\.gradle\caches\6.5\executionHistory)" [_thread_blocked, id=8188, stack(0x00000000226a0000,0x00000000227a0000)]
  0x000000001c71a000 JavaThread "Cache worker for file hash cache (C:\Users\TYLER\.gradle\caches\6.5\fileHashes)" [_thread_blocked, id=12904, stack(0x000000001eb60000,0x000000001ec60000)]
  0x000000001c71c800 JavaThread "File lock request listener" [_thread_in_native, id=4384, stack(0x000000001ea60000,0x000000001eb60000)]
  0x000000001c73c000 JavaThread "Cache worker for journal cache (C:\Users\TYLER\.gradle\caches\journal-1)" [_thread_blocked, id=3036, stack(0x000000001e960000,0x000000001ea60000)]
  0x000000001c59d000 JavaThread "Daemon periodic checks" [_thread_blocked, id=11996, stack(0x000000001dc60000,0x000000001dd60000)]
  0x000000001c58c000 JavaThread "Incoming local TCP Connector on port 52063" [_thread_in_native, id=2132, stack(0x000000001da20000,0x000000001db20000)]
  0x000000001c51b800 JavaThread "Daemon health stats" [_thread_blocked, id=6976, stack(0x000000001d3e0000,0x000000001d4e0000)]
  0x0000000019ba1000 JavaThread "Service Thread" daemon [_thread_blocked, id=7336, stack(0x000000001a840000,0x000000001a940000)]
=>0x0000000019b73000 JavaThread "C1 CompilerThread3" daemon [_thread_in_native, id=12324, stack(0x000000001a740000,0x000000001a840000)]
  0x0000000019b6a800 JavaThread "C2 CompilerThread2" daemon [_thread_in_native, id=12188, stack(0x000000001a640000,0x000000001a740000)]
  0x0000000017d5c000 JavaThread "C2 CompilerThread1" daemon [_thread_in_native, id=12640, stack(0x000000001a540000,0x000000001a640000)]
  0x0000000017d5a000 JavaThread "C2 CompilerThread0" daemon [_thread_in_native, id=11120, stack(0x000000001a440000,0x000000001a540000)]
  0x0000000019b65800 JavaThread "Attach Listener" daemon [_thread_blocked, id=10124, stack(0x000000001a340000,0x000000001a440000)]
  0x0000000019b64000 JavaThread "Signal Dispatcher" daemon [_thread_blocked, id=8428, stack(0x000000001a240000,0x000000001a340000)]
  0x0000000002c9d800 JavaThread "Finalizer" daemon [_thread_blocked, id=11896, stack(0x000000001a030000,0x000000001a130000)]
  0x0000000002c97000 JavaThread "Reference Handler" daemon [_thread_blocked, id=8904, stack(0x0000000019f30000,0x000000001a030000)]
  0x0000000002a6e000 JavaThread "main" [_thread_blocked, id=1800, stack(0x0000000002a70000,0x0000000002b70000)]

Other Threads:
  0x0000000017d46000 VMThread [stack: 0x0000000019a30000,0x0000000019b30000] [id=10252]
  0x0000000019ba2000 WatcherThread [stack: 0x000000001a940000,0x000000001aa40000] [id=11108]

VM state:not at safepoint (normal execution)

VM Mutex/Monitor currently owned by a thread: None

heap address: 0x0000000080000000, size: 2048 MB, Compressed Oops mode: 32-bit
Narrow klass base: 0x0000000000000000, Narrow klass shift: 3
Compressed class space size: 1073741824 Address: 0x0000000100000000

Heap:
 PSYoungGen      total 635392K, used 341815K [0x00000000d5580000, 0x0000000100000000, 0x0000000100000000)
  eden space 592384K, 52% used [0x00000000d5580000,0x00000000e85339f8,0x00000000f9800000)
  from space 43008K, 71% used [0x00000000fd600000,0x00000000ff41a538,0x0000000100000000)
  to   space 53248K, 0% used [0x00000000f9800000,0x00000000f9800000,0x00000000fcc00000)
 ParOldGen       total 315904K, used 92439K [0x0000000080000000, 0x0000000093480000, 0x00000000d5580000)
  object space 315904K, 29% used [0x0000000080000000,0x0000000085a45fc8,0x0000000093480000)
 Metaspace       used 98509K, capacity 104386K, committed 104728K, reserved 1140736K
  class space    used 12684K, capacity 13720K, committed 13872K, reserved 1048576K

Card table byte_map: [0x0000000012070000,0x0000000012480000] byte_map_base: 0x0000000011c70000

Marking Bits: (ParMarkBitMap*) 0x0000000076c7f030
 Begin Bits: [0x0000000012f30000, 0x0000000014f30000)
 End Bits:   [0x0000000014f30000, 0x0000000016f30000)

Polling page: 0x0000000002b70000

CodeCache: size=245760Kb used=64558Kb max_used=64646Kb free=181201Kb
 bounds [0x0000000002cb0000, 0x0000000006c40000, 0x0000000011cb0000]
 total_blobs=20038 nmethods=19157 adapters=790
 compilation: enabled

Compilation events (10 events):
Event: 3231.202 Thread 0x0000000019b73000 nmethod 24064 0x0000000003369b50 code [0x0000000003369ce0, 0x000000000336a2f8]
Event: 3231.301 Thread 0x0000000019b73000 24067       2       com.android.tools.r8.code.c3::<init> (6 bytes)
Event: 3231.301 Thread 0x0000000019b73000 nmethod 24067 0x00000000043c8c10 code [0x00000000043c8d60, 0x00000000043c8ef0]
Event: 3231.313 Thread 0x0000000019b73000 24069       2       com.android.tools.r8.dex.n::a (870 bytes)
Event: 3231.319 Thread 0x0000000019b73000 nmethod 24069 0x0000000003f24d10 code [0x0000000003f251a0, 0x0000000003f26fa8]
Event: 3231.321 Thread 0x0000000019b73000 24084 %     3       com.android.tools.r8.code.v1::a @ 20 (4137 bytes)
Event: 3231.337 Thread 0x0000000017d5c000 nmethod 24022 0x0000000006c2b610 code [0x0000000006c2bf00, 0x0000000006c307e8]
Event: 3231.340 Thread 0x0000000017d5c000 24068       4       com.android.tools.r8.utils.X::c (70 bytes)
Event: 3231.347 Thread 0x0000000017d5c000 nmethod 24068 0x0000000003783d10 code [0x0000000003783e60, 0x0000000003784178]
Event: 3231.349 Thread 0x0000000017d5c000 24074 % !   4       com.android.tools.r8.graph.i0::d @ 71 (125 bytes)

GC Heap History (10 events):
Event: 32.500 GC heap before
{Heap before GC invocations=28 (full 3):
 PSYoungGen      total 656384K, used 620881K [0x00000000d5580000, 0x0000000100000000, 0x0000000100000000)
  eden space 615424K, 100% used [0x00000000d5580000,0x00000000fae80000,0x00000000fae80000)
  from space 40960K, 13% used [0x00000000fd600000,0x00000000fdb54600,0x00000000ffe00000)
  to   space 40448K, 0% used [0x00000000fae80000,0x00000000fae80000,0x00000000fd600000)
 ParOldGen       total 225792K, used 136480K [0x0000000080000000, 0x000000008dc80000, 0x00000000d5580000)
  object space 225792K, 60% used [0x0000000080000000,0x0000000088548270,0x000000008dc80000)
 Metaspace       used 90818K, capacity 96362K, committed 96664K, reserved 1132544K
  class space    used 12195K, capacity 13189K, committed 13232K, reserved 1048576K
Event: 32.523 GC heap after
Heap after GC invocations=28 (full 3):
 PSYoungGen      total 655872K, used 12029K [0x00000000d5580000, 0x00000000ffb80000, 0x0000000100000000)
  eden space 615424K, 0% used [0x00000000d5580000,0x00000000d5580000,0x00000000fae80000)
  from space 40448K, 29% used [0x00000000fae80000,0x00000000fba3f728,0x00000000fd600000)
  to   space 38400K, 0% used [0x00000000fd600000,0x00000000fd600000,0x00000000ffb80000)
 ParOldGen       total 225792K, used 137484K [0x0000000080000000, 0x000000008dc80000, 0x00000000d5580000)
  object space 225792K, 60% used [0x0000000080000000,0x0000000088643070,0x000000008dc80000)
 Metaspace       used 90818K, capacity 96362K, committed 96664K, reserved 1132544K
  class space    used 12195K, capacity 13189K, committed 13232K, reserved 1048576K
}
Event: 33.404 GC heap before
{Heap before GC invocations=29 (full 3):
 PSYoungGen      total 655872K, used 153094K [0x00000000d5580000, 0x00000000ffb80000, 0x0000000100000000)
  eden space 615424K, 22% used [0x00000000d5580000,0x00000000ddf421f0,0x00000000fae80000)
  from space 40448K, 29% used [0x00000000fae80000,0x00000000fba3f728,0x00000000fd600000)
  to   space 38400K, 0% used [0x00000000fd600000,0x00000000fd600000,0x00000000ffb80000)
 ParOldGen       total 225792K, used 137484K [0x0000000080000000, 0x000000008dc80000, 0x00000000d5580000)
  object space 225792K, 60% used [0x0000000080000000,0x0000000088643070,0x000000008dc80000)
 Metaspace       used 92739K, capacity 98546K, committed 98600K, reserved 1134592K
  class space    used 12432K, capacity 13459K, committed 13488K, reserved 1048576K
Event: 33.417 GC heap after
Heap after GC invocations=29 (full 3):
 PSYoungGen      total 655872K, used 13138K [0x00000000d5580000, 0x00000000ff900000, 0x0000000100000000)
  eden space 620032K, 0% used [0x00000000d5580000,0x00000000d5580000,0x00000000fb300000)
  from space 35840K, 36% used [0x00000000fd600000,0x00000000fe2d49c0,0x00000000ff900000)
  to   space 35840K, 0% used [0x00000000fb300000,0x00000000fb300000,0x00000000fd600000)
 ParOldGen       total 225792K, used 137492K [0x0000000080000000, 0x000000008dc80000, 0x00000000d5580000)
  object space 225792K, 60% used [0x0000000080000000,0x0000000088645070,0x000000008dc80000)
 Metaspace       used 92739K, capacity 98546K, committed 98600K, reserved 1134592K
  class space    used 12432K, capacity 13459K, committed 13488K, reserved 1048576K
}
Event: 33.417 GC heap before
{Heap before GC invocations=30 (full 4):
 PSYoungGen      total 655872K, used 13138K [0x00000000d5580000, 0x00000000ff900000, 0x0000000100000000)
  eden space 620032K, 0% used [0x00000000d5580000,0x00000000d5580000,0x00000000fb300000)
  from space 35840K, 36% used [0x00000000fd600000,0x00000000fe2d49c0,0x00000000ff900000)
  to   space 35840K, 0% used [0x00000000fb300000,0x00000000fb300000,0x00000000fd600000)
 ParOldGen       total 225792K, used 137492K [0x0000000080000000, 0x000000008dc80000, 0x00000000d5580000)
  object space 225792K, 60% used [0x0000000080000000,0x0000000088645070,0x000000008dc80000)
 Metaspace       used 92739K, capacity 98546K, committed 98600K, reserved 1134592K
  class space    used 12432K, capacity 13459K, committed 13488K, reserved 1048576K
Event: 33.587 GC heap after
Heap after GC invocations=30 (full 4):
 PSYoungGen      total 655872K, used 0K [0x00000000d5580000, 0x00000000ff900000, 0x0000000100000000)
  eden space 620032K, 0% used [0x00000000d5580000,0x00000000d5580000,0x00000000fb300000)
  from space 35840K, 0% used [0x00000000fd600000,0x00000000fd600000,0x00000000ff900000)
  to   space 35840K, 0% used [0x00000000fb300000,0x00000000fb300000,0x00000000fd600000)
 ParOldGen       total 315904K, used 63715K [0x0000000080000000, 0x0000000093480000, 0x00000000d5580000)
  object space 315904K, 20% used [0x0000000080000000,0x0000000083e38f28,0x0000000093480000)
 Metaspace       used 92134K, capacity 96904K, committed 98600K, reserved 1134592K
  class space    used 12227K, capacity 13096K, committed 13488K, reserved 1048576K
}
Event: 2893.131 GC heap before
{Heap before GC invocations=31 (full 4):
 PSYoungGen      total 655872K, used 620032K [0x00000000d5580000, 0x00000000ff900000, 0x0000000100000000)
  eden space 620032K, 100% used [0x00000000d5580000,0x00000000fb300000,0x00000000fb300000)
  from space 35840K, 0% used [0x00000000fd600000,0x00000000fd600000,0x00000000ff900000)
  to   space 35840K, 0% used [0x00000000fb300000,0x00000000fb300000,0x00000000fd600000)
 ParOldGen       total 315904K, used 63715K [0x0000000080000000, 0x0000000093480000, 0x00000000d5580000)
  object space 315904K, 20% used [0x0000000080000000,0x0000000083e38f28,0x0000000093480000)
 Metaspace       used 96765K, capacity 101974K, committed 103192K, reserved 1138688K
  class space    used 12582K, capacity 13518K, committed 13872K, reserved 1048576K
Event: 2893.262 GC heap after
Heap after GC invocations=31 (full 4):
 PSYoungGen      total 655872K, used 35836K [0x00000000d5580000, 0x0000000100000000, 0x0000000100000000)
  eden space 620032K, 0% used [0x00000000d5580000,0x00000000d5580000,0x00000000fb300000)
  from space 35840K, 99% used [0x00000000fb300000,0x00000000fd5ff240,0x00000000fd600000)
  to   space 43008K, 0% used [0x00000000fd600000,0x00000000fd600000,0x0000000100000000)
 ParOldGen       total 315904K, used 92431K [0x0000000080000000, 0x0000000093480000, 0x00000000d5580000)
  object space 315904K, 29% used [0x0000000080000000,0x0000000085a43fc8,0x0000000093480000)
 Metaspace       used 96765K, capacity 101974K, committed 103192K, reserved 1138688K
  class space    used 12582K, capacity 13518K, committed 13872K, reserved 1048576K
}
Event: 3129.908 GC heap before
{Heap before GC invocations=32 (full 4):
 PSYoungGen      total 655872K, used 655868K [0x00000000d5580000, 0x0000000100000000, 0x0000000100000000)
  eden space 620032K, 100% used [0x00000000d5580000,0x00000000fb300000,0x00000000fb300000)
  from space 35840K, 99% used [0x00000000fb300000,0x00000000fd5ff240,0x00000000fd600000)
  to   space 43008K, 0% used [0x00000000fd600000,0x00000000fd600000,0x0000000100000000)
 ParOldGen       total 315904K, used 92431K [0x0000000080000000, 0x0000000093480000, 0x00000000d5580000)
  object space 315904K, 29% used [0x0000000080000000,0x0000000085a43fc8,0x0000000093480000)
 Metaspace       used 98101K, capacity 103838K, committed 104216K, reserved 1140736K
  class space    used 12668K, capacity 13694K, committed 13872K, reserved 1048576K
Event: 3129.964 GC heap after
Heap after GC invocations=32 (full 4):
 PSYoungGen      total 635392K, used 30825K [0x00000000d5580000, 0x0000000100000000, 0x0000000100000000)
  eden space 592384K, 0% used [0x00000000d5580000,0x00000000d5580000,0x00000000f9800000)
  from space 43008K, 71% used [0x00000000fd600000,0x00000000ff41a538,0x0000000100000000)
  to   space 53248K, 0% used [0x00000000f9800000,0x00000000f9800000,0x00000000fcc00000)
 ParOldGen       total 315904K, used 92439K [0x0000000080000000, 0x0000000093480000, 0x00000000d5580000)
  object space 315904K, 29% used [0x0000000080000000,0x0000000085a45fc8,0x0000000093480000)
 Metaspace       used 98101K, capacity 103838K, committed 104216K, reserved 1140736K
  class space    used 12668K, capacity 13694K, committed 13872K, reserved 1048576K
}

Deoptimization events (10 events):
Event: 3230.459 Thread 0x00000000218c7800 Uncommon trap: reason=unstable_if action=reinterpret pc=0x000000000697c26c method=org.gradle.cache.internal.btree.BTreePersistentIndexedCache.put(Ljava/lang/Object;Ljava/lang/Object;)V @ 30
Event: 3230.459 Thread 0x00000000218c7800 Uncommon trap: reason=unstable_if action=reinterpret pc=0x00000000068fcad4 method=org.gradle.cache.internal.btree.FileBackedBlockStore$BlockImpl.hasPos()Z @ 4
Event: 3230.460 Thread 0x00000000218c7800 Uncommon trap: reason=unstable_if action=reinterpret pc=0x00000000069b0468 method=org.gradle.cache.internal.btree.BTreePersistentIndexedCache.put(Ljava/lang/Object;Ljava/lang/Object;)V @ 30
Event: 3230.464 Thread 0x000000002191a800 Uncommon trap: reason=unstable_if action=reinterpret pc=0x0000000005e11e08 method=org.objectweb.asm.ClassReader.readCode(Lorg/objectweb/asm/MethodVisitor;Lorg/objectweb/asm/Context;I)V @ 1691
Event: 3230.574 Thread 0x000000002191a800 Uncommon trap: reason=predicate action=maybe_recompile pc=0x0000000006b237fc method=java.util.ComparableTimSort.reverseRange([Ljava/lang/Object;II)V @ 8
Event: 3230.613 Thread 0x000000002191a800 Uncommon trap: reason=unstable_if action=reinterpret pc=0x0000000005cb9f38 method=com.sun.tools.javac.code.Types$19.visitClassType(Lcom/sun/tools/javac/code/Type$ClassType;Ljava/lang/Void;)Lcom/sun/tools/javac/util/List; @ 22
Event: 3230.886 Thread 0x00000000218ca800 Uncommon trap: reason=null_check action=make_not_entrant pc=0x0000000004bf4830 method=com.android.builder.desugaring.DesugaringClassAnalyzer$Visitor.visitInnerClass(Ljava/lang/String;Ljava/lang/String;Ljava/lang/String;I)V @ 5
Event: 3230.986 Thread 0x00000000218c6800 Uncommon trap: reason=bimorphic action=maybe_recompile pc=0x0000000004e336e0 method=com.android.tools.r8.q.a.a.b.S.iterator()Ljava/util/Iterator; @ 1
Event: 3230.987 Thread 0x00000000218c6800 Uncommon trap: reason=unstable_if action=reinterpret pc=0x0000000004be9328 method=java.util.concurrent.atomic.AtomicBoolean.compareAndSet(ZZ)Z @ 1
Event: 3231.318 Thread 0x00000000218d1000 Uncommon trap: reason=unstable_if action=reinterpret pc=0x000000000653bcf0 method=com.android.tools.r8.code.v1.a(Ljava/nio/ShortBuffer;IILcom/android/tools/r8/graph/h1;)[Lcom/android/tools/r8/code/u1; @ 1866

Classes redefined (0 events):
No events

Internal exceptions (10 events):
Event: 3231.030 Thread 0x00000000218c6800 Exception <a 'sun/nio/fs/WindowsException'> (0x00000000e39f6970) thrown at [C:\src\AOSP-openjdk-git\hotspot\src\share\vm\prims\jni.cpp, line 710]
Event: 3231.031 Thread 0x00000000218c6800 Exception <a 'sun/nio/fs/WindowsException'> (0x00000000e39fd968) thrown at [C:\src\AOSP-openjdk-git\hotspot\src\share\vm\prims\jni.cpp, line 710]
Event: 3231.032 Thread 0x00000000218c6800 Exception <a 'sun/nio/fs/WindowsException'> (0x00000000e3a048f0) thrown at [C:\src\AOSP-openjdk-git\hotspot\src\share\vm\prims\jni.cpp, line 710]
Event: 3231.033 Thread 0x00000000218c6800 Exception <a 'sun/nio/fs/WindowsException'> (0x00000000e3a0b890) thrown at [C:\src\AOSP-openjdk-git\hotspot\src\share\vm\prims\jni.cpp, line 710]
Event: 3231.034 Thread 0x00000000218c6800 Exception <a 'sun/nio/fs/WindowsException'> (0x00000000e3b530b8) thrown at [C:\src\AOSP-openjdk-git\hotspot\src\share\vm\prims\jni.cpp, line 710]
Event: 3231.035 Thread 0x00000000218c6800 Exception <a 'sun/nio/fs/WindowsException'> (0x00000000e3b5a060) thrown at [C:\src\AOSP-openjdk-git\hotspot\src\share\vm\prims\jni.cpp, line 710]
Event: 3231.036 Thread 0x00000000218c6800 Exception <a 'sun/nio/fs/WindowsException'> (0x00000000e3b61110) thrown at [C:\src\AOSP-openjdk-git\hotspot\src\share\vm\prims\jni.cpp, line 710]
Event: 3231.037 Thread 0x00000000218c6800 Exception <a 'sun/nio/fs/WindowsException'> (0x00000000e3b680b8) thrown at [C:\src\AOSP-openjdk-git\hotspot\src\share\vm\prims\jni.cpp, line 710]
Event: 3231.038 Thread 0x00000000218c6800 Exception <a 'sun/nio/fs/WindowsException'> (0x00000000e3b6f060) thrown at [C:\src\AOSP-openjdk-git\hotspot\src\share\vm\prims\jni.cpp, line 710]
Event: 3231.164 Thread 0x00000000218c8000 Exception <a 'sun/nio/fs/WindowsException'> (0x00000000e53a3180) thrown at [C:\src\AOSP-openjdk-git\hotspot\src\share\vm\prims\jni.cpp, line 710]

Events (10 events):
Event: 3231.308 Executing VM operation: BulkRevokeBias
Event: 3231.311 Executing VM operation: BulkRevokeBias done
Event: 3231.312 loading class com/android/tools/r8/dex/n$a
Event: 3231.312 loading class com/android/tools/r8/dex/n$a done
Event: 3231.318 Thread 0x00000000218d1000 Uncommon trap: trap_request=0xffffff65 fr.pc=0x000000000653bcf0
Event: 3231.318 Thread 0x00000000218d1000 DEOPT PACKING pc=0x000000000653bcf0 sp=0x0000000064b7f090
Event: 3231.318 Thread 0x00000000218d1000 DEOPT UNPACKING pc=0x0000000002cf557b sp=0x0000000064b7f038 mode 2
Event: 3231.319 Thread 0x0000000019b73000 flushing nmethod 0x00000000057b93d0
Event: 3231.339 Thread 0x0000000017d5c000 flushing nmethod 0x000000000601bb10
Event: 3231.347 Thread 0x0000000017d5c000 flushing nmethod 0x0000000006119990


Dynamic libraries:
0x00007ff61cc80000 - 0x00007ff61ccb1000 	C:\Program Files\Android\Android Studio\jre\bin\java.exe
0x00007ffded5c0000 - 0x00007ffded7ad000 	C:\Windows\SYSTEM32\ntdll.dll
0x00007ffdeb640000 - 0x00007ffdeb6f3000 	C:\Windows\System32\KERNEL32.DLL
0x00007ffdea500000 - 0x00007ffdea793000 	C:\Windows\System32\KERNELBASE.dll
0x00007ffdeac30000 - 0x00007ffdeacd3000 	C:\Windows\System32\ADVAPI32.dll
0x00007ffded090000 - 0x00007ffded12e000 	C:\Windows\System32\msvcrt.dll
0x00007ffded470000 - 0x00007ffded50e000 	C:\Windows\System32\sechost.dll
0x00007ffdea7f0000 - 0x00007ffdea913000 	C:\Windows\System32\RPCRT4.dll
0x00007ffdeaa60000 - 0x00007ffdeabf7000 	C:\Windows\System32\USER32.dll
0x00007ffde9860000 - 0x00007ffde9880000 	C:\Windows\System32\win32u.dll
0x00007ffdeac00000 - 0x00007ffdeac29000 	C:\Windows\System32\GDI32.dll
0x00007ffdea1b0000 - 0x00007ffdea34a000 	C:\Windows\System32\gdi32full.dll
0x00007ffdea400000 - 0x00007ffdea4a0000 	C:\Windows\System32\msvcp_win.dll
0x00007ffde9760000 - 0x00007ffde985c000 	C:\Windows\System32\ucrtbase.dll
0x00007ffdd5fd0000 - 0x00007ffdd6249000 	C:\Windows\WinSxS\amd64_microsoft.windows.common-controls_6595b64144ccf1df_6.0.17763.107_none_05b63884071e656e\COMCTL32.dll
0x00007ffded140000 - 0x00007ffded46e000 	C:\Windows\System32\combase.dll
0x00007ffde96e0000 - 0x00007ffde975e000 	C:\Windows\System32\bcryptPrimitives.dll
0x00007ffdea920000 - 0x00007ffdea94e000 	C:\Windows\System32\IMM32.DLL
0x00000000501a0000 - 0x0000000050272000 	C:\Program Files\Android\Android Studio\jre\jre\bin\msvcr100.dll
0x00000000764b0000 - 0x0000000076cfb000 	C:\Program Files\Android\Android Studio\jre\jre\bin\server\jvm.dll
0x00007ffdeae10000 - 0x00007ffdeae18000 	C:\Windows\System32\PSAPI.DLL
0x00007ffdd6f50000 - 0x00007ffdd6f59000 	C:\Windows\SYSTEM32\WSOCK32.dll
0x00007ffde3a50000 - 0x00007ffde3a5a000 	C:\Windows\SYSTEM32\VERSION.dll
0x00007ffde53c0000 - 0x00007ffde53e4000 	C:\Windows\SYSTEM32\WINMM.dll
0x00007ffdeb450000 - 0x00007ffdeb4bd000 	C:\Windows\System32\WS2_32.dll
0x00007ffde5370000 - 0x00007ffde539d000 	C:\Windows\SYSTEM32\winmmbase.dll
0x00007ffdea7a0000 - 0x00007ffdea7ea000 	C:\Windows\System32\cfgmgr32.dll
0x00007ffde56a0000 - 0x00007ffde56af000 	C:\Program Files\Android\Android Studio\jre\jre\bin\verify.dll
0x00007ffde5670000 - 0x00007ffde5699000 	C:\Program Files\Android\Android Studio\jre\jre\bin\java.dll
0x00007ffde5650000 - 0x00007ffde5666000 	C:\Program Files\Android\Android Studio\jre\jre\bin\zip.dll
0x00007ffdebac0000 - 0x00007ffdecfaf000 	C:\Windows\System32\SHELL32.dll
0x00007ffdea9b0000 - 0x00007ffdeaa58000 	C:\Windows\System32\shcore.dll
0x00007ffde9a60000 - 0x00007ffdea1a8000 	C:\Windows\System32\windows.storage.dll
0x00007ffde9600000 - 0x00007ffde9624000 	C:\Windows\System32\profapi.dll
0x00007ffde9630000 - 0x00007ffde968d000 	C:\Windows\System32\powrprof.dll
0x00007ffdecfd0000 - 0x00007ffded022000 	C:\Windows\System32\shlwapi.dll
0x00007ffde95c0000 - 0x00007ffde95d1000 	C:\Windows\System32\kernel.appcore.dll
0x00007ffde9690000 - 0x00007ffde96a7000 	C:\Windows\System32\cryptsp.dll
0x00007ffde5350000 - 0x00007ffde536a000 	C:\Program Files\Android\Android Studio\jre\jre\bin\net.dll
0x00007ffde8e50000 - 0x00007ffde8eb7000 	C:\Windows\system32\mswsock.dll
0x00007ffde5280000 - 0x00007ffde5293000 	C:\Program Files\Android\Android Studio\jre\jre\bin\nio.dll
0x00007ffdaff10000 - 0x00007ffdaff37000 	C:\Users\TYLER\.gradle\native\f6784746aeab05261644944871eae4fe03e0ef1612fff0a4a95f87b438bc6780\windows-amd64\native-platform.dll
0x00007ffde5340000 - 0x00007ffde534d000 	C:\Program Files\Android\Android Studio\jre\jre\bin\management.dll
0x00007ffde8a10000 - 0x00007ffde8a43000 	C:\Windows\system32\rsaenh.dll
0x00007ffde96b0000 - 0x00007ffde96d6000 	C:\Windows\System32\bcrypt.dll
0x00007ffde94c0000 - 0x00007ffde94e8000 	C:\Windows\SYSTEM32\USERENV.dll
0x00007ffde9020000 - 0x00007ffde902c000 	C:\Windows\SYSTEM32\CRYPTBASE.dll
0x00007ffde8bb0000 - 0x00007ffde8bed000 	C:\Windows\SYSTEM32\IPHLPAPI.DLL
0x00007ffded130000 - 0x00007ffded138000 	C:\Windows\System32\NSI.dll
0x00007ffddcc00000 - 0x00007ffddcc16000 	C:\Windows\SYSTEM32\dhcpcsvc6.DLL
0x00007ffddcf20000 - 0x00007ffddcf3c000 	C:\Windows\SYSTEM32\dhcpcsvc.DLL
0x00007ffde8bf0000 - 0x00007ffde8cb6000 	C:\Windows\SYSTEM32\DNSAPI.dll
0x00007ffddcfb0000 - 0x00007ffddcfbb000 	C:\Windows\SYSTEM32\WINNSI.DLL
0x00007ffde11d0000 - 0x00007ffde13bd000 	C:\Windows\SYSTEM32\dbghelp.dll

VM Arguments:
jvm_args: -Xmx2048m -Dfile.encoding=UTF-8 -Duser.country=US -Duser.language=en -Duser.variant 
java_command: org.gradle.launcher.daemon.bootstrap.GradleDaemon 6.5
java_class_path (initial): C:\Users\TYLER\.gradle\wrapper\dists\gradle-6.5-bin\6nifqtx7604sqp1q6g8wikw7p\gradle-6.5\lib\gradle-launcher-6.5.jar
Launcher Type: SUN_STANDARD

Environment Variables:
PATH=C:\Program Files (x86)\Common Files\Intel\Shared Libraries\redist\intel64\compiler;C:\Program Files (x86)\MiKTeX 2.8\miktex\bin;C:\Program Files\Python39\Scripts\;C:\Program Files\Python39\;C:\Program Files\Common Files\Oracle\Java\javapath;C:\Windows\system32;C:\Windows;C:\Windows\System32\Wbem;C:\Windows\System32\WindowsPowerShell\v1.0\;C:\Windows\System32\OpenSSH\;C:\Program Files\Microsoft VS Code\bin;C:\Program Files\Microsoft SQL Server\Client SDK\ODBC\170\Tools\Binn\;C:\Program Files (x86)\Microsoft SQL Server\150\Tools\Binn\;C:\Program Files\Microsoft SQL Server\150\Tools\Binn\;C:\Program Files\Microsoft SQL Server\150\DTS\Binn\;C:\Program Files\Git\cmd;C:\Program Files (x86)\Microsoft SQL Server\150\DTS\Binn\;C:\Program Files\Azure Data Studio\bin;C:\Program Files\mingw32\bin;C:\Users\TYLER\AppData\Local\Microsoft\WindowsApps;;C:\Program Files\Azure Data Studio\bin
USERNAME=TYLER
OS=Windows_NT
PROCESSOR_IDENTIFIER=Intel64 Family 6 Model 94 Stepping 3, GenuineIntel



---------------  S Y S T E M  ---------------

OS: Windows 10.0 , 64 bit Build 17763 (10.0.17763.1)

CPU:total 8 (initial active 8) (4 cores per cpu, 2 threads per core) family 6 model 94 stepping 3, cmov, cx8, fxsr, mmx, sse, sse2, sse3, ssse3, sse4.1, sse4.2, popcnt, avx, avx2, aes, clmul, erms, rtm, 3dnowpref, lzcnt, ht, tsc, tscinvbit, bmi1, bmi2, adx

Memory: 4k page, physical 16595532k(7087200k free), swap 19085900k(6839248k free)

vm_info: OpenJDK 64-Bit Server VM (25.242-b01) for windows-amd64 JRE (1.8.0_242-release-1644-b01), built by "builder" with MS VC++ 10.0 (VS2010)

time: Wed Mar 10 12:08:27 2021
timezone: SE Asia Standard Time
elapsed time: 3231 seconds (0d 0h 53m 51s)

