#
# A fatal error has been detected by the Java Runtime Environment:
#
#  EXCEPTION_ACCESS_VIOLATION (0xc0000005) at pc=0x00000000687f27b6, pid=8680, tid=0x0000000000002d50
#
# JRE version: OpenJDK Runtime Environment (8.0_242-b01) (build 1.8.0_242-release-1644-b01)
# Java VM: OpenJDK 64-Bit Server VM (25.242-b01 mixed mode windows-amd64 compressed oops)
# Problematic frame:
# V  [jvm.dll+0x4527b6]
#
# Failed to write core dump. Minidumps are not enabled by default on client versions of Windows
#
# If you would like to submit a bug report, please visit:
#   
#

---------------  T H R E A D  ---------------

Current thread (0x0000000019cfe000):  JavaThread "C2 CompilerThread2" daemon [_thread_in_native, id=11600, stack(0x000000001a7c0000,0x000000001a8c0000)]

siginfo: ExceptionCode=0xc0000005, writing address 0x00000001d349fff0

Registers:
RAX=0x0000000023f0bbb8, RBX=0x0000000030d62050, RCX=0x00000000689cf7e8, RDX=0x0000000030d85010
RSP=0x000000001a8bbb30, RBP=0x000000001a8bc090, RSI=0x0000000000000125, RDI=0x0000000030d72f50
R8 =0x0000000030c9f128, R9 =0x0000000030c9f158, R10=0x0000000000000001, R11=0x0000000030c9f160
R12=0x0000000030d72f00, R13=0x0000000030c605b0, R14=0x0000000019cfe880, R15=0x0000000030d62040
RIP=0x00000000687f27b6, EFLAGS=0x0000000000010206

Top of Stack: (sp=0x000000001a8bbb30)
0x000000001a8bbb30:   0000000030d62050 000000001a8bc090
0x000000001a8bbb40:   0000000000000000 0000000030c605b0
0x000000001a8bbb50:   0000000000000000 0000000030d62040
0x000000001a8bbb60:   00000000001464b8 0000000030d6aef0
0x000000001a8bbb70:   0000000030c605b0 0000000030d6aef0
0x000000001a8bbb80:   0000000019cfe880 00000000689df9e8
0x000000001a8bbb90:   0000000019cfe880 0000000000000200
0x000000001a8bbba0:   0000000030d12710 0000000000000001
0x000000001a8bbbb0:   000011c400000000 0000000019cfe880
0x000000001a8bbbc0:   0000000000000001 0000000023c7c9f0
0x000000001a8bbbd0:   0000000019cfe880 000000001a8bc090
0x000000001a8bbbe0:   0000000000000000 000000001a8bbd00
0x000000001a8bbbf0:   000000001a8bc0b0 00000000688366eb
0x000000001a8bbc00:   000000001a8bc090 0000000000000f5d
0x000000001a8bbc10:   0000000030d72f00 0000000030d72f50
0x000000001a8bbc20:   0000000023c7ca40 0000000023c849d8 

Instructions: (pc=0x00000000687f27b6)
0x00000000687f2796:   66 66 0f 1f 84 00 00 00 00 00 49 8b 10 49 83 c0
0x00000000687f27a6:   08 66 0f 1f 84 00 00 00 00 00 48 8b 02 8b 48 28
0x00000000687f27b6:   89 34 8b 48 8b 42 40 48 8b 52 48 48 85 c0 74 07
0x00000000687f27c6:   49 89 03 49 83 c3 08 48 85 d2 75 de 4d 3b c1 72 


Register to memory mapping:

RAX=0x0000000023f0bbb8 is an unknown value
RBX=0x0000000030d62050 is an unknown value
RCX=0x00000000689cf7e8 is an unknown value
RDX=0x0000000030d85010 is an unknown value
RSP=0x000000001a8bbb30 is pointing into the stack for thread: 0x0000000019cfe000
RBP=0x000000001a8bc090 is pointing into the stack for thread: 0x0000000019cfe000
RSI=0x0000000000000125 is an unknown value
RDI=0x0000000030d72f50 is an unknown value
R8 =0x0000000030c9f128 is an unknown value
R9 =0x0000000030c9f158 is an unknown value
R10=0x0000000000000001 is an unknown value
R11=0x0000000030c9f160 is an unknown value
R12=0x0000000030d72f00 is an unknown value
R13=0x0000000030c605b0 is an unknown value
R14=0x0000000019cfe880 is an unknown value
R15=0x0000000030d62040 is an unknown value


Stack: [0x000000001a7c0000,0x000000001a8c0000],  sp=0x000000001a8bbb30,  free space=1006k
Native frames: (J=compiled Java code, j=interpreted, Vv=VM code, C=native code)
V  [jvm.dll+0x4527b6]
V  [jvm.dll+0x4966eb]
V  [jvm.dll+0x446852]
V  [jvm.dll+0x447f14]
V  [jvm.dll+0x42b072]
V  [jvm.dll+0x8230f]
V  [jvm.dll+0x82c7f]
V  [jvm.dll+0x220b7f]
V  [jvm.dll+0x27276a]
C  [msvcr100.dll+0x21d9f]
C  [msvcr100.dll+0x21e3b]
C  [KERNEL32.DLL+0x17e94]
C  [ntdll.dll+0x67ad1]


Current CompileTask:
C2:  17795 13346 %     4       com.android.tools.r8.dex.n::a @ 312 (910 bytes)


---------------  P R O C E S S  ---------------

Java Threads: ( => current thread )
  0x000000001f7cd800 JavaThread "ForkJoinPool-2-worker-0" daemon [_thread_blocked, id=5640, stack(0x0000000032040000,0x0000000032140000)]
  0x000000001f7cc800 JavaThread "ForkJoinPool-2-worker-7" daemon [_thread_in_Java, id=7428, stack(0x0000000031f40000,0x0000000032040000)]
  0x000000001f7c5000 JavaThread "ForkJoinPool-2-worker-6" daemon [_thread_blocked, id=9016, stack(0x0000000031e40000,0x0000000031f40000)]
  0x000000001f7cb000 JavaThread "ForkJoinPool-2-worker-5" daemon [_thread_blocked, id=11268, stack(0x0000000031d40000,0x0000000031e40000)]
  0x000000001f7c8000 JavaThread "ForkJoinPool-2-worker-4" daemon [_thread_blocked, id=2568, stack(0x0000000031c40000,0x0000000031d40000)]
  0x000000001f7cc000 JavaThread "ForkJoinPool-2-worker-3" daemon [_thread_blocked, id=12068, stack(0x0000000031b40000,0x0000000031c40000)]
  0x000000001f7ca800 JavaThread "ForkJoinPool-2-worker-2" daemon [_thread_blocked, id=6620, stack(0x0000000031a40000,0x0000000031b40000)]
  0x000000001f7c9800 JavaThread "ForkJoinPool-2-worker-1" daemon [_thread_blocked, id=11652, stack(0x000000002fb30000,0x000000002fc30000)]
  0x000000001cb09800 JavaThread "WorkerExecutor Queue Thread 9" [_thread_blocked, id=9104, stack(0x000000002f430000,0x000000002f530000)]
  0x000000001cb06000 JavaThread "WorkerExecutor Queue Thread 7" [_thread_blocked, id=11316, stack(0x000000002f230000,0x000000002f330000)]
  0x000000001cb0a800 JavaThread "WorkerExecutor Queue Thread 6" [_thread_blocked, id=7056, stack(0x000000002f130000,0x000000002f230000)]
  0x000000001cb05000 JavaThread "WorkerExecutor Queue Thread 5" [_thread_blocked, id=10508, stack(0x000000002f030000,0x000000002f130000)]
  0x000000001cb09000 JavaThread "WorkerExecutor Queue Thread 4" [_thread_blocked, id=9144, stack(0x000000002ef30000,0x000000002f030000)]
  0x000000001cb08000 JavaThread "WorkerExecutor Queue Thread 3" [_thread_blocked, id=2648, stack(0x000000002ee30000,0x000000002ef30000)]
  0x000000001cafd800 JavaThread "ForkJoinPool.commonPool-worker-7" daemon [_thread_blocked, id=9396, stack(0x000000002e990000,0x000000002ea90000)]
  0x000000001cb04800 JavaThread "ForkJoinPool.commonPool-worker-5" daemon [_thread_blocked, id=7552, stack(0x000000002e790000,0x000000002e890000)]
  0x000000001cb00800 JavaThread "ForkJoinPool.commonPool-worker-4" daemon [_thread_blocked, id=5200, stack(0x000000002e690000,0x000000002e790000)]
  0x000000001cb03800 JavaThread "ForkJoinPool.commonPool-worker-3" daemon [_thread_blocked, id=7472, stack(0x000000002e590000,0x000000002e690000)]
  0x000000001cb00000 JavaThread "ForkJoinPool.commonPool-worker-2" daemon [_thread_blocked, id=6008, stack(0x000000002e490000,0x000000002e590000)]
  0x000000001cb03000 JavaThread "ForkJoinPool.commonPool-worker-1" daemon [_thread_blocked, id=9308, stack(0x000000002e390000,0x000000002e490000)]
  0x000000001fce7800 JavaThread "Cache worker for Java compile cache (D:\Workspace\Calculator\.gradle\6.5\javaCompile)" [_thread_blocked, id=8332, stack(0x000000002de90000,0x000000002df90000)]
  0x000000001fce9000 JavaThread "Cache worker for Java compile cache (C:\Users\TYLER\.gradle\caches\6.5\javaCompile)" [_thread_blocked, id=12012, stack(0x000000002dd90000,0x000000002de90000)]
  0x000000001fce7000 JavaThread "WorkerExecutor Queue Thread 2" [_thread_blocked, id=11508, stack(0x000000002da90000,0x000000002db90000)]
  0x000000001fce5800 JavaThread "stdout" [_thread_in_native, id=5760, stack(0x000000002d590000,0x000000002d690000)]
  0x000000001fce8800 JavaThread "stderr" [_thread_in_native, id=9752, stack(0x000000002d490000,0x000000002d590000)]
  0x000000001fce4800 JavaThread "pool-2-thread-1" [_thread_blocked, id=7500, stack(0x000000002d390000,0x000000002d490000)]
  0x000000001fcdd000 JavaThread "WorkerExecutor Queue" [_thread_blocked, id=3904, stack(0x000000002d290000,0x000000002d390000)]
  0x000000001fcde000 JavaThread "Cache worker for execution history cache (D:\Workspace\Calculator\.gradle\6.5\executionHistory)" [_thread_blocked, id=12236, stack(0x000000002cd90000,0x000000002ce90000)]
  0x000000001fce3000 JavaThread "Execution worker for ':' Thread 7" [_thread_blocked, id=3820, stack(0x000000002cc90000,0x000000002cd90000)]
  0x000000001fce2800 JavaThread "Execution worker for ':' Thread 6" [_thread_blocked, id=12280, stack(0x000000002cb90000,0x000000002cc90000)]
  0x000000001fcdb800 JavaThread "Execution worker for ':' Thread 5" [_thread_blocked, id=1088, stack(0x000000002ca90000,0x000000002cb90000)]
  0x000000001fcdb000 JavaThread "Execution worker for ':' Thread 4" [_thread_blocked, id=11832, stack(0x000000002c990000,0x000000002ca90000)]
  0x000000001fce1000 JavaThread "Execution worker for ':' Thread 3" [_thread_blocked, id=7488, stack(0x000000002c790000,0x000000002c890000)]
  0x000000001fce1800 JavaThread "Execution worker for ':' Thread 2" [_thread_blocked, id=12256, stack(0x000000002c690000,0x000000002c790000)]
  0x000000001fce0000 JavaThread "Execution worker for ':'" [_thread_blocked, id=10512, stack(0x000000002c590000,0x000000002c690000)]
  0x000000001fcdc800 JavaThread "Cache worker for file content cache (D:\Workspace\Calculator\.gradle\6.5\fileContent)" [_thread_blocked, id=4248, stack(0x000000002c090000,0x000000002c190000)]
  0x000000001fcda000 JavaThread "Memory manager" [_thread_blocked, id=12216, stack(0x000000002bf90000,0x000000002c090000)]
  0x0000000020039800 JavaThread "Cache worker for Build Output Cleanup Cache (D:\Workspace\Calculator\.gradle\buildOutputCleanup)" [_thread_blocked, id=5256, stack(0x000000002ae90000,0x000000002af90000)]
  0x0000000020038000 JavaThread "jar transforms Thread 92" [_thread_blocked, id=10292, stack(0x000000002ad90000,0x000000002ae90000)]
  0x000000002003a800 JavaThread "jar transforms Thread 91" [_thread_blocked, id=5616, stack(0x000000002ac90000,0x000000002ad90000)]
  0x000000002003b000 JavaThread "jar transforms Thread 90" [_thread_blocked, id=3512, stack(0x000000002ab90000,0x000000002ac90000)]
  0x0000000020036800 JavaThread "jar transforms Thread 89" [_thread_blocked, id=10600, stack(0x000000002aa90000,0x000000002ab90000)]
  0x0000000020036000 JavaThread "jar transforms Thread 88" [_thread_blocked, id=2516, stack(0x000000002a990000,0x000000002aa90000)]
  0x000000002003c000 JavaThread "jar transforms Thread 87" [_thread_blocked, id=7864, stack(0x000000002a890000,0x000000002a990000)]
  0x000000002003c800 JavaThread "jar transforms Thread 86" [_thread_blocked, id=2456, stack(0x000000002a790000,0x000000002a890000)]
  0x000000002002e800 JavaThread "jar transforms Thread 85" [_thread_blocked, id=1372, stack(0x000000002a690000,0x000000002a790000)]
  0x0000000020035000 JavaThread "jar transforms Thread 84" [_thread_blocked, id=6304, stack(0x000000002a590000,0x000000002a690000)]
  0x0000000020032000 JavaThread "jar transforms Thread 83" [_thread_blocked, id=6452, stack(0x000000002a490000,0x000000002a590000)]
  0x0000000020031800 JavaThread "jar transforms Thread 82" [_thread_blocked, id=2580, stack(0x000000002a390000,0x000000002a490000)]
  0x0000000020033800 JavaThread "jar transforms Thread 81" [_thread_blocked, id=11292, stack(0x000000002a290000,0x000000002a390000)]
  0x0000000020030800 JavaThread "jar transforms Thread 80" [_thread_blocked, id=11288, stack(0x000000002a190000,0x000000002a290000)]
  0x0000000020033000 JavaThread "jar transforms Thread 79" [_thread_blocked, id=7240, stack(0x000000002a090000,0x000000002a190000)]
  0x000000002002d800 JavaThread "jar transforms Thread 78" [_thread_blocked, id=12000, stack(0x0000000029f90000,0x000000002a090000)]
  0x000000002002f000 JavaThread "jar transforms Thread 77" [_thread_blocked, id=1048, stack(0x0000000029e90000,0x0000000029f90000)]
  0x0000000020030000 JavaThread "jar transforms Thread 76" [_thread_blocked, id=7812, stack(0x0000000029d90000,0x0000000029e90000)]
  0x0000000020034800 JavaThread "jar transforms Thread 75" [_thread_blocked, id=11368, stack(0x0000000029c90000,0x0000000029d90000)]
  0x000000001f5bd000 JavaThread "jar transforms Thread 74" [_thread_blocked, id=8232, stack(0x0000000029b90000,0x0000000029c90000)]
  0x000000001f5bc800 JavaThread "jar transforms Thread 73" [_thread_blocked, id=12132, stack(0x0000000029a90000,0x0000000029b90000)]
  0x000000001f5c1000 JavaThread "jar transforms Thread 72" [_thread_blocked, id=4796, stack(0x0000000029990000,0x0000000029a90000)]
  0x000000001f5be800 JavaThread "jar transforms Thread 71" [_thread_blocked, id=10080, stack(0x0000000029890000,0x0000000029990000)]
  0x000000001f5ba000 JavaThread "jar transforms Thread 70" [_thread_blocked, id=12212, stack(0x0000000029790000,0x0000000029890000)]
  0x000000001f5bb000 JavaThread "jar transforms Thread 69" [_thread_blocked, id=5796, stack(0x0000000029690000,0x0000000029790000)]
  0x000000001f5bf800 JavaThread "jar transforms Thread 68" [_thread_blocked, id=11824, stack(0x0000000029590000,0x0000000029690000)]
  0x000000001f5bb800 JavaThread "jar transforms Thread 67" [_thread_blocked, id=4900, stack(0x0000000029490000,0x0000000029590000)]
  0x000000001f5c0000 JavaThread "jar transforms Thread 66" [_thread_blocked, id=5196, stack(0x0000000029390000,0x0000000029490000)]
  0x000000001f5be000 JavaThread "jar transforms Thread 65" [_thread_blocked, id=7772, stack(0x0000000029290000,0x0000000029390000)]
  0x000000001f5b2800 JavaThread "jar transforms Thread 64" [_thread_blocked, id=2708, stack(0x0000000029190000,0x0000000029290000)]
  0x000000001f5b9800 JavaThread "jar transforms Thread 63" [_thread_blocked, id=12076, stack(0x0000000029090000,0x0000000029190000)]
  0x000000001f5b5800 JavaThread "jar transforms Thread 62" [_thread_blocked, id=8160, stack(0x0000000028f90000,0x0000000029090000)]
  0x000000001f5b4000 JavaThread "jar transforms Thread 61" [_thread_blocked, id=12140, stack(0x0000000028e90000,0x0000000028f90000)]
  0x000000001f5b2000 JavaThread "jar transforms Thread 60" [_thread_blocked, id=2764, stack(0x0000000028d90000,0x0000000028e90000)]
  0x000000001f5b8800 JavaThread "jar transforms Thread 59" [_thread_blocked, id=10836, stack(0x0000000028c90000,0x0000000028d90000)]
  0x000000001f5b5000 JavaThread "jar transforms Thread 58" [_thread_blocked, id=7048, stack(0x0000000028b90000,0x0000000028c90000)]
  0x000000001f5b8000 JavaThread "jar transforms Thread 57" [_thread_blocked, id=11760, stack(0x0000000028a90000,0x0000000028b90000)]
  0x000000001f5b3800 JavaThread "jar transforms Thread 56" [_thread_blocked, id=1504, stack(0x0000000028990000,0x0000000028a90000)]
  0x000000001f5b7000 JavaThread "jar transforms Thread 55" [_thread_blocked, id=11540, stack(0x0000000028890000,0x0000000028990000)]
  0x000000001f5b6800 JavaThread "jar transforms Thread 54" [_thread_blocked, id=3828, stack(0x0000000028790000,0x0000000028890000)]
  0x00000000202b6000 JavaThread "jar transforms Thread 53" [_thread_blocked, id=11572, stack(0x0000000028690000,0x0000000028790000)]
  0x00000000202b8000 JavaThread "jar transforms Thread 52" [_thread_blocked, id=628, stack(0x0000000028590000,0x0000000028690000)]
  0x00000000202bc800 JavaThread "jar transforms Thread 51" [_thread_blocked, id=11348, stack(0x0000000028490000,0x0000000028590000)]
  0x00000000202b9000 JavaThread "jar transforms Thread 50" [_thread_blocked, id=12260, stack(0x0000000028390000,0x0000000028490000)]
  0x00000000202bc000 JavaThread "jar transforms Thread 49" [_thread_blocked, id=11784, stack(0x0000000028290000,0x0000000028390000)]
  0x00000000202bb000 JavaThread "jar transforms Thread 48" [_thread_blocked, id=11304, stack(0x0000000028190000,0x0000000028290000)]
  0x00000000202b5000 JavaThread "jar transforms Thread 47" [_thread_blocked, id=11628, stack(0x0000000028090000,0x0000000028190000)]
  0x00000000202ba800 JavaThread "jar transforms Thread 46" [_thread_blocked, id=3576, stack(0x0000000027f90000,0x0000000028090000)]
  0x00000000202b9800 JavaThread "jar transforms Thread 45" [_thread_blocked, id=3560, stack(0x0000000027e90000,0x0000000027f90000)]
  0x00000000202b6800 JavaThread "jar transforms Thread 44" [_thread_blocked, id=12048, stack(0x0000000027d90000,0x0000000027e90000)]
  0x00000000202b7800 JavaThread "jar transforms Thread 43" [_thread_blocked, id=2548, stack(0x0000000027c90000,0x0000000027d90000)]
  0x00000000202ad800 JavaThread "jar transforms Thread 42" [_thread_blocked, id=7424, stack(0x0000000027b90000,0x0000000027c90000)]
  0x00000000202b4800 JavaThread "jar transforms Thread 41" [_thread_blocked, id=11384, stack(0x0000000027a90000,0x0000000027b90000)]
  0x00000000202b0000 JavaThread "jar transforms Thread 40" [_thread_blocked, id=9960, stack(0x0000000027990000,0x0000000027a90000)]
  0x00000000202b3800 JavaThread "jar transforms Thread 39" [_thread_blocked, id=1584, stack(0x0000000027890000,0x0000000027990000)]
  0x00000000202b2000 JavaThread "jar transforms Thread 38" [_thread_blocked, id=7968, stack(0x0000000027790000,0x0000000027890000)]
  0x00000000202af000 JavaThread "jar transforms Thread 37" [_thread_blocked, id=11528, stack(0x0000000027690000,0x0000000027790000)]
  0x00000000202b3000 JavaThread "jar transforms Thread 36" [_thread_blocked, id=12232, stack(0x0000000027590000,0x0000000027690000)]
  0x00000000202b1800 JavaThread "jar transforms Thread 35" [_thread_blocked, id=11828, stack(0x0000000027490000,0x0000000027590000)]
  0x00000000202b0800 JavaThread "jar transforms Thread 34" [_thread_blocked, id=11144, stack(0x0000000027390000,0x0000000027490000)]
  0x00000000202ae800 JavaThread "jar transforms Thread 33" [_thread_blocked, id=10136, stack(0x0000000027290000,0x0000000027390000)]
  0x000000001b2b4000 JavaThread "jar transforms Thread 32" [_thread_blocked, id=10476, stack(0x0000000027190000,0x0000000027290000)]
  0x000000001b2b3000 JavaThread "jar transforms Thread 31" [_thread_blocked, id=12028, stack(0x0000000027090000,0x0000000027190000)]
  0x000000001b2b2800 JavaThread "jar transforms Thread 30" [_thread_blocked, id=10188, stack(0x0000000026f90000,0x0000000027090000)]
  0x000000001b2b0000 JavaThread "jar transforms Thread 29" [_thread_blocked, id=10852, stack(0x0000000026e90000,0x0000000026f90000)]
  0x000000001b2b1000 JavaThread "jar transforms Thread 28" [_thread_blocked, id=11656, stack(0x0000000026d90000,0x0000000026e90000)]
  0x000000001b2b1800 JavaThread "jar transforms Thread 27" [_thread_blocked, id=7848, stack(0x0000000026c90000,0x0000000026d90000)]
  0x000000001b2af800 JavaThread "jar transforms Thread 26" [_thread_blocked, id=800, stack(0x0000000026b90000,0x0000000026c90000)]
  0x000000001b2b4800 JavaThread "jar transforms Thread 25" [_thread_blocked, id=10132, stack(0x0000000026a90000,0x0000000026b90000)]
  0x000000001b2a8800 JavaThread "jar transforms Thread 24" [_thread_blocked, id=5468, stack(0x0000000026990000,0x0000000026a90000)]
  0x000000001b2ae800 JavaThread "jar transforms Thread 23" [_thread_blocked, id=7496, stack(0x0000000026890000,0x0000000026990000)]
  0x000000001b2ad000 JavaThread "jar transforms Thread 22" [_thread_blocked, id=7456, stack(0x0000000026790000,0x0000000026890000)]
  0x000000001b2ac800 JavaThread "jar transforms Thread 21" [_thread_blocked, id=3456, stack(0x0000000026690000,0x0000000026790000)]
  0x000000001b2a8000 JavaThread "jar transforms Thread 20" [_thread_blocked, id=4540, stack(0x0000000026590000,0x0000000026690000)]
  0x000000001b2ae000 JavaThread "jar transforms Thread 19" [_thread_blocked, id=8200, stack(0x0000000026490000,0x0000000026590000)]
  0x000000001b2ab800 JavaThread "jar transforms Thread 18" [_thread_blocked, id=3760, stack(0x0000000026390000,0x0000000026490000)]
  0x000000001b2ab000 JavaThread "jar transforms Thread 17" [_thread_blocked, id=4508, stack(0x0000000026290000,0x0000000026390000)]
  0x000000001b2a5800 JavaThread "jar transforms Thread 16" [_thread_blocked, id=11664, stack(0x0000000026190000,0x0000000026290000)]
  0x000000001b2a6800 JavaThread "jar transforms Thread 15" [_thread_blocked, id=4176, stack(0x0000000026090000,0x0000000026190000)]
  0x000000001b2aa000 JavaThread "jar transforms Thread 14" [_thread_blocked, id=12168, stack(0x0000000025f90000,0x0000000026090000)]
  0x000000001b2a9800 JavaThread "jar transforms Thread 13" [_thread_blocked, id=4140, stack(0x0000000025e90000,0x0000000025f90000)]
  0x000000001b2a7000 JavaThread "jar transforms Thread 12" [_thread_blocked, id=1760, stack(0x0000000025d90000,0x0000000025e90000)]
  0x00000000204a1000 JavaThread "jar transforms Thread 11" [_thread_blocked, id=10220, stack(0x0000000025c90000,0x0000000025d90000)]
  0x00000000204a3800 JavaThread "jar transforms Thread 10" [_thread_blocked, id=11744, stack(0x0000000025b90000,0x0000000025c90000)]
  0x00000000204a2000 JavaThread "jar transforms Thread 9" [_thread_blocked, id=2956, stack(0x0000000025a90000,0x0000000025b90000)]
  0x00000000204a2800 JavaThread "jar transforms Thread 8" [_thread_blocked, id=7264, stack(0x0000000025990000,0x0000000025a90000)]
  0x00000000204a0800 JavaThread "jar transforms Thread 7" [_thread_blocked, id=11668, stack(0x0000000025890000,0x0000000025990000)]
  0x0000000020499000 JavaThread "jar transforms Thread 6" [_thread_blocked, id=6052, stack(0x0000000025790000,0x0000000025890000)]
  0x000000002049f000 JavaThread "jar transforms Thread 5" [_thread_blocked, id=2304, stack(0x0000000025690000,0x0000000025790000)]
  0x000000002049c800 JavaThread "jar transforms Thread 4" [_thread_blocked, id=11904, stack(0x0000000025590000,0x0000000025690000)]
  0x000000002049f800 JavaThread "jar transforms Thread 3" [_thread_blocked, id=6256, stack(0x0000000025490000,0x0000000025590000)]
  0x000000002049c000 JavaThread "jar transforms Thread 2" [_thread_blocked, id=11660, stack(0x0000000025390000,0x0000000025490000)]
  0x000000002049e000 JavaThread "Build operations Thread 8" [_thread_blocked, id=1644, stack(0x0000000025100000,0x0000000025200000)]
  0x000000002049d800 JavaThread "Build operations Thread 7" [_thread_blocked, id=11464, stack(0x0000000025000000,0x0000000025100000)]
  0x0000000020496800 JavaThread "Build operations Thread 6" [_thread_blocked, id=1964, stack(0x0000000024f00000,0x0000000025000000)]
  0x0000000020496000 JavaThread "Build operations Thread 5" [_thread_blocked, id=11836, stack(0x0000000024e00000,0x0000000024f00000)]
  0x0000000020499800 JavaThread "Build operations Thread 4" [_thread_blocked, id=10424, stack(0x0000000024d00000,0x0000000024e00000)]
  0x000000002049b000 JavaThread "Build operations Thread 3" [_thread_blocked, id=10160, stack(0x0000000024c00000,0x0000000024d00000)]
  0x0000000020497800 JavaThread "Build operations Thread 2" [_thread_blocked, id=11404, stack(0x0000000024b00000,0x0000000024c00000)]
  0x000000002049a800 JavaThread "Build operations" [_thread_blocked, id=10636, stack(0x0000000024a00000,0x0000000024b00000)]
  0x000000001c8eb800 JavaThread "Cache worker for file content cache (C:\Users\TYLER\.gradle\caches\6.5\fileContent)" [_thread_blocked, id=576, stack(0x0000000022fd0000,0x00000000230d0000)]
  0x000000001c8ea800 JavaThread "jar transforms" [_thread_blocked, id=6936, stack(0x0000000022ed0000,0x0000000022fd0000)]
  0x000000001c8ea000 JavaThread "Cache worker for execution history cache (C:\Users\TYLER\.gradle\caches\6.5\executionHistory)" [_thread_blocked, id=5840, stack(0x0000000022dd0000,0x0000000022ed0000)]
  0x000000001c8e9000 JavaThread "Cache worker for cache directory md-rule (C:\Users\TYLER\.gradle\caches\6.5\md-rule)" [_thread_blocked, id=5080, stack(0x0000000022cd0000,0x0000000022dd0000)]
  0x000000001c8e8800 JavaThread "Cache worker for cache directory md-supplier (C:\Users\TYLER\.gradle\caches\6.5\md-supplier)" [_thread_blocked, id=7720, stack(0x0000000022bd0000,0x0000000022cd0000)]
  0x000000001c8e5800 JavaThread "Cache worker for checksums cache (D:\Workspace\Calculator\.gradle\checksums)" [_thread_blocked, id=9512, stack(0x0000000022ad0000,0x0000000022bd0000)]
  0x000000001c8e6000 JavaThread "Cache worker for file hash cache (D:\Workspace\Calculator\.gradle\6.5\fileHashes)" [_thread_blocked, id=11676, stack(0x00000000229d0000,0x0000000022ad0000)]
  0x000000001c8e7800 JavaThread "Cache worker for file hash cache (C:\Users\TYLER\.gradle\caches\6.5\fileHashes)" [_thread_blocked, id=9896, stack(0x000000001ece0000,0x000000001ede0000)]
  0x000000001c8e7000 JavaThread "File lock request listener" [_thread_in_native, id=11888, stack(0x000000001ebe0000,0x000000001ece0000)]
  0x000000001ca10800 JavaThread "Cache worker for journal cache (C:\Users\TYLER\.gradle\caches\journal-1)" [_thread_blocked, id=12204, stack(0x000000001eae0000,0x000000001ebe0000)]
  0x000000001c871800 JavaThread "Thread-9" [_thread_blocked, id=6232, stack(0x000000001e7e0000,0x000000001e8e0000)]
  0x000000001c88d800 JavaThread "Stdin handler" [_thread_blocked, id=11636, stack(0x000000001e6e0000,0x000000001e7e0000)]
  0x000000001c89b800 JavaThread "Asynchronous log dispatcher for DefaultDaemonConnection: socket connection from /127.0.0.1:50204 to /127.0.0.1:50205" [_thread_blocked, id=10856, stack(0x000000001e5e0000,0x000000001e6e0000)]
  0x000000001c883800 JavaThread "Daemon worker" [_thread_blocked, id=11456, stack(0x000000001e4e0000,0x000000001e5e0000)]
  0x000000001c882800 JavaThread "Cancel handler" [_thread_blocked, id=4468, stack(0x000000001e2e0000,0x000000001e3e0000)]
  0x000000001c818800 JavaThread "Handler for socket connection from /127.0.0.1:50204 to /127.0.0.1:50205" [_thread_in_native, id=10204, stack(0x000000001e1e0000,0x000000001e2e0000)]
  0x000000001c815800 JavaThread "Daemon" [_thread_blocked, id=4292, stack(0x000000001dee0000,0x000000001dfe0000)]
  0x000000001c814800 JavaThread "Daemon periodic checks" [_thread_blocked, id=12188, stack(0x000000001dde0000,0x000000001dee0000)]
  0x000000001c7d8800 JavaThread "Incoming local TCP Connector on port 50204" [_thread_in_native, id=3416, stack(0x000000001dba0000,0x000000001dca0000)]
  0x000000001c711000 JavaThread "Daemon health stats" [_thread_blocked, id=12156, stack(0x000000001d560000,0x000000001d660000)]
  0x0000000019d8e800 JavaThread "Service Thread" daemon [_thread_blocked, id=12224, stack(0x000000001a9c0000,0x000000001aac0000)]
  0x0000000019d06000 JavaThread "C1 CompilerThread3" daemon [_thread_blocked, id=4692, stack(0x000000001a8c0000,0x000000001a9c0000)]
=>0x0000000019cfe000 JavaThread "C2 CompilerThread2" daemon [_thread_in_native, id=11600, stack(0x000000001a7c0000,0x000000001a8c0000)]
  0x0000000017edd000 JavaThread "C2 CompilerThread1" daemon [_thread_in_native, id=11864, stack(0x000000001a6c0000,0x000000001a7c0000)]
  0x0000000017edb000 JavaThread "C2 CompilerThread0" daemon [_thread_in_native, id=4436, stack(0x000000001a5c0000,0x000000001a6c0000)]
  0x0000000019cf3000 JavaThread "Attach Listener" daemon [_thread_blocked, id=7068, stack(0x000000001a4c0000,0x000000001a5c0000)]
  0x0000000019cf2800 JavaThread "Signal Dispatcher" daemon [_thread_blocked, id=4536, stack(0x000000001a3c0000,0x000000001a4c0000)]
  0x0000000019ce0800 JavaThread "Finalizer" daemon [_thread_blocked, id=11176, stack(0x000000001a1c0000,0x000000001a2c0000)]
  0x0000000002e58000 JavaThread "Reference Handler" daemon [_thread_blocked, id=11484, stack(0x000000001a0c0000,0x000000001a1c0000)]
  0x00000000013fe000 JavaThread "main" [_thread_blocked, id=7060, stack(0x0000000002c60000,0x0000000002d60000)]

Other Threads:
  0x0000000017ec6800 VMThread [stack: 0x0000000019bc0000,0x0000000019cc0000] [id=1548]
  0x0000000019d90000 WatcherThread [stack: 0x000000001aac0000,0x000000001abc0000] [id=6636]

VM state:not at safepoint (normal execution)

VM Mutex/Monitor currently owned by a thread: None

heap address: 0x0000000080000000, size: 2048 MB, Compressed Oops mode: 32-bit
Narrow klass base: 0x0000000000000000, Narrow klass shift: 3
Compressed class space size: 1073741824 Address: 0x0000000100000000

Heap:
 PSYoungGen      total 289280K, used 76959K [0x00000000d5580000, 0x00000000ea200000, 0x0000000100000000)
  eden space 256512K, 17% used [0x00000000d5580000,0x00000000d80ad680,0x00000000e5000000)
  from space 32768K, 99% used [0x00000000e7500000,0x00000000e94fa638,0x00000000e9500000)
  to   space 37888K, 0% used [0x00000000e5000000,0x00000000e5000000,0x00000000e7500000)
 ParOldGen       total 225280K, used 78405K [0x0000000080000000, 0x000000008dc00000, 0x00000000d5580000)
  object space 225280K, 34% used [0x0000000080000000,0x0000000084c916a0,0x000000008dc00000)
 Metaspace       used 88395K, capacity 94344K, committed 94488K, reserved 1130496K
  class space    used 12214K, capacity 13358K, committed 13360K, reserved 1048576K

Card table byte_map: [0x0000000012220000,0x0000000012630000] byte_map_base: 0x0000000011e20000

Marking Bits: (ParMarkBitMap*) 0x0000000068b6f030
 Begin Bits: [0x00000000130e0000, 0x00000000150e0000)
 End Bits:   [0x00000000150e0000, 0x00000000170e0000)

Polling page: 0x00000000013c0000

CodeCache: size=245760Kb used=36493Kb max_used=36493Kb free=209266Kb
 bounds [0x0000000002e60000, 0x0000000005230000, 0x0000000011e60000]
 total_blobs=12268 nmethods=11405 adapters=774
 compilation: enabled

Compilation events (10 events):
Event: 17.765 Thread 0x0000000019d06000 nmethod 13411 0x0000000005219710 code [0x0000000005219cc0, 0x000000000521dd48]
Event: 17.765 Thread 0x0000000019d06000 13415       3       com.android.tools.r8.graph.u::c (163 bytes)
Event: 17.767 Thread 0x0000000019d06000 nmethod 13415 0x0000000004944010 code [0x0000000004944280, 0x0000000004945348]
Event: 17.767 Thread 0x0000000019d06000 13416       1       com.android.tools.r8.graph.J$a::hashCode (10 bytes)
Event: 17.767 Thread 0x0000000019d06000 nmethod 13416 0x0000000004943d50 code [0x0000000004943ea0, 0x0000000004943fb0]
Event: 17.767 Thread 0x0000000019d06000 13413       3       com.android.tools.r8.graph.l0$l::k (2 bytes)
Event: 17.767 Thread 0x0000000019d06000 nmethod 13413 0x0000000004943a10 code [0x0000000004943b60, 0x0000000004943cb0]
Event: 17.767 Thread 0x0000000019d06000 13414       3       com.android.tools.r8.utils.O0::b (6 bytes)
Event: 17.767 Thread 0x0000000019d06000 nmethod 13414 0x00000000049436d0 code [0x0000000004943820, 0x0000000004943990]
Event: 17.767 Thread 0x0000000019d06000 13417       3       java.util.SubList$1::<init> (41 bytes)

GC Heap History (10 events):
Event: 8.304 GC heap before
{Heap before GC invocations=13 (full 3):
 PSYoungGen      total 202240K, used 16881K [0x00000000d5580000, 0x00000000e4c80000, 0x0000000100000000)
  eden space 185344K, 0% used [0x00000000d5580000,0x00000000d5580000,0x00000000e0a80000)
  from space 16896K, 99% used [0x00000000e1d00000,0x00000000e2d7c5a8,0x00000000e2d80000)
  to   space 18944K, 0% used [0x00000000e0a80000,0x00000000e0a80000,0x00000000e1d00000)
 ParOldGen       total 150528K, used 26669K [0x0000000080000000, 0x0000000089300000, 0x00000000d5580000)
  object space 150528K, 17% used [0x0000000080000000,0x0000000081a0b428,0x0000000089300000)
 Metaspace       used 56738K, capacity 59106K, committed 59160K, reserved 1099776K
  class space    used 7768K, capacity 8216K, committed 8240K, reserved 1048576K
Event: 8.517 GC heap after
Heap after GC invocations=13 (full 3):
 PSYoungGen      total 202240K, used 0K [0x00000000d5580000, 0x00000000e4c80000, 0x0000000100000000)
  eden space 185344K, 0% used [0x00000000d5580000,0x00000000d5580000,0x00000000e0a80000)
  from space 16896K, 0% used [0x00000000e1d00000,0x00000000e1d00000,0x00000000e2d80000)
  to   space 18944K, 0% used [0x00000000e0a80000,0x00000000e0a80000,0x00000000e1d00000)
 ParOldGen       total 225280K, used 31816K [0x0000000080000000, 0x000000008dc00000, 0x00000000d5580000)
  object space 225280K, 14% used [0x0000000080000000,0x0000000081f12390,0x000000008dc00000)
 Metaspace       used 56697K, capacity 58968K, committed 59160K, reserved 1099776K
  class space    used 7756K, capacity 8193K, committed 8240K, reserved 1048576K
}
Event: 10.458 GC heap before
{Heap before GC invocations=14 (full 3):
 PSYoungGen      total 202240K, used 185344K [0x00000000d5580000, 0x00000000e4c80000, 0x0000000100000000)
  eden space 185344K, 100% used [0x00000000d5580000,0x00000000e0a80000,0x00000000e0a80000)
  from space 16896K, 0% used [0x00000000e1d00000,0x00000000e1d00000,0x00000000e2d80000)
  to   space 18944K, 0% used [0x00000000e0a80000,0x00000000e0a80000,0x00000000e1d00000)
 ParOldGen       total 225280K, used 31816K [0x0000000080000000, 0x000000008dc00000, 0x00000000d5580000)
  object space 225280K, 14% used [0x0000000080000000,0x0000000081f12390,0x000000008dc00000)
 Metaspace       used 64525K, capacity 67766K, committed 67992K, reserved 1107968K
  class space    used 8939K, capacity 9546K, committed 9648K, reserved 1048576K
Event: 10.482 GC heap after
Heap after GC invocations=14 (full 3):
 PSYoungGen      total 204288K, used 18921K [0x00000000d5580000, 0x00000000e6000000, 0x0000000100000000)
  eden space 185344K, 0% used [0x00000000d5580000,0x00000000d5580000,0x00000000e0a80000)
  from space 18944K, 99% used [0x00000000e0a80000,0x00000000e1cfa4c0,0x00000000e1d00000)
  to   space 25088K, 0% used [0x00000000e4780000,0x00000000e4780000,0x00000000e6000000)
 ParOldGen       total 225280K, used 42148K [0x0000000080000000, 0x000000008dc00000, 0x00000000d5580000)
  object space 225280K, 18% used [0x0000000080000000,0x00000000829291d0,0x000000008dc00000)
 Metaspace       used 64525K, capacity 67766K, committed 67992K, reserved 1107968K
  class space    used 8939K, capacity 9546K, committed 9648K, reserved 1048576K
}
Event: 13.562 GC heap before
{Heap before GC invocations=15 (full 3):
 PSYoungGen      total 204288K, used 204265K [0x00000000d5580000, 0x00000000e6000000, 0x0000000100000000)
  eden space 185344K, 100% used [0x00000000d5580000,0x00000000e0a80000,0x00000000e0a80000)
  from space 18944K, 99% used [0x00000000e0a80000,0x00000000e1cfa4c0,0x00000000e1d00000)
  to   space 25088K, 0% used [0x00000000e4780000,0x00000000e4780000,0x00000000e6000000)
 ParOldGen       total 225280K, used 42148K [0x0000000080000000, 0x000000008dc00000, 0x00000000d5580000)
  object space 225280K, 18% used [0x0000000080000000,0x00000000829291d0,0x000000008dc00000)
 Metaspace       used 69424K, capacity 72992K, committed 73240K, reserved 1112064K
  class space    used 9528K, capacity 10183K, committed 10288K, reserved 1048576K
Event: 13.581 GC heap after
Heap after GC invocations=15 (full 3):
 PSYoungGen      total 240640K, used 25081K [0x00000000d5580000, 0x00000000e6a00000, 0x0000000100000000)
  eden space 215552K, 0% used [0x00000000d5580000,0x00000000d5580000,0x00000000e2800000)
  from space 25088K, 99% used [0x00000000e4780000,0x00000000e5ffe4d0,0x00000000e6000000)
  to   space 32256K, 0% used [0x00000000e2800000,0x00000000e2800000,0x00000000e4780000)
 ParOldGen       total 225280K, used 52093K [0x0000000080000000, 0x000000008dc00000, 0x00000000d5580000)
  object space 225280K, 23% used [0x0000000080000000,0x00000000832df698,0x000000008dc00000)
 Metaspace       used 69424K, capacity 72992K, committed 73240K, reserved 1112064K
  class space    used 9528K, capacity 10183K, committed 10288K, reserved 1048576K
}
Event: 15.222 GC heap before
{Heap before GC invocations=16 (full 3):
 PSYoungGen      total 240640K, used 240633K [0x00000000d5580000, 0x00000000e6a00000, 0x0000000100000000)
  eden space 215552K, 100% used [0x00000000d5580000,0x00000000e2800000,0x00000000e2800000)
  from space 25088K, 99% used [0x00000000e4780000,0x00000000e5ffe4d0,0x00000000e6000000)
  to   space 32256K, 0% used [0x00000000e2800000,0x00000000e2800000,0x00000000e4780000)
 ParOldGen       total 225280K, used 52093K [0x0000000080000000, 0x000000008dc00000, 0x00000000d5580000)
  object space 225280K, 23% used [0x0000000080000000,0x00000000832df698,0x000000008dc00000)
 Metaspace       used 77113K, capacity 80866K, committed 81048K, reserved 1120256K
  class space    used 10402K, capacity 11087K, committed 11184K, reserved 1048576K
Event: 15.272 GC heap after
Heap after GC invocations=16 (full 3):
 PSYoungGen      total 247808K, used 21634K [0x00000000d5580000, 0x00000000e9500000, 0x0000000100000000)
  eden space 215552K, 0% used [0x00000000d5580000,0x00000000d5580000,0x00000000e2800000)
  from space 32256K, 67% used [0x00000000e2800000,0x00000000e3d20b20,0x00000000e4780000)
  to   space 32768K, 0% used [0x00000000e7500000,0x00000000e7500000,0x00000000e9500000)
 ParOldGen       total 225280K, used 77193K [0x0000000080000000, 0x000000008dc00000, 0x00000000d5580000)
  object space 225280K, 34% used [0x0000000080000000,0x0000000084b62660,0x000000008dc00000)
 Metaspace       used 77113K, capacity 80866K, committed 81048K, reserved 1120256K
  class space    used 10402K, capacity 11087K, committed 11184K, reserved 1048576K
}
Event: 17.241 GC heap before
{Heap before GC invocations=17 (full 3):
 PSYoungGen      total 247808K, used 237186K [0x00000000d5580000, 0x00000000e9500000, 0x0000000100000000)
  eden space 215552K, 100% used [0x00000000d5580000,0x00000000e2800000,0x00000000e2800000)
  from space 32256K, 67% used [0x00000000e2800000,0x00000000e3d20b20,0x00000000e4780000)
  to   space 32768K, 0% used [0x00000000e7500000,0x00000000e7500000,0x00000000e9500000)
 ParOldGen       total 225280K, used 77193K [0x0000000080000000, 0x000000008dc00000, 0x00000000d5580000)
  object space 225280K, 34% used [0x0000000080000000,0x0000000084b62660,0x000000008dc00000)
 Metaspace       used 87674K, capacity 93540K, committed 93592K, reserved 1130496K
  class space    used 12088K, capacity 13222K, committed 13232K, reserved 1048576K
Event: 17.292 GC heap after
Heap after GC invocations=17 (full 3):
 PSYoungGen      total 289280K, used 32745K [0x00000000d5580000, 0x00000000ea200000, 0x0000000100000000)
  eden space 256512K, 0% used [0x00000000d5580000,0x00000000d5580000,0x00000000e5000000)
  from space 32768K, 99% used [0x00000000e7500000,0x00000000e94fa638,0x00000000e9500000)
  to   space 37888K, 0% used [0x00000000e5000000,0x00000000e5000000,0x00000000e7500000)
 ParOldGen       total 225280K, used 78405K [0x0000000080000000, 0x000000008dc00000, 0x00000000d5580000)
  object space 225280K, 34% used [0x0000000080000000,0x0000000084c916a0,0x000000008dc00000)
 Metaspace       used 87674K, capacity 93540K, committed 93592K, reserved 1130496K
  class space    used 12088K, capacity 13222K, committed 13232K, reserved 1048576K
}

Deoptimization events (10 events):
Event: 17.481 Thread 0x000000001fce7000 Uncommon trap: reason=unstable_if action=reinterpret pc=0x000000000470a764 method=com.android.tools.r8.q.a.b.l.d.a(Ljava/lang/Object;Z)Lcom/android/tools/r8/q/a/b/l/f; @ 15
Event: 17.530 Thread 0x000000001f7cc000 Uncommon trap: reason=class_check action=maybe_recompile pc=0x0000000004bea10c method=com.android.tools.r8.dex.n.a(ILjava/util/function/Supplier;)Ljava/lang/Object; @ 33
Event: 17.530 Thread 0x000000001f7cb000 Uncommon trap: reason=class_check action=maybe_recompile pc=0x0000000004bea10c method=com.android.tools.r8.dex.n.a(ILjava/util/function/Supplier;)Ljava/lang/Object; @ 33
Event: 17.531 Thread 0x000000001f7cc000 Uncommon trap: reason=class_check action=maybe_recompile pc=0x0000000004bea10c method=com.android.tools.r8.dex.n.a(ILjava/util/function/Supplier;)Ljava/lang/Object; @ 33
Event: 17.531 Thread 0x000000001f7ca800 Uncommon trap: reason=unstable_if action=reinterpret pc=0x0000000004bea184 method=com.android.tools.r8.dex.n.a(ILjava/util/function/Supplier;)Ljava/lang/Object; @ 1
Event: 17.560 Thread 0x000000001f7c8000 Uncommon trap: reason=unstable_if action=reinterpret pc=0x00000000037d1af0 method=java.util.Arrays.hashCode([Ljava/lang/Object;)I @ 1
Event: 17.560 Thread 0x000000001f7ca800 Uncommon trap: reason=unstable_if action=reinterpret pc=0x00000000037d1af0 method=java.util.Arrays.hashCode([Ljava/lang/Object;)I @ 1
Event: 17.560 Thread 0x000000001f7ca800 Uncommon trap: reason=unstable_if action=reinterpret pc=0x0000000004082310 method=java.util.concurrent.ConcurrentLinkedQueue.offer(Ljava/lang/Object;)Z @ 40
Event: 17.652 Thread 0x000000001f7cc800 Uncommon trap: reason=unstable_if action=reinterpret pc=0x000000000492b69c method=com.android.tools.r8.dex.n.i()Lcom/android/tools/r8/graph/l0; @ 54
Event: 17.708 Thread 0x000000001f7cc800 Uncommon trap: reason=unstable_if action=reinterpret pc=0x0000000004771b00 method=com.android.tools.r8.graph.g0.computeEquals(Ljava/lang/Object;)Z @ 37

Classes redefined (0 events):
No events

Internal exceptions (10 events):
Event: 16.065 Thread 0x000000001cb09000 Exception <a 'java/lang/NoSuchMethodError': java.lang.Object.lambda$maxBy$1(Ljava/util/Comparator;Ljava/lang/Object;Ljava/lang/Object;)Ljava/lang/Object;> (0x00000000dd573208) thrown at [C:\src\AOSP-openjdk-git\hotspot\src\share\vm\interpreter\linkResolve
Event: 16.419 Thread 0x000000001cb08000 Exception <a 'java/lang/NoSuchMethodError': java.lang.Object.b(Lcom/android/tools/r8/graph/p1$b;)Lcom/android/tools/r8/graph/p1$b;> (0x00000000df2a70f0) thrown at [C:\src\AOSP-openjdk-git\hotspot\src\share\vm\interpreter\linkResolver.cpp, line 620]
Event: 16.927 Thread 0x000000001cb08000 Exception <a 'sun/nio/fs/WindowsException'> (0x00000000e120ab48) thrown at [C:\src\AOSP-openjdk-git\hotspot\src\share\vm\prims\jni.cpp, line 710]
Event: 16.932 Thread 0x000000001cb08000 Exception <a 'sun/nio/fs/WindowsException'> (0x00000000e121eae8) thrown at [C:\src\AOSP-openjdk-git\hotspot\src\share\vm\prims\jni.cpp, line 710]
Event: 16.942 Thread 0x000000001cb08000 Exception <a 'sun/nio/fs/WindowsException'> (0x00000000e1323ea0) thrown at [C:\src\AOSP-openjdk-git\hotspot\src\share\vm\prims\jni.cpp, line 710]
Event: 16.944 Thread 0x000000001cb08000 Exception <a 'sun/nio/fs/WindowsException'> (0x00000000e132bd78) thrown at [C:\src\AOSP-openjdk-git\hotspot\src\share\vm\prims\jni.cpp, line 710]
Event: 17.116 Thread 0x000000001fce3000 Exception <a 'java/lang/NoSuchMethodError': <clinit>> (0x00000000e1572eb8) thrown at [C:\src\AOSP-openjdk-git\hotspot\src\share\vm\prims\jni.cpp, line 1615]
Event: 17.210 Thread 0x000000001fce7000 Exception <a 'sun/nio/fs/WindowsException'> (0x00000000e1d38030) thrown at [C:\src\AOSP-openjdk-git\hotspot\src\share\vm\prims\jni.cpp, line 710]
Event: 17.560 Thread 0x000000001f7c8000 Implicit null exception at 0x00000000037d19ef to 0x00000000037d1ae1
Event: 17.560 Thread 0x000000001f7ca800 Implicit null exception at 0x00000000037d19ef to 0x00000000037d1ae1

Events (10 events):
Event: 17.586 loading class com/android/tools/r8/graph/J$e
Event: 17.586 loading class com/android/tools/r8/graph/J$e done
Event: 17.588 loading class com/android/tools/r8/graph/J$e
Event: 17.588 loading class com/android/tools/r8/graph/J$e done
Event: 17.652 Thread 0x000000001f7cc800 Uncommon trap: trap_request=0xffffff65 fr.pc=0x000000000492b69c
Event: 17.652 Thread 0x000000001f7cc800 DEOPT PACKING pc=0x000000000492b69c sp=0x000000003203f000
Event: 17.652 Thread 0x000000001f7cc800 DEOPT UNPACKING pc=0x0000000002ea557b sp=0x000000003203efc0 mode 2
Event: 17.708 Thread 0x000000001f7cc800 Uncommon trap: trap_request=0xffffff65 fr.pc=0x0000000004771b00
Event: 17.708 Thread 0x000000001f7cc800 DEOPT PACKING pc=0x0000000004771b00 sp=0x000000003203ef80
Event: 17.708 Thread 0x000000001f7cc800 DEOPT UNPACKING pc=0x0000000002ea557b sp=0x000000003203ef28 mode 2


Dynamic libraries:
0x00007ff66e800000 - 0x00007ff66e831000 	C:\Program Files\Android\Android Studio\jre\bin\java.exe
0x00007ffbda700000 - 0x00007ffbda8ed000 	C:\Windows\SYSTEM32\ntdll.dll
0x00007ffbd9de0000 - 0x00007ffbd9e93000 	C:\Windows\System32\KERNEL32.DLL
0x00007ffbd7640000 - 0x00007ffbd78d3000 	C:\Windows\System32\KERNELBASE.dll
0x00007ffbda470000 - 0x00007ffbda513000 	C:\Windows\System32\ADVAPI32.dll
0x00007ffbda520000 - 0x00007ffbda5be000 	C:\Windows\System32\msvcrt.dll
0x00007ffbda630000 - 0x00007ffbda6ce000 	C:\Windows\System32\sechost.dll
0x00007ffbd7c10000 - 0x00007ffbd7d33000 	C:\Windows\System32\RPCRT4.dll
0x00007ffbd9eb0000 - 0x00007ffbda047000 	C:\Windows\System32\USER32.dll
0x00007ffbd7190000 - 0x00007ffbd71b0000 	C:\Windows\System32\win32u.dll
0x00007ffbda180000 - 0x00007ffbda1a9000 	C:\Windows\System32\GDI32.dll
0x00007ffbd67f0000 - 0x00007ffbd698a000 	C:\Windows\System32\gdi32full.dll
0x00007ffbd73f0000 - 0x00007ffbd7490000 	C:\Windows\System32\msvcp_win.dll
0x00007ffbd74c0000 - 0x00007ffbd75bc000 	C:\Windows\System32\ucrtbase.dll
0x00007ffbc2130000 - 0x00007ffbc23a9000 	C:\Windows\WinSxS\amd64_microsoft.windows.common-controls_6595b64144ccf1df_6.0.17763.107_none_05b63884071e656e\COMCTL32.dll
0x00007ffbd80c0000 - 0x00007ffbd83ee000 	C:\Windows\System32\combase.dll
0x00007ffbd75c0000 - 0x00007ffbd763e000 	C:\Windows\System32\bcryptPrimitives.dll
0x00007ffbda430000 - 0x00007ffbda45e000 	C:\Windows\System32\IMM32.DLL
0x000000006a7f0000 - 0x000000006a8c2000 	C:\Program Files\Android\Android Studio\jre\jre\bin\msvcr100.dll
0x00000000683a0000 - 0x0000000068beb000 	C:\Program Files\Android\Android Studio\jre\jre\bin\server\jvm.dll
0x00007ffbda420000 - 0x00007ffbda428000 	C:\Windows\System32\PSAPI.DLL
0x00007ffbc3c70000 - 0x00007ffbc3c79000 	C:\Windows\SYSTEM32\WSOCK32.dll
0x00007ffbd0b30000 - 0x00007ffbd0b3a000 	C:\Windows\SYSTEM32\VERSION.dll
0x00007ffbd1870000 - 0x00007ffbd1894000 	C:\Windows\SYSTEM32\WINMM.dll
0x00007ffbda5c0000 - 0x00007ffbda62d000 	C:\Windows\System32\WS2_32.dll
0x00007ffbd17f0000 - 0x00007ffbd181d000 	C:\Windows\SYSTEM32\WINMMBASE.dll
0x00007ffbd78e0000 - 0x00007ffbd792a000 	C:\Windows\System32\cfgmgr32.dll
0x00007ffbd2b60000 - 0x00007ffbd2b6f000 	C:\Program Files\Android\Android Studio\jre\jre\bin\verify.dll
0x00007ffbd2a80000 - 0x00007ffbd2aa9000 	C:\Program Files\Android\Android Studio\jre\jre\bin\java.dll
0x00007ffbd2230000 - 0x00007ffbd2246000 	C:\Program Files\Android\Android Studio\jre\jre\bin\zip.dll
0x00007ffbd83f0000 - 0x00007ffbd98df000 	C:\Windows\System32\SHELL32.dll
0x00007ffbd7b60000 - 0x00007ffbd7c08000 	C:\Windows\System32\shcore.dll
0x00007ffbd6a40000 - 0x00007ffbd7188000 	C:\Windows\System32\windows.storage.dll
0x00007ffbd67a0000 - 0x00007ffbd67c4000 	C:\Windows\System32\profapi.dll
0x00007ffbd6740000 - 0x00007ffbd679d000 	C:\Windows\System32\powrprof.dll
0x00007ffbd7d40000 - 0x00007ffbd7d92000 	C:\Windows\System32\shlwapi.dll
0x00007ffbd6700000 - 0x00007ffbd6711000 	C:\Windows\System32\kernel.appcore.dll
0x00007ffbd67d0000 - 0x00007ffbd67e7000 	C:\Windows\System32\cryptsp.dll
0x00007ffbd1970000 - 0x00007ffbd198a000 	C:\Program Files\Android\Android Studio\jre\jre\bin\net.dll
0x00007ffbd5f90000 - 0x00007ffbd5ff7000 	C:\Windows\system32\mswsock.dll
0x00007ffbd1950000 - 0x00007ffbd1963000 	C:\Program Files\Android\Android Studio\jre\jre\bin\nio.dll
0x00007ffbd31f0000 - 0x00007ffbd3217000 	C:\Users\TYLER\.gradle\native\f6784746aeab05261644944871eae4fe03e0ef1612fff0a4a95f87b438bc6780\windows-amd64\native-platform.dll
0x00007ffbd2a70000 - 0x00007ffbd2a7d000 	C:\Program Files\Android\Android Studio\jre\jre\bin\management.dll
0x00007ffbd5b50000 - 0x00007ffbd5b83000 	C:\Windows\system32\rsaenh.dll
0x00007ffbd7490000 - 0x00007ffbd74b6000 	C:\Windows\System32\bcrypt.dll
0x00007ffbd6630000 - 0x00007ffbd6658000 	C:\Windows\SYSTEM32\USERENV.dll
0x00007ffbd6160000 - 0x00007ffbd616c000 	C:\Windows\SYSTEM32\CRYPTBASE.dll
0x00007ffbd5cf0000 - 0x00007ffbd5d2d000 	C:\Windows\SYSTEM32\IPHLPAPI.DLL
0x00007ffbda460000 - 0x00007ffbda468000 	C:\Windows\System32\NSI.dll
0x00007ffbc9e50000 - 0x00007ffbc9e66000 	C:\Windows\SYSTEM32\dhcpcsvc6.DLL
0x00007ffbc9e30000 - 0x00007ffbc9e4c000 	C:\Windows\SYSTEM32\dhcpcsvc.DLL
0x00007ffbd5d30000 - 0x00007ffbd5df6000 	C:\Windows\SYSTEM32\DNSAPI.dll
0x00007ffbca040000 - 0x00007ffbca04b000 	C:\Windows\SYSTEM32\WINNSI.DLL
0x00007ffbc39e0000 - 0x00007ffbc3bcd000 	C:\Windows\SYSTEM32\dbghelp.dll

VM Arguments:
jvm_args: -Xmx2048m -Dfile.encoding=UTF-8 -Duser.country=US -Duser.language=en -Duser.variant 
java_command: org.gradle.launcher.daemon.bootstrap.GradleDaemon 6.5
java_class_path (initial): C:\Users\TYLER\.gradle\wrapper\dists\gradle-6.5-bin\6nifqtx7604sqp1q6g8wikw7p\gradle-6.5\lib\gradle-launcher-6.5.jar
Launcher Type: SUN_STANDARD

Environment Variables:
PATH=C:\Program Files (x86)\Common Files\Intel\Shared Libraries\redist\intel64\compiler;C:\Program Files (x86)\MiKTeX 2.8\miktex\bin;C:\Program Files\Python39\Scripts\;C:\Program Files\Python39\;C:\Program Files\Common Files\Oracle\Java\javapath;C:\Windows\system32;C:\Windows;C:\Windows\System32\Wbem;C:\Windows\System32\WindowsPowerShell\v1.0\;C:\Windows\System32\OpenSSH\;C:\Program Files\Microsoft VS Code\bin;C:\Program Files\Microsoft SQL Server\Client SDK\ODBC\170\Tools\Binn\;C:\Program Files (x86)\Microsoft SQL Server\150\Tools\Binn\;C:\Program Files\Microsoft SQL Server\150\Tools\Binn\;C:\Program Files\Microsoft SQL Server\150\DTS\Binn\;C:\Program Files\Git\cmd;C:\Program Files (x86)\Microsoft SQL Server\150\DTS\Binn\;C:\Program Files\Azure Data Studio\bin;C:\Program Files\mingw32\bin;C:\Users\TYLER\AppData\Local\Microsoft\WindowsApps;;C:\Program Files\Azure Data Studio\bin
USERNAME=TYLER
OS=Windows_NT
PROCESSOR_IDENTIFIER=Intel64 Family 6 Model 94 Stepping 3, GenuineIntel



---------------  S Y S T E M  ---------------

OS: Windows 10.0 , 64 bit Build 17763 (10.0.17763.1)

CPU:total 8 (initial active 8) (4 cores per cpu, 2 threads per core) family 6 model 94 stepping 3, cmov, cx8, fxsr, mmx, sse, sse2, sse3, ssse3, sse4.1, sse4.2, popcnt, avx, avx2, aes, clmul, erms, rtm, 3dnowpref, lzcnt, ht, tsc, tscinvbit, bmi1, bmi2, adx

Memory: 4k page, physical 16595532k(7694812k free), swap 19085900k(7850808k free)

vm_info: OpenJDK 64-Bit Server VM (25.242-b01) for windows-amd64 JRE (1.8.0_242-release-1644-b01), built by "builder" with MS VC++ 10.0 (VS2010)

time: Thu Mar 11 21:30:41 2021
timezone: SE Asia Standard Time
elapsed time: 17 seconds (0d 0h 0m 17s)

