#
# A fatal error has been detected by the Java Runtime Environment:
#
#  EXCEPTION_ACCESS_VIOLATION (0xc0000005) at pc=0x000000006842b7b0, pid=10780, tid=0x000000000000147c
#
# JRE version: OpenJDK Runtime Environment (8.0_242-b01) (build 1.8.0_242-release-1644-b01)
# Java VM: OpenJDK 64-Bit Server VM (25.242-b01 mixed mode windows-amd64 compressed oops)
# Problematic frame:
# V  [jvm.dll+0x8b7b0]
#
# Failed to write core dump. Minidumps are not enabled by default on client versions of Windows
#
# If you would like to submit a bug report, please visit:
#   
#

---------------  T H R E A D  ---------------

Current thread (0x000000000253e800):  GCTaskThread [stack: 0x0000000012580000,0x0000000012680000] [id=5244]

siginfo: ExceptionCode=0xc0000005, reading address 0x000000040308e508

Registers:
RAX=0x0000000012980000, RBX=0x0000000080611c90, RCX=0x0000000080611c90, RDX=0x000000040308e500
RSP=0x000000001267f528, RBP=0x0000000002613a00, RSI=0x0000000080650a70, RDI=0x0000000080611c90
R8 =0x000000000000308e, R9 =0x0000000000000000, R10=0x000000000000000c, R11=0x0000000000000000
R12=0x0000000080650b00, R13=0x0000000000000024, R14=0x0000000080650a60, R15=0x0000000000000024
RIP=0x000000006842b7b0, EFLAGS=0x0000000000010206

Top of Stack: (sp=0x000000001267f528)
0x000000001267f528:   0000000068487837 000000008046a2d8
0x000000001267f538:   000000006876d9d8 0000000068b6f030
0x000000001267f548:   0000000000000008 0000000080611c90
0x000000001267f558:   00000000684b5aca 0000000000000821
0x000000001267f568:   000000006848f9d6 000000008046a2d8
0x000000001267f578:   000000008046a2c4 0000000002613a00
0x000000001267f588:   00000000684b5bd3 0000000000000000
0x000000001267f598:   00000000000003d8 000000000253ef78
0x000000001267f5a8:   00000000025c7780 0000000000000821
0x000000001267f5b8:   0000000068769af0 0000000002613a00
0x000000001267f5c8:   00000000025321b0 000000000253eba0
0x000000001267f5d8:   000000000253eba0 0000000000000000
0x000000001267f5e8:   0000000000000c00 0000000000000000
0x000000001267f5f8:   0000000000000000 0000000000000000
0x000000001267f608:   000000001c217800 0000000000000001
0x000000001267f618:   0000000000000001 000016815b2fbb3c 

Instructions: (pc=0x000000006842b7b0)
0x000000006842b790:   1c 8f 1d 00 48 8b 9c 24 c0 00 00 00 48 81 c4 b0
0x000000006842b7a0:   00 00 00 5d c3 cc cc cc cc cc cc cc cc cc cc cc
0x000000006842b7b0:   44 8b 42 08 4c 8b ca 45 85 c0 7e 0e 41 f6 c0 01
0x000000006842b7c0:   75 57 41 c1 f8 03 41 8b c0 c3 79 4d 80 3d 7e 97 


Register to memory mapping:

RAX=0x0000000012980000 is an unknown value
RBX=0x0000000080611c90 is pointing into object: 0x0000000080611c68
java.lang.Class$ReflectionData 
 - klass: 'java/lang/Class$ReflectionData'
RCX=0x0000000080611c90 is pointing into object: 0x0000000080611c68
java.lang.Class$ReflectionData 
 - klass: 'java/lang/Class$ReflectionData'
RDX=0x000000040308e500 is an unknown value
RSP=0x000000001267f528 is an unknown value
RBP=0x0000000002613a00 is an unknown value
RSI=0x0000000080650a70 is pointing into object: 0x0000000080650a60
[Ljava.io.ObjectStreamField; 
 - klass: 'java/io/ObjectStreamField'[]
 - length: 36
RDI=0x0000000080611c90 is pointing into object: 0x0000000080611c68
java.lang.Class$ReflectionData 
 - klass: 'java/lang/Class$ReflectionData'
R8 =0x000000000000308e is an unknown value
R9 =0x0000000000000000 is an unknown value
R10=0x000000000000000c is an unknown value
R11=0x0000000000000000 is an unknown value
R12=0x0000000080650b00 is an oop
java.io.ObjectStreamField 
 - klass: 'java/io/ObjectStreamField'
R13=0x0000000000000024 is an unknown value
R14=0x0000000080650a60 is an oop
[Ljava.io.ObjectStreamField; 
 - klass: 'java/io/ObjectStreamField'[]
 - length: 36
R15=0x0000000000000024 is an unknown value


Stack: [0x0000000012580000,0x0000000012680000],  sp=0x000000001267f528,  free space=1021k
Native frames: (J=compiled Java code, j=interpreted, Vv=VM code, C=native code)
V  [jvm.dll+0x8b7b0]


---------------  P R O C E S S  ---------------

Java Threads: ( => current thread )
  0x000000001c217800 JavaThread "Cache worker for file content cache (C:\Users\TYLER\.gradle\caches\6.5\fileContent)" [_thread_blocked, id=11700, stack(0x0000000022a60000,0x0000000022b60000)]
  0x000000001c217000 JavaThread "jar transforms" [_thread_blocked, id=11376, stack(0x0000000022960000,0x0000000022a60000)]
  0x000000001c216000 JavaThread "Cache worker for execution history cache (C:\Users\TYLER\.gradle\caches\6.5\executionHistory)" [_thread_blocked, id=10504, stack(0x0000000022660000,0x0000000022760000)]
  0x000000001c215000 JavaThread "Cache worker for cache directory md-rule (C:\Users\TYLER\.gradle\caches\6.5\md-rule)" [_thread_blocked, id=5708, stack(0x0000000022560000,0x0000000022660000)]
  0x000000001c21b800 JavaThread "Cache worker for cache directory md-supplier (C:\Users\TYLER\.gradle\caches\6.5\md-supplier)" [_thread_blocked, id=12060, stack(0x0000000022460000,0x0000000022560000)]
  0x000000001c21a000 JavaThread "Cache worker for checksums cache (D:\Workspace\Calculator\.gradle\checksums)" [_thread_blocked, id=5096, stack(0x0000000022360000,0x0000000022460000)]
  0x000000001c21a800 JavaThread "Cache worker for file hash cache (D:\Workspace\Calculator\.gradle\6.5\fileHashes)" [_thread_blocked, id=1772, stack(0x0000000022260000,0x0000000022360000)]
  0x000000001c219000 JavaThread "Cache worker for file hash cache (C:\Users\TYLER\.gradle\caches\6.5\fileHashes)" [_thread_blocked, id=9824, stack(0x000000001e570000,0x000000001e670000)]
  0x000000001c21c000 JavaThread "File lock request listener" [_thread_in_native, id=6996, stack(0x000000001e470000,0x000000001e570000)]
  0x000000001a524000 JavaThread "Cache worker for journal cache (C:\Users\TYLER\.gradle\caches\journal-1)" [_thread_blocked, id=2492, stack(0x000000001e370000,0x000000001e470000)]
  0x000000001c146800 JavaThread "Thread-9" [_thread_blocked, id=6664, stack(0x000000001e070000,0x000000001e170000)]
  0x000000001c109800 JavaThread "Stdin handler" [_thread_blocked, id=12176, stack(0x000000001df70000,0x000000001e070000)]
  0x000000001c14f000 JavaThread "Asynchronous log dispatcher for DefaultDaemonConnection: socket connection from /127.0.0.1:50239 to /127.0.0.1:50240" [_thread_blocked, id=12148, stack(0x000000001de70000,0x000000001df70000)]
  0x000000001c147800 JavaThread "Daemon worker" [_thread_blocked, id=3276, stack(0x000000001dd70000,0x000000001de70000)]
  0x000000001c149000 JavaThread "Cancel handler" [_thread_blocked, id=9924, stack(0x000000001db70000,0x000000001dc70000)]
  0x000000001c0f6800 JavaThread "Handler for socket connection from /127.0.0.1:50239 to /127.0.0.1:50240" [_thread_in_native, id=12004, stack(0x000000001da70000,0x000000001db70000)]
  0x000000001c08e800 JavaThread "Daemon" [_thread_blocked, id=9928, stack(0x000000001d970000,0x000000001da70000)]
  0x000000001c098000 JavaThread "Daemon periodic checks" [_thread_blocked, id=11460, stack(0x000000001d670000,0x000000001d770000)]
  0x000000001bfee000 JavaThread "Incoming local TCP Connector on port 50239" [_thread_in_native, id=11544, stack(0x000000001d430000,0x000000001d530000)]
  0x000000001c013800 JavaThread "Daemon health stats" [_thread_blocked, id=8636, stack(0x000000001cdf0000,0x000000001cef0000)]
  0x000000001961c800 JavaThread "Service Thread" daemon [_thread_blocked, id=3492, stack(0x000000001a250000,0x000000001a350000)]
  0x000000001959f800 JavaThread "C1 CompilerThread3" daemon [_thread_blocked, id=10804, stack(0x000000001a150000,0x000000001a250000)]
  0x0000000019595800 JavaThread "C2 CompilerThread2" daemon [_thread_blocked, id=8284, stack(0x000000001a050000,0x000000001a150000)]
  0x000000001777e000 JavaThread "C2 CompilerThread1" daemon [_thread_in_native, id=6788, stack(0x0000000019f50000,0x000000001a050000)]
  0x000000001777c000 JavaThread "C2 CompilerThread0" daemon [_thread_in_native, id=1640, stack(0x0000000019e50000,0x0000000019f50000)]
  0x0000000019584000 JavaThread "Attach Listener" daemon [_thread_blocked, id=10776, stack(0x0000000019d50000,0x0000000019e50000)]
  0x0000000019586000 JavaThread "Signal Dispatcher" daemon [_thread_blocked, id=9624, stack(0x0000000019c50000,0x0000000019d50000)]
  0x000000000261e000 JavaThread "Finalizer" daemon [_thread_blocked, id=9172, stack(0x0000000019a50000,0x0000000019b50000)]
  0x0000000002617000 JavaThread "Reference Handler" daemon [_thread_blocked, id=12228, stack(0x0000000019950000,0x0000000019a50000)]
  0x00000000026fe000 JavaThread "main" [_thread_blocked, id=2572, stack(0x00000000023f0000,0x00000000024f0000)]

Other Threads:
  0x0000000017766000 VMThread [stack: 0x0000000019450000,0x0000000019550000] [id=8096]
  0x000000001961d000 WatcherThread [stack: 0x000000001a350000,0x000000001a450000] [id=1948]

=>0x000000000253e800 (exited) GCTaskThread [stack: 0x0000000012580000,0x0000000012680000] [id=5244]

VM state:at safepoint (normal execution)

VM Mutex/Monitor currently owned by a thread:  ([mutex/lock_event])
[0x00000000026fca70] Threads_lock - owner thread: 0x0000000017766000
[0x00000000026fd7f0] Heap_lock - owner thread: 0x000000001c147800

heap address: 0x0000000080000000, size: 2048 MB, Compressed Oops mode: 32-bit
Narrow klass base: 0x0000000000000000, Narrow klass shift: 3
Compressed class space size: 1073741824 Address: 0x0000000100000000

Heap:
 PSYoungGen      total 117248K, used 7997K [0x00000000d5580000, 0x00000000e1b00000, 0x0000000100000000)
  eden space 105472K, 0% used [0x00000000d5580000,0x00000000d5580000,0x00000000dbc80000)
  from space 11776K, 67% used [0x00000000dbc80000,0x00000000dc44f530,0x00000000dc800000)
  to   space 11776K, 0% used [0x00000000e0f80000,0x00000000e0f80000,0x00000000e1b00000)
 ParOldGen       total 94720K, used 7209K [0x0000000080000000, 0x0000000085c80000, 0x00000000d5580000)
  object space 94720K, 7% used [0x0000000080000000,0x000000008070a450,0x0000000085c80000)
 Metaspace       used 34305K, capacity 35464K, committed 35496K, reserved 1079296K
  class space    used 4710K, capacity 5003K, committed 5032K, reserved 1048576K

Card table byte_map: [0x0000000011ac0000,0x0000000011ed0000] byte_map_base: 0x00000000116c0000

Marking Bits: (ParMarkBitMap*) 0x0000000068b6f030
 Begin Bits: [0x0000000012980000, 0x0000000014980000)
 End Bits:   [0x0000000014980000, 0x0000000016980000)

Polling page: 0x0000000000670000

CodeCache: size=245760Kb used=10449Kb max_used=10449Kb free=235310Kb
 bounds [0x0000000002700000, 0x0000000003140000, 0x0000000011700000]
 total_blobs=3397 nmethods=2710 adapters=600
 compilation: enabled

Compilation events (10 events):

[error occurred during error reporting (printing ring buffers), id 0xc0000005]

Dynamic libraries:
0x00007ff66e800000 - 0x00007ff66e831000 	C:\Program Files\Android\Android Studio\jre\bin\java.exe
0x00007ffbda700000 - 0x00007ffbda8ed000 	C:\Windows\SYSTEM32\ntdll.dll
0x00007ffbd9de0000 - 0x00007ffbd9e93000 	C:\Windows\System32\KERNEL32.DLL
0x00007ffbd7640000 - 0x00007ffbd78d3000 	C:\Windows\System32\KERNELBASE.dll
0x00007ffbda470000 - 0x00007ffbda513000 	C:\Windows\System32\ADVAPI32.dll
0x00007ffbda520000 - 0x00007ffbda5be000 	C:\Windows\System32\msvcrt.dll
0x00007ffbda630000 - 0x00007ffbda6ce000 	C:\Windows\System32\sechost.dll
0x00007ffbd7c10000 - 0x00007ffbd7d33000 	C:\Windows\System32\RPCRT4.dll
0x00007ffbd9eb0000 - 0x00007ffbda047000 	C:\Windows\System32\USER32.dll
0x00007ffbd7190000 - 0x00007ffbd71b0000 	C:\Windows\System32\win32u.dll
0x00007ffbda180000 - 0x00007ffbda1a9000 	C:\Windows\System32\GDI32.dll
0x00007ffbd67f0000 - 0x00007ffbd698a000 	C:\Windows\System32\gdi32full.dll
0x00007ffbd73f0000 - 0x00007ffbd7490000 	C:\Windows\System32\msvcp_win.dll
0x00007ffbd74c0000 - 0x00007ffbd75bc000 	C:\Windows\System32\ucrtbase.dll
0x00007ffbc2130000 - 0x00007ffbc23a9000 	C:\Windows\WinSxS\amd64_microsoft.windows.common-controls_6595b64144ccf1df_6.0.17763.107_none_05b63884071e656e\COMCTL32.dll
0x00007ffbd80c0000 - 0x00007ffbd83ee000 	C:\Windows\System32\combase.dll
0x00007ffbd75c0000 - 0x00007ffbd763e000 	C:\Windows\System32\bcryptPrimitives.dll
0x00007ffbda430000 - 0x00007ffbda45e000 	C:\Windows\System32\IMM32.DLL
0x000000006a7f0000 - 0x000000006a8c2000 	C:\Program Files\Android\Android Studio\jre\jre\bin\msvcr100.dll
0x00000000683a0000 - 0x0000000068beb000 	C:\Program Files\Android\Android Studio\jre\jre\bin\server\jvm.dll
0x00007ffbda420000 - 0x00007ffbda428000 	C:\Windows\System32\PSAPI.DLL
0x00007ffbc3c70000 - 0x00007ffbc3c79000 	C:\Windows\SYSTEM32\WSOCK32.dll
0x00007ffbd0b30000 - 0x00007ffbd0b3a000 	C:\Windows\SYSTEM32\VERSION.dll
0x00007ffbd1870000 - 0x00007ffbd1894000 	C:\Windows\SYSTEM32\WINMM.dll
0x00007ffbda5c0000 - 0x00007ffbda62d000 	C:\Windows\System32\WS2_32.dll
0x00007ffbd17f0000 - 0x00007ffbd181d000 	C:\Windows\SYSTEM32\WINMMBASE.dll
0x00007ffbd78e0000 - 0x00007ffbd792a000 	C:\Windows\System32\cfgmgr32.dll
0x00007ffbd2b60000 - 0x00007ffbd2b6f000 	C:\Program Files\Android\Android Studio\jre\jre\bin\verify.dll
0x00007ffbd2a80000 - 0x00007ffbd2aa9000 	C:\Program Files\Android\Android Studio\jre\jre\bin\java.dll
0x00007ffbd2230000 - 0x00007ffbd2246000 	C:\Program Files\Android\Android Studio\jre\jre\bin\zip.dll
0x00007ffbd83f0000 - 0x00007ffbd98df000 	C:\Windows\System32\SHELL32.dll
0x00007ffbd7b60000 - 0x00007ffbd7c08000 	C:\Windows\System32\shcore.dll
0x00007ffbd6a40000 - 0x00007ffbd7188000 	C:\Windows\System32\windows.storage.dll
0x00007ffbd67a0000 - 0x00007ffbd67c4000 	C:\Windows\System32\profapi.dll
0x00007ffbd6740000 - 0x00007ffbd679d000 	C:\Windows\System32\powrprof.dll
0x00007ffbd7d40000 - 0x00007ffbd7d92000 	C:\Windows\System32\shlwapi.dll
0x00007ffbd6700000 - 0x00007ffbd6711000 	C:\Windows\System32\kernel.appcore.dll
0x00007ffbd67d0000 - 0x00007ffbd67e7000 	C:\Windows\System32\cryptsp.dll
0x00007ffbd1970000 - 0x00007ffbd198a000 	C:\Program Files\Android\Android Studio\jre\jre\bin\net.dll
0x00007ffbd5f90000 - 0x00007ffbd5ff7000 	C:\Windows\system32\mswsock.dll
0x00007ffbd1950000 - 0x00007ffbd1963000 	C:\Program Files\Android\Android Studio\jre\jre\bin\nio.dll
0x00007ffbd31f0000 - 0x00007ffbd3217000 	C:\Users\TYLER\.gradle\native\f6784746aeab05261644944871eae4fe03e0ef1612fff0a4a95f87b438bc6780\windows-amd64\native-platform.dll
0x00007ffbd2a70000 - 0x00007ffbd2a7d000 	C:\Program Files\Android\Android Studio\jre\jre\bin\management.dll
0x00007ffbd5b50000 - 0x00007ffbd5b83000 	C:\Windows\system32\rsaenh.dll
0x00007ffbd7490000 - 0x00007ffbd74b6000 	C:\Windows\System32\bcrypt.dll
0x00007ffbd6630000 - 0x00007ffbd6658000 	C:\Windows\SYSTEM32\USERENV.dll
0x00007ffbd6160000 - 0x00007ffbd616c000 	C:\Windows\SYSTEM32\CRYPTBASE.dll
0x00007ffbd5cf0000 - 0x00007ffbd5d2d000 	C:\Windows\SYSTEM32\IPHLPAPI.DLL
0x00007ffbda460000 - 0x00007ffbda468000 	C:\Windows\System32\NSI.dll
0x00007ffbc9e50000 - 0x00007ffbc9e66000 	C:\Windows\SYSTEM32\dhcpcsvc6.DLL
0x00007ffbc9e30000 - 0x00007ffbc9e4c000 	C:\Windows\SYSTEM32\dhcpcsvc.DLL
0x00007ffbd5d30000 - 0x00007ffbd5df6000 	C:\Windows\SYSTEM32\DNSAPI.dll
0x00007ffbca040000 - 0x00007ffbca04b000 	C:\Windows\SYSTEM32\WINNSI.DLL
0x00007ffbc39e0000 - 0x00007ffbc3bcd000 	C:\Windows\SYSTEM32\dbghelp.dll

VM Arguments:
jvm_args: -Xmx2048m -Dfile.encoding=UTF-8 -Duser.country=US -Duser.language=en -Duser.variant 
java_command: org.gradle.launcher.daemon.bootstrap.GradleDaemon 6.5
java_class_path (initial): C:\Users\TYLER\.gradle\wrapper\dists\gradle-6.5-bin\6nifqtx7604sqp1q6g8wikw7p\gradle-6.5\lib\gradle-launcher-6.5.jar
Launcher Type: SUN_STANDARD

Environment Variables:
PATH=C:\Program Files (x86)\Common Files\Intel\Shared Libraries\redist\intel64\compiler;C:\Program Files (x86)\MiKTeX 2.8\miktex\bin;C:\Program Files\Python39\Scripts\;C:\Program Files\Python39\;C:\Program Files\Common Files\Oracle\Java\javapath;C:\Windows\system32;C:\Windows;C:\Windows\System32\Wbem;C:\Windows\System32\WindowsPowerShell\v1.0\;C:\Windows\System32\OpenSSH\;C:\Program Files\Microsoft VS Code\bin;C:\Program Files\Microsoft SQL Server\Client SDK\ODBC\170\Tools\Binn\;C:\Program Files (x86)\Microsoft SQL Server\150\Tools\Binn\;C:\Program Files\Microsoft SQL Server\150\Tools\Binn\;C:\Program Files\Microsoft SQL Server\150\DTS\Binn\;C:\Program Files\Git\cmd;C:\Program Files (x86)\Microsoft SQL Server\150\DTS\Binn\;C:\Program Files\Azure Data Studio\bin;C:\Program Files\mingw32\bin;C:\Users\TYLER\AppData\Local\Microsoft\WindowsApps;;C:\Program Files\Azure Data Studio\bin
USERNAME=TYLER
OS=Windows_NT
PROCESSOR_IDENTIFIER=Intel64 Family 6 Model 94 Stepping 3, GenuineIntel



---------------  S Y S T E M  ---------------

OS: Windows 10.0 , 64 bit Build 17763 (10.0.17763.1)

CPU:total 8 (initial active 8) (4 cores per cpu, 2 threads per core) family 6 model 94 stepping 3, cmov, cx8, fxsr, mmx, sse, sse2, sse3, ssse3, sse4.1, sse4.2, popcnt, avx, avx2, aes, clmul, erms, rtm, 3dnowpref, lzcnt, ht, tsc, tscinvbit, bmi1, bmi2, adx

Memory: 4k page, physical 16595532k(8092464k free), swap 19085900k(8256916k free)

vm_info: OpenJDK 64-Bit Server VM (25.242-b01) for windows-amd64 JRE (1.8.0_242-release-1644-b01), built by "builder" with MS VC++ 10.0 (VS2010)

time: Thu Mar 11 21:30:52 2021
timezone: SE Asia Standard Time
elapsed time: 4 seconds (0d 0h 0m 4s)

