#
# A fatal error has been detected by the Java Runtime Environment:
#
#  EXCEPTION_ACCESS_VIOLATION (0xc0000005) at pc=0x000000005ff14703, pid=12720, tid=0x00000000000040f4
#
# JRE version: OpenJDK Runtime Environment (8.0_242-b01) (build 1.8.0_242-release-1644-b01)
# Java VM: OpenJDK 64-Bit Server VM (25.242-b01 mixed mode windows-amd64 compressed oops)
# Problematic frame:
# V  [jvm.dll+0x54703]
#
# Failed to write core dump. Minidumps are not enabled by default on client versions of Windows
#
# If you would like to submit a bug report, please visit:
#   
#

---------------  T H R E A D  ---------------

Current thread (0x0000000017fc6000):  VMThread [stack: 0x0000000019ce0000,0x0000000019de0000] [id=16628]

siginfo: ExceptionCode=0xc0000005, reading address 0x0000000000040010

Registers:
RAX=0x00000000604ddc20, RBX=0x0000000000040000, RCX=0x0000000002e60b50, RDX=0x00000000dcabdbe0
RSP=0x0000000019ddf5e0, RBP=0x0000000019ddf780, RSI=0x0000000019ddf670, RDI=0x000000001fdabf50
R8 =0x00000000d5580000, R9 =0x000000000000ea6d, R10=0x00000000546c6148, R11=0x0000000019ddf638
R12=0x0000000000000008, R13=0x000000000005c9d0, R14=0x000000000005c9d0, R15=0x0000000060651b58
RIP=0x000000005ff14703, EFLAGS=0x0000000000010206

Top of Stack: (sp=0x0000000019ddf5e0)
0x0000000019ddf5e0:   0000000002e60b50 0000000000000000
0x0000000019ddf5f0:   0000000060651a30 0000000000000000
0x0000000019ddf600:   0000000000003133 000000006012c338
0x0000000019ddf610:   0000000002e60b50 0000000000000000
0x0000000019ddf620:   0000000060651a30 0000000000000008
0x0000000019ddf630:   0000000019ddf7a0 000000005ff155fd
0x0000000019ddf640:   0000000060651b58 0000000019ddf708
0x0000000019ddf650:   00000000604ddc68 0000000019ddf740
0x0000000019ddf660:   0000000019ddf670 000000006012460c
0x0000000019ddf670:   0000000c000020b5 000000001ccb6980
0x0000000019ddf680:   000000002094f548 0000000002e62480
0x0000000019ddf690:   0000000002e62480 0000000060294c11
0x0000000019ddf6a0:   0000000002f54c40 00000000604ddc68
0x0000000019ddf6b0:   00000000604ddc68 0000000017e55420
0x0000000019ddf6c0:   0000000060651a30 0000000000000006
0x0000000019ddf6d0:   0000000060651a30 0000000000000006 

Instructions: (pc=0x000000005ff14703)
0x000000005ff146e3:   51 69 75 00 48 8b 48 08 49 8b 5c 0d 00 49 8d 3c
0x000000005ff146f3:   0e 48 85 db 74 55 4c 8b 7c 24 60 66 90 49 8b 07
0x000000005ff14703:   48 8b 53 10 49 8b cf ff 10 84 c0 74 19 48 85 ed
0x000000005ff14713:   74 0e 48 8b 45 00 48 8d 53 10 48 8b cd ff 50 08 


Register to memory mapping:

RAX=0x00000000604ddc20 is an unknown value
RBX=0x0000000000040000 is an unknown value
RCX=0x0000000002e60b50 is an unknown value
RDX=0x00000000dcabdbe0 is an oop
java.lang.String 
 - klass: 'java/lang/String'
RSP=0x0000000019ddf5e0 is an unknown value
RBP=0x0000000019ddf780 is an unknown value
RSI=0x0000000019ddf670 is an unknown value
RDI=0x000000001fdabf50 is an unknown value
R8 =0x00000000d5580000 is an oop
[B 
 - klass: {type array byte}
 - length: 5025
R9 =0x000000000000ea6d is an unknown value
R10=0x00000000546c6148 is an unknown value
R11=0x0000000019ddf638 is an unknown value
R12=0x0000000000000008 is an unknown value
R13=0x000000000005c9d0 is an unknown value
R14=0x000000000005c9d0 is an unknown value
R15=0x0000000060651b58 is an unknown value


Stack: [0x0000000019ce0000,0x0000000019de0000],  sp=0x0000000019ddf5e0,  free space=1021k
Native frames: (J=compiled Java code, j=interpreted, Vv=VM code, C=native code)
V  [jvm.dll+0x54703]
V  [jvm.dll+0x555fd]
V  [jvm.dll+0x3d4c11]
V  [jvm.dll+0x3d52f0]
V  [jvm.dll+0x3c4fd4]
V  [jvm.dll+0x3d7946]
V  [jvm.dll+0x2275e7]
V  [jvm.dll+0x226862]
V  [jvm.dll+0x226d11]
V  [jvm.dll+0x226f40]
V  [jvm.dll+0x27276a]
C  [msvcr100.dll+0x21d9f]
C  [msvcr100.dll+0x21e3b]
C  [KERNEL32.DLL+0x17e94]
C  [ntdll.dll+0x67ad1]

VM_Operation (0x000000001e6f74a0): ParallelGCFailedAllocation, mode: safepoint, requested by thread 0x000000001c9b3000


---------------  P R O C E S S  ---------------

Java Threads: ( => current thread )
  0x000000001b957800 JavaThread "Cache worker for file content cache (C:\Users\TYLER\.gradle\caches\6.5\fileContent)" [_thread_blocked, id=12764, stack(0x0000000023100000,0x0000000023200000)]
  0x000000001b959000 JavaThread "jar transforms" [_thread_blocked, id=13016, stack(0x0000000023000000,0x0000000023100000)]
  0x000000001b958800 JavaThread "Cache worker for execution history cache (C:\Users\TYLER\.gradle\caches\6.5\executionHistory)" [_thread_blocked, id=15496, stack(0x0000000022900000,0x0000000022a00000)]
  0x000000001c9fc800 JavaThread "Cache worker for cache directory md-rule (C:\Users\TYLER\.gradle\caches\6.5\md-rule)" [_thread_blocked, id=3428, stack(0x0000000022800000,0x0000000022900000)]
  0x000000001ca02000 JavaThread "Cache worker for cache directory md-supplier (C:\Users\TYLER\.gradle\caches\6.5\md-supplier)" [_thread_blocked, id=10024, stack(0x0000000022700000,0x0000000022800000)]
  0x000000001ca00800 JavaThread "Cache worker for checksums cache (D:\Workspace\Calculator\.gradle\checksums)" [_thread_blocked, id=15928, stack(0x00000000211a0000,0x00000000212a0000)]
  0x000000001c9fc000 JavaThread "Cache worker for file hash cache (D:\Workspace\Calculator\.gradle\6.5\fileHashes)" [_thread_blocked, id=15756, stack(0x00000000210a0000,0x00000000211a0000)]
  0x000000001c9fb000 JavaThread "Cache worker for file hash cache (C:\Users\TYLER\.gradle\caches\6.5\fileHashes)" [_thread_blocked, id=1620, stack(0x000000001ee00000,0x000000001ef00000)]
  0x000000001c9ff800 JavaThread "File lock request listener" [_thread_in_native, id=11208, stack(0x000000001ed00000,0x000000001ee00000)]
  0x000000001c9ff000 JavaThread "Cache worker for journal cache (C:\Users\TYLER\.gradle\caches\journal-1)" [_thread_blocked, id=12996, stack(0x000000001ec00000,0x000000001ed00000)]
  0x000000001c9fe000 JavaThread "Thread-9" [_thread_blocked, id=1936, stack(0x000000001e900000,0x000000001ea00000)]
  0x000000001c9fd800 JavaThread "Stdin handler" [_thread_blocked, id=3004, stack(0x000000001e800000,0x000000001e900000)]
  0x000000001ca01000 JavaThread "Asynchronous log dispatcher for DefaultDaemonConnection: socket connection from /127.0.0.1:59464 to /127.0.0.1:59465" [_thread_blocked, id=2876, stack(0x000000001e700000,0x000000001e800000)]
  0x000000001c9b3000 JavaThread "Daemon worker" [_thread_blocked, id=16948, stack(0x000000001e600000,0x000000001e700000)]
  0x000000001c9d3000 JavaThread "Cancel handler" [_thread_blocked, id=10904, stack(0x000000001e400000,0x000000001e500000)]
  0x000000001c99f800 JavaThread "Handler for socket connection from /127.0.0.1:59464 to /127.0.0.1:59465" [_thread_in_native, id=9816, stack(0x000000001e100000,0x000000001e200000)]
  0x000000001c99e800 JavaThread "Daemon" [_thread_blocked, id=10028, stack(0x000000001e000000,0x000000001e100000)]
  0x000000001c929000 JavaThread "Daemon periodic checks" [_thread_blocked, id=2152, stack(0x000000001df00000,0x000000001e000000)]
  0x000000001c918000 JavaThread "Incoming local TCP Connector on port 59464" [_thread_in_native, id=6924, stack(0x000000001dcc0000,0x000000001ddc0000)]
  0x000000001c8cb800 JavaThread "Daemon health stats" [_thread_blocked, id=12184, stack(0x000000001d680000,0x000000001d780000)]
  0x0000000019e52000 JavaThread "Service Thread" daemon [_thread_blocked, id=9596, stack(0x000000001aae0000,0x000000001abe0000)]
  0x0000000019e23000 JavaThread "C1 CompilerThread3" daemon [_thread_blocked, id=4208, stack(0x000000001a9e0000,0x000000001aae0000)]
  0x0000000019e1b000 JavaThread "C2 CompilerThread2" daemon [_thread_blocked, id=11496, stack(0x000000001a8e0000,0x000000001a9e0000)]
  0x0000000017fde000 JavaThread "C2 CompilerThread1" daemon [_thread_blocked, id=4572, stack(0x000000001a7e0000,0x000000001a8e0000)]
  0x0000000017fd9000 JavaThread "C2 CompilerThread0" daemon [_thread_blocked, id=13412, stack(0x000000001a6e0000,0x000000001a7e0000)]
  0x0000000019e12800 JavaThread "Attach Listener" daemon [_thread_blocked, id=3384, stack(0x000000001a5e0000,0x000000001a6e0000)]
  0x0000000019e16000 JavaThread "Signal Dispatcher" daemon [_thread_blocked, id=6440, stack(0x000000001a4e0000,0x000000001a5e0000)]
  0x0000000002f5e000 JavaThread "Finalizer" daemon [_thread_blocked, id=7808, stack(0x000000001a2e0000,0x000000001a3e0000)]
  0x0000000002f57000 JavaThread "Reference Handler" daemon [_thread_blocked, id=760, stack(0x000000001a1e0000,0x000000001a2e0000)]
  0x0000000002dee000 JavaThread "main" [_thread_blocked, id=8868, stack(0x0000000002ca0000,0x0000000002da0000)]

Other Threads:
=>0x0000000017fc6000 VMThread [stack: 0x0000000019ce0000,0x0000000019de0000] [id=16628]
  0x0000000019e53000 WatcherThread [stack: 0x000000001abe0000,0x000000001ace0000] [id=16320]

VM state:at safepoint (normal execution)

VM Mutex/Monitor currently owned by a thread:  ([mutex/lock_event])
[0x0000000002ded420] Threads_lock - owner thread: 0x0000000017fc6000
[0x0000000002decca0] Heap_lock - owner thread: 0x000000001c9b3000

heap address: 0x0000000080000000, size: 2048 MB, Compressed Oops mode: 32-bit
Narrow klass base: 0x0000000000000000, Narrow klass shift: 3
Compressed class space size: 1073741824 Address: 0x0000000100000000

Heap:
 PSYoungGen      total 75776K, used 73624K [0x00000000d5580000, 0x00000000dd480000, 0x0000000100000000)
  eden space 65024K, 100% used [0x00000000d5580000,0x00000000d9500000,0x00000000d9500000)
  from space 10752K, 79% used [0x00000000d9500000,0x00000000d9d66140,0x00000000d9f80000)
  to   space 12288K, 74% used [0x00000000dc880000,0x00000000dd1783f8,0x00000000dd480000)
 ParOldGen       total 95744K, used 7195K [0x0000000080000000, 0x0000000085d80000, 0x00000000d5580000)
  object space 95744K, 7% used [0x0000000080000000,0x0000000080706ea8,0x0000000085d80000)
 Metaspace       used 32957K, capacity 34108K, committed 34352K, reserved 1079296K
  class space    used 4513K, capacity 4789K, committed 4912K, reserved 1048576K

Card table byte_map: [0x0000000012320000,0x0000000012730000] byte_map_base: 0x0000000011f20000

Marking Bits: (ParMarkBitMap*) 0x000000006068f030
 Begin Bits: [0x00000000131e0000, 0x00000000151e0000)
 End Bits:   [0x00000000151e0000, 0x00000000171e0000)

Polling page: 0x00000000010d0000

CodeCache: size=245760Kb used=10001Kb max_used=10001Kb free=235758Kb
 bounds [0x0000000002f60000, 0x0000000003930000, 0x0000000011f60000]
 total_blobs=3282 nmethods=2599 adapters=596
 compilation: enabled

Compilation events (10 events):
Event: 3.698 Thread 0x0000000019e23000 2601       3       org.gradle.internal.instantiation.generator.AsmBackedClassGenerator$ClassBuilderImpl::propFieldName (28 bytes)
Event: 3.698 Thread 0x0000000019e23000 nmethod 2601 0x0000000003918790 code [0x0000000003918960, 0x00000000039191d8]
Event: 3.699 Thread 0x0000000019e23000 2602   !   3       java.lang.Class::getSimpleBinaryName (38 bytes)
Event: 3.699 Thread 0x0000000019e23000 nmethod 2602 0x000000000391d150 code [0x000000000391d320, 0x000000000391db08]
Event: 3.700 Thread 0x0000000019e23000 2604       3       java.lang.invoke.DirectMethodHandle::<init> (132 bytes)
Event: 3.702 Thread 0x0000000019e23000 nmethod 2604 0x0000000003925d90 code [0x0000000003926040, 0x0000000003927858]
Event: 3.702 Thread 0x0000000019e23000 2603       3       java.lang.invoke.DirectMethodHandle::preparedLambdaForm (230 bytes)
Event: 3.703 Thread 0x0000000019e23000 nmethod 2603 0x0000000003928150 code [0x00000000039283c0, 0x0000000003929418]
Event: 3.703 Thread 0x0000000019e23000 2605       3       java.util.ArrayList::indexOf (67 bytes)
Event: 3.703 Thread 0x0000000019e23000 nmethod 2605 0x000000000391c8d0 code [0x000000000391ca60, 0x000000000391cf28]

GC Heap History (10 events):
Event: 1.858 GC heap after
Heap after GC invocations=2 (full 0):
 PSYoungGen      total 75776K, used 9019K [0x00000000d5580000, 0x00000000daa00000, 0x0000000100000000)
  eden space 65024K, 0% used [0x00000000d5580000,0x00000000d5580000,0x00000000d9500000)
  from space 10752K, 83% used [0x00000000d9f80000,0x00000000da84eca8,0x00000000daa00000)
  to   space 10752K, 0% used [0x00000000d9500000,0x00000000d9500000,0x00000000d9f80000)
 ParOldGen       total 173568K, used 24K [0x0000000080000000, 0x000000008a980000, 0x00000000d5580000)
  object space 173568K, 0% used [0x0000000080000000,0x0000000080006020,0x000000008a980000)
 Metaspace       used 14194K, capacity 14640K, committed 14976K, reserved 1062912K
  class space    used 1959K, capacity 2088K, committed 2176K, reserved 1048576K
}
Event: 2.447 GC heap before
{Heap before GC invocations=3 (full 0):
 PSYoungGen      total 75776K, used 74043K [0x00000000d5580000, 0x00000000daa00000, 0x0000000100000000)
  eden space 65024K, 100% used [0x00000000d5580000,0x00000000d9500000,0x00000000d9500000)
  from space 10752K, 83% used [0x00000000d9f80000,0x00000000da84eca8,0x00000000daa00000)
  to   space 10752K, 0% used [0x00000000d9500000,0x00000000d9500000,0x00000000d9f80000)
 ParOldGen       total 173568K, used 32K [0x0000000080000000, 0x000000008a980000, 0x00000000d5580000)
  object space 173568K, 0% used [0x0000000080000000,0x0000000080008210,0x000000008a980000)
 Metaspace       used 20002K, capacity 20674K, committed 20992K, reserved 1067008K
  class space    used 2787K, capacity 2979K, committed 3072K, reserved 1048576K
Event: 2.456 GC heap after
Heap after GC invocations=3 (full 0):
 PSYoungGen      total 75776K, used 10726K [0x00000000d5580000, 0x00000000daa00000, 0x0000000100000000)
  eden space 65024K, 0% used [0x00000000d5580000,0x00000000d5580000,0x00000000d9500000)
  from space 10752K, 99% used [0x00000000d9500000,0x00000000d9f79a08,0x00000000d9f80000)
  to   space 10752K, 0% used [0x00000000d9f80000,0x00000000d9f80000,0x00000000daa00000)
 ParOldGen       total 173568K, used 933K [0x0000000080000000, 0x000000008a980000, 0x00000000d5580000)
  object space 173568K, 0% used [0x0000000080000000,0x00000000800e9498,0x000000008a980000)
 Metaspace       used 20002K, capacity 20674K, committed 20992K, reserved 1067008K
  class space    used 2787K, capacity 2979K, committed 3072K, reserved 1048576K
}
Event: 2.528 GC heap before
{Heap before GC invocations=4 (full 0):
 PSYoungGen      total 75776K, used 20894K [0x00000000d5580000, 0x00000000daa00000, 0x0000000100000000)
  eden space 65024K, 15% used [0x00000000d5580000,0x00000000d5f6e1b0,0x00000000d9500000)
  from space 10752K, 99% used [0x00000000d9500000,0x00000000d9f79a08,0x00000000d9f80000)
  to   space 10752K, 0% used [0x00000000d9f80000,0x00000000d9f80000,0x00000000daa00000)
 ParOldGen       total 173568K, used 933K [0x0000000080000000, 0x000000008a980000, 0x00000000d5580000)
  object space 173568K, 0% used [0x0000000080000000,0x00000000800e9498,0x000000008a980000)
 Metaspace       used 20571K, capacity 21224K, committed 21296K, reserved 1067008K
  class space    used 2877K, capacity 3076K, committed 3120K, reserved 1048576K
Event: 2.533 GC heap after
Heap after GC invocations=4 (full 0):
 PSYoungGen      total 75776K, used 7311K [0x00000000d5580000, 0x00000000de980000, 0x0000000100000000)
  eden space 65024K, 0% used [0x00000000d5580000,0x00000000d5580000,0x00000000d9500000)
  from space 10752K, 68% used [0x00000000d9f80000,0x00000000da6a3fb0,0x00000000daa00000)
  to   space 10752K, 0% used [0x00000000d9500000,0x00000000d9500000,0x00000000d9f80000)
 ParOldGen       total 173568K, used 941K [0x0000000080000000, 0x000000008a980000, 0x00000000d5580000)
  object space 173568K, 0% used [0x0000000080000000,0x00000000800eb498,0x000000008a980000)
 Metaspace       used 20571K, capacity 21224K, committed 21296K, reserved 1067008K
  class space    used 2877K, capacity 3076K, committed 3120K, reserved 1048576K
}
Event: 2.533 GC heap before
{Heap before GC invocations=5 (full 1):
 PSYoungGen      total 75776K, used 7311K [0x00000000d5580000, 0x00000000de980000, 0x0000000100000000)
  eden space 65024K, 0% used [0x00000000d5580000,0x00000000d5580000,0x00000000d9500000)
  from space 10752K, 68% used [0x00000000d9f80000,0x00000000da6a3fb0,0x00000000daa00000)
  to   space 10752K, 0% used [0x00000000d9500000,0x00000000d9500000,0x00000000d9f80000)
 ParOldGen       total 173568K, used 941K [0x0000000080000000, 0x000000008a980000, 0x00000000d5580000)
  object space 173568K, 0% used [0x0000000080000000,0x00000000800eb498,0x000000008a980000)
 Metaspace       used 20571K, capacity 21224K, committed 21296K, reserved 1067008K
  class space    used 2877K, capacity 3076K, committed 3120K, reserved 1048576K
Event: 2.562 GC heap after
Heap after GC invocations=5 (full 1):
 PSYoungGen      total 75776K, used 0K [0x00000000d5580000, 0x00000000de980000, 0x0000000100000000)
  eden space 65024K, 0% used [0x00000000d5580000,0x00000000d5580000,0x00000000d9500000)
  from space 10752K, 0% used [0x00000000d9f80000,0x00000000d9f80000,0x00000000daa00000)
  to   space 10752K, 0% used [0x00000000d9500000,0x00000000d9500000,0x00000000d9f80000)
 ParOldGen       total 95744K, used 7170K [0x0000000080000000, 0x0000000085d80000, 0x00000000d5580000)
  object space 95744K, 7% used [0x0000000080000000,0x0000000080700a90,0x0000000085d80000)
 Metaspace       used 20571K, capacity 21224K, committed 21296K, reserved 1067008K
  class space    used 2877K, capacity 3076K, committed 3120K, reserved 1048576K
}
Event: 3.200 GC heap before
{Heap before GC invocations=6 (full 1):
 PSYoungGen      total 75776K, used 65024K [0x00000000d5580000, 0x00000000de980000, 0x0000000100000000)
  eden space 65024K, 100% used [0x00000000d5580000,0x00000000d9500000,0x00000000d9500000)
  from space 10752K, 0% used [0x00000000d9f80000,0x00000000d9f80000,0x00000000daa00000)
  to   space 10752K, 0% used [0x00000000d9500000,0x00000000d9500000,0x00000000d9f80000)
 ParOldGen       total 95744K, used 7170K [0x0000000080000000, 0x0000000085d80000, 0x00000000d5580000)
  object space 95744K, 7% used [0x0000000080000000,0x0000000080700ab0,0x0000000085d80000)
 Metaspace       used 28823K, capacity 29696K, committed 29872K, reserved 1075200K
  class space    used 3998K, capacity 4227K, committed 4272K, reserved 1048576K
Event: 3.205 GC heap after
Heap after GC invocations=6 (full 1):
 PSYoungGen      total 75776K, used 8600K [0x00000000d5580000, 0x00000000dd480000, 0x0000000100000000)
  eden space 65024K, 0% used [0x00000000d5580000,0x00000000d5580000,0x00000000d9500000)
  from space 10752K, 79% used [0x00000000d9500000,0x00000000d9d66140,0x00000000d9f80000)
  to   space 12288K, 0% used [0x00000000dc880000,0x00000000dc880000,0x00000000dd480000)
 ParOldGen       total 95744K, used 7178K [0x0000000080000000, 0x0000000085d80000, 0x00000000d5580000)
  object space 95744K, 7% used [0x0000000080000000,0x0000000080702ab0,0x0000000085d80000)
 Metaspace       used 28823K, capacity 29696K, committed 29872K, reserved 1075200K
  class space    used 3998K, capacity 4227K, committed 4272K, reserved 1048576K
}
Event: 3.716 GC heap before
{Heap before GC invocations=7 (full 1):
 PSYoungGen      total 75776K, used 73624K [0x00000000d5580000, 0x00000000dd480000, 0x0000000100000000)
  eden space 65024K, 100% used [0x00000000d5580000,0x00000000d9500000,0x00000000d9500000)
  from space 10752K, 79% used [0x00000000d9500000,0x00000000d9d66140,0x00000000d9f80000)
  to   space 12288K, 0% used [0x00000000dc880000,0x00000000dc880000,0x00000000dd480000)
 ParOldGen       total 95744K, used 7187K [0x0000000080000000, 0x0000000085d80000, 0x00000000d5580000)
  object space 95744K, 7% used [0x0000000080000000,0x0000000080704ea8,0x0000000085d80000)
 Metaspace       used 32957K, capacity 34108K, committed 34352K, reserved 1079296K
  class space    used 4513K, capacity 4789K, committed 4912K, reserved 1048576K

Deoptimization events (10 events):
Event: 3.206 Thread 0x0000000002f57000 Uncommon trap: reason=unstable_if action=reinterpret pc=0x000000000354d4fc method=java.lang.ref.Reference.tryHandlePending(Z)Z @ 104
Event: 3.428 Thread 0x000000001c9b3000 Uncommon trap: reason=unstable_if action=reinterpret pc=0x00000000034e7d04 method=java.util.HashMap.getNode(ILjava/lang/Object;)Ljava/util/HashMap$Node; @ 53
Event: 3.428 Thread 0x000000001c9b3000 Uncommon trap: reason=unstable_if action=reinterpret pc=0x00000000034c1fb8 method=java.util.HashMap.putVal(ILjava/lang/Object;Ljava/lang/Object;ZZ)Ljava/lang/Object; @ 85
Event: 3.499 Thread 0x000000001c9b3000 Uncommon trap: reason=unstable_if action=reinterpret pc=0x0000000003711734 method=org.gradle.internal.reflect.PropertyAccessorType.isGetGetterName(Ljava/lang/String;)Z @ 14
Event: 3.517 Thread 0x000000001c9b3000 Uncommon trap: reason=unstable_if action=reinterpret pc=0x000000000363b380 method=org.objectweb.asm.ByteVector.putShort(I)Lorg/objectweb/asm/ByteVector; @ 13
Event: 3.584 Thread 0x000000001c9b3000 Uncommon trap: reason=unstable_if action=reinterpret pc=0x000000000357f80c method=java.net.URLClassLoader.defineClass(Ljava/lang/String;Lsun/misc/Resource;)Ljava/lang/Class; @ 21
Event: 3.642 Thread 0x000000001c9b3000 Uncommon trap: reason=unstable_if action=reinterpret pc=0x00000000038dccbc method=org.codehaus.groovy.runtime.metaclass.MetaMethodIndex.addMethodToList(Ljava/lang/Object;Lgroovy/lang/MetaMethod;)Ljava/lang/Object; @ 226
Event: 3.659 Thread 0x000000001c9b3000 Uncommon trap: reason=class_check action=maybe_recompile pc=0x000000000369ff74 method=java.util.WeakHashMap.eq(Ljava/lang/Object;Ljava/lang/Object;)Z @ 7
Event: 3.661 Thread 0x000000001c9b3000 Uncommon trap: reason=class_check action=maybe_recompile pc=0x000000000369ff74 method=java.util.WeakHashMap.eq(Ljava/lang/Object;Ljava/lang/Object;)Z @ 7
Event: 3.695 Thread 0x000000001c9b3000 Uncommon trap: reason=range_check action=make_not_entrant pc=0x00000000038e9a28 method=java.lang.String.charAt(I)C @ 27

Classes redefined (0 events):
No events

Internal exceptions (10 events):
Event: 3.655 Thread 0x000000001c9b3000 Exception <a 'java/lang/ClassNotFoundException': org/gradle/api/internal/DefaultNamedDomainObjectCollectionBeanInfo> (0x00000000d8c20ad0) thrown at [C:\src\AOSP-openjdk-git\hotspot\src\share\vm\classfile\systemDictionary.cpp, line 210]
Event: 3.655 Thread 0x000000001c9b3000 Exception <a 'java/lang/ClassNotFoundException': org/gradle/api/internal/DefaultDomainObjectCollectionBeanInfo> (0x00000000d8c54f10) thrown at [C:\src\AOSP-openjdk-git\hotspot\src\share\vm\classfile\systemDictionary.cpp, line 210]
Event: 3.655 Thread 0x000000001c9b3000 Exception <a 'java/lang/ClassNotFoundException': java/util/AbstractCollectionBeanInfo> (0x00000000d8c596e0) thrown at [C:\src\AOSP-openjdk-git\hotspot\src\share\vm\classfile\systemDictionary.cpp, line 210]
Event: 3.655 Thread 0x000000001c9b3000 Exception <a 'java/lang/ClassNotFoundException': java/util/AbstractCollectionCustomizer> (0x00000000d8c5de48) thrown at [C:\src\AOSP-openjdk-git\hotspot\src\share\vm\classfile\systemDictionary.cpp, line 210]
Event: 3.657 Thread 0x000000001c9b3000 Exception <a 'java/lang/ClassNotFoundException': org/gradle/api/internal/DefaultDomainObjectCollectionCustomizer> (0x00000000d8c9de20) thrown at [C:\src\AOSP-openjdk-git\hotspot\src\share\vm\classfile\systemDictionary.cpp, line 210]
Event: 3.658 Thread 0x000000001c9b3000 Exception <a 'java/lang/ClassNotFoundException': org/gradle/api/internal/DefaultNamedDomainObjectCollectionCustomizer> (0x00000000d8cfc1d8) thrown at [C:\src\AOSP-openjdk-git\hotspot\src\share\vm\classfile\systemDictionary.cpp, line 210]
Event: 3.661 Thread 0x000000001c9b3000 Exception <a 'java/lang/ClassNotFoundException': org/gradle/api/internal/DefaultNamedDomainObjectListCustomizer> (0x00000000d8d70b88) thrown at [C:\src\AOSP-openjdk-git\hotspot\src\share\vm\classfile\systemDictionary.cpp, line 210]
Event: 3.662 Thread 0x000000001c9b3000 Exception <a 'java/lang/ClassNotFoundException': org/gradle/api/internal/artifacts/DefaultArtifactRepositoryContainerCustomizer> (0x00000000d8de5a00) thrown at [C:\src\AOSP-openjdk-git\hotspot\src\share\vm\classfile\systemDictionary.cpp, line 210]
Event: 3.663 Thread 0x000000001c9b3000 Exception <a 'java/lang/ClassNotFoundException': org/gradle/api/internal/artifacts/dsl/DefaultRepositoryHandlerCustomizer> (0x00000000d8e4ad08) thrown at [C:\src\AOSP-openjdk-git\hotspot\src\share\vm\classfile\systemDictionary.cpp, line 210]
Event: 3.665 Thread 0x000000001c9b3000 Exception <a 'java/lang/ClassNotFoundException': org/gradle/api/internal/artifacts/dsl/DefaultRepositoryHandler_DecoratedCustomizer> (0x00000000d8ece4f8) thrown at [C:\src\AOSP-openjdk-git\hotspot\src\share\vm\classfile\systemDictionary.cpp, line 210]

Events (10 events):
Event: 3.714 loading class org/gradle/api/internal/artifacts/DefaultDependencySet done
Event: 3.714 loading class org/gradle/api/internal/DelegatingDomainObjectSet
Event: 3.714 loading class org/gradle/api/internal/DelegatingDomainObjectSet done
Event: 3.715 loading class org/gradle/api/internal/artifacts/DefaultDependencyConstraintSet
Event: 3.715 loading class org/gradle/api/internal/artifacts/DefaultDependencyConstraintSet done
Event: 3.715 loading class org/gradle/api/internal/CompositeDomainObjectSet
Event: 3.715 loading class org/gradle/api/internal/CompositeDomainObjectSet done
Event: 3.716 loading class org/gradle/api/internal/artifacts/DefaultPublishArtifactSet
Event: 3.716 loading class org/gradle/api/internal/artifacts/DefaultPublishArtifactSet done
Event: 3.716 Executing VM operation: ParallelGCFailedAllocation


Dynamic libraries:
0x00007ff6f3520000 - 0x00007ff6f3551000 	C:\Program Files\Android\Android Studio\jre\bin\java.exe
0x00007ffefc2b0000 - 0x00007ffefc49d000 	C:\Windows\SYSTEM32\ntdll.dll
0x00007ffef9540000 - 0x00007ffef95f3000 	C:\Windows\System32\KERNEL32.DLL
0x00007ffef84d0000 - 0x00007ffef8763000 	C:\Windows\System32\KERNELBASE.dll
0x00007ffefbdd0000 - 0x00007ffefbe73000 	C:\Windows\System32\ADVAPI32.dll
0x00007ffefa100000 - 0x00007ffefa19e000 	C:\Windows\System32\msvcrt.dll
0x00007ffefc1e0000 - 0x00007ffefc27e000 	C:\Windows\System32\sechost.dll
0x00007ffefc020000 - 0x00007ffefc143000 	C:\Windows\System32\RPCRT4.dll
0x00007ffefa3e0000 - 0x00007ffefa577000 	C:\Windows\System32\USER32.dll
0x00007ffef8870000 - 0x00007ffef8890000 	C:\Windows\System32\win32u.dll
0x00007ffefc150000 - 0x00007ffefc179000 	C:\Windows\System32\GDI32.dll
0x00007ffef8ad0000 - 0x00007ffef8c6a000 	C:\Windows\System32\gdi32full.dll
0x00007ffef8cf0000 - 0x00007ffef8d90000 	C:\Windows\System32\msvcp_win.dll
0x00007ffef8770000 - 0x00007ffef886c000 	C:\Windows\System32\ucrtbase.dll
0x00007ffee4fd0000 - 0x00007ffee5249000 	C:\Windows\WinSxS\amd64_microsoft.windows.common-controls_6595b64144ccf1df_6.0.17763.107_none_05b63884071e656e\COMCTL32.dll
0x00007ffef9600000 - 0x00007ffef992e000 	C:\Windows\System32\combase.dll
0x00007ffef8c70000 - 0x00007ffef8cee000 	C:\Windows\System32\bcryptPrimitives.dll
0x00007ffefbda0000 - 0x00007ffefbdce000 	C:\Windows\System32\IMM32.DLL
0x0000000060f80000 - 0x0000000061052000 	C:\Program Files\Android\Android Studio\jre\jre\bin\msvcr100.dll
0x000000005fec0000 - 0x000000006070b000 	C:\Program Files\Android\Android Studio\jre\jre\bin\server\jvm.dll
0x00007ffefa3d0000 - 0x00007ffefa3d8000 	C:\Windows\System32\PSAPI.DLL
0x00007ffee1ea0000 - 0x00007ffee1ea9000 	C:\Windows\SYSTEM32\WSOCK32.dll
0x00007ffef3480000 - 0x00007ffef34a4000 	C:\Windows\SYSTEM32\WINMM.dll
0x00007ffef5db0000 - 0x00007ffef5dba000 	C:\Windows\SYSTEM32\VERSION.dll
0x00007ffefbe80000 - 0x00007ffefbeed000 	C:\Windows\System32\WS2_32.dll
0x00007ffef3340000 - 0x00007ffef336d000 	C:\Windows\SYSTEM32\winmmbase.dll
0x00007ffef8430000 - 0x00007ffef847a000 	C:\Windows\System32\cfgmgr32.dll
0x00007ffef4450000 - 0x00007ffef445f000 	C:\Program Files\Android\Android Studio\jre\jre\bin\verify.dll
0x00007ffef4410000 - 0x00007ffef4439000 	C:\Program Files\Android\Android Studio\jre\jre\bin\java.dll
0x00007ffef43f0000 - 0x00007ffef4406000 	C:\Program Files\Android\Android Studio\jre\jre\bin\zip.dll
0x00007ffefa820000 - 0x00007ffefbd0f000 	C:\Windows\System32\SHELL32.dll
0x00007ffefa1a0000 - 0x00007ffefa248000 	C:\Windows\System32\shcore.dll
0x00007ffef8d90000 - 0x00007ffef94d8000 	C:\Windows\System32\windows.storage.dll
0x00007ffef8330000 - 0x00007ffef8354000 	C:\Windows\System32\profapi.dll
0x00007ffef82b0000 - 0x00007ffef830d000 	C:\Windows\System32\powrprof.dll
0x00007ffefc180000 - 0x00007ffefc1d2000 	C:\Windows\System32\shlwapi.dll
0x00007ffef8310000 - 0x00007ffef8321000 	C:\Windows\System32\kernel.appcore.dll
0x00007ffef8480000 - 0x00007ffef8497000 	C:\Windows\System32\cryptsp.dll
0x00007ffef43d0000 - 0x00007ffef43ea000 	C:\Program Files\Android\Android Studio\jre\jre\bin\net.dll
0x00007ffef7760000 - 0x00007ffef77c7000 	C:\Windows\system32\mswsock.dll
0x00007ffef43b0000 - 0x00007ffef43c3000 	C:\Program Files\Android\Android Studio\jre\jre\bin\nio.dll
0x00007ffedbef0000 - 0x00007ffedbf17000 	C:\Users\TYLER\.gradle\native\f6784746aeab05261644944871eae4fe03e0ef1612fff0a4a95f87b438bc6780\windows-amd64\native-platform.dll
0x00007ffef43a0000 - 0x00007ffef43ad000 	C:\Program Files\Android\Android Studio\jre\jre\bin\management.dll
0x00007ffef7320000 - 0x00007ffef7353000 	C:\Windows\system32\rsaenh.dll
0x00007ffef84a0000 - 0x00007ffef84c6000 	C:\Windows\System32\bcrypt.dll
0x00007ffef81b0000 - 0x00007ffef81d8000 	C:\Windows\SYSTEM32\USERENV.dll
0x00007ffef7930000 - 0x00007ffef793c000 	C:\Windows\SYSTEM32\CRYPTBASE.dll
0x00007ffef74c0000 - 0x00007ffef74fd000 	C:\Windows\SYSTEM32\IPHLPAPI.DLL
0x00007ffefbd90000 - 0x00007ffefbd98000 	C:\Windows\System32\NSI.dll
0x00007ffef1090000 - 0x00007ffef10a6000 	C:\Windows\SYSTEM32\dhcpcsvc6.DLL
0x00007ffef1370000 - 0x00007ffef138c000 	C:\Windows\SYSTEM32\dhcpcsvc.DLL
0x00007ffef7500000 - 0x00007ffef75c6000 	C:\Windows\SYSTEM32\DNSAPI.dll
0x00007ffef2270000 - 0x00007ffef227b000 	C:\Windows\SYSTEM32\WINNSI.DLL
0x00007ffef7df0000 - 0x00007ffef7fdd000 	C:\Windows\SYSTEM32\dbghelp.dll

VM Arguments:
jvm_args: -Xmx2048m -Dfile.encoding=UTF-8 -Duser.country=US -Duser.language=en -Duser.variant 
java_command: org.gradle.launcher.daemon.bootstrap.GradleDaemon 6.5
java_class_path (initial): C:\Users\TYLER\.gradle\wrapper\dists\gradle-6.5-bin\6nifqtx7604sqp1q6g8wikw7p\gradle-6.5\lib\gradle-launcher-6.5.jar
Launcher Type: SUN_STANDARD

Environment Variables:
PATH=C:\Program Files (x86)\MiKTeX 2.8\miktex\bin;C:\Program Files\Python39\Scripts\;C:\Program Files\Python39\;C:\Program Files\Common Files\Oracle\Java\javapath;C:\Windows\system32;C:\Windows;C:\Windows\System32\Wbem;C:\Windows\System32\WindowsPowerShell\v1.0\;C:\Windows\System32\OpenSSH\;C:\Program Files\Microsoft VS Code\bin;C:\Program Files\Microsoft SQL Server\Client SDK\ODBC\170\Tools\Binn\;C:\Program Files (x86)\Microsoft SQL Server\150\Tools\Binn\;C:\Program Files\Microsoft SQL Server\150\Tools\Binn\;C:\Program Files\Microsoft SQL Server\150\DTS\Binn\;C:\Program Files\Git\cmd;C:\Program Files (x86)\Microsoft SQL Server\150\DTS\Binn\;C:\Program Files\Azure Data Studio\bin;C:\Program Files\mingw32\bin;C:\Program Files\dotnet\;C:\Users\TYLER\AppData\Local\Microsoft\WindowsApps;;C:\Program Files\Azure Data Studio\bin;C:\Users\TYLER\.dotnet\tools
USERNAME=TYLER
OS=Windows_NT
PROCESSOR_IDENTIFIER=Intel64 Family 6 Model 94 Stepping 3, GenuineIntel



---------------  S Y S T E M  ---------------

OS: Windows 10.0 , 64 bit Build 17763 (10.0.17763.1)

CPU:total 8 (initial active 8) (4 cores per cpu, 2 threads per core) family 6 model 94 stepping 3, cmov, cx8, fxsr, mmx, sse, sse2, sse3, ssse3, sse4.1, sse4.2, popcnt, avx, avx2, aes, clmul, erms, rtm, 3dnowpref, lzcnt, ht, tsc, tscinvbit, bmi1, bmi2, adx

Memory: 4k page, physical 16595532k(7488448k free), swap 19610188k(7767100k free)

vm_info: OpenJDK 64-Bit Server VM (25.242-b01) for windows-amd64 JRE (1.8.0_242-release-1644-b01), built by "builder" with MS VC++ 10.0 (VS2010)

time: Thu Mar 04 15:29:02 2021
timezone: SE Asia Standard Time
elapsed time: 3 seconds (0d 0h 0m 3s)

