#
# A fatal error has been detected by the Java Runtime Environment:
#
#  EXCEPTION_ACCESS_VIOLATION (0xc0000005) at pc=0x000000005ff4b7b0, pid=15196, tid=0x0000000000002d30
#
# JRE version: OpenJDK Runtime Environment (8.0_242-b01) (build 1.8.0_242-release-1644-b01)
# Java VM: OpenJDK 64-Bit Server VM (25.242-b01 mixed mode windows-amd64 compressed oops)
# Problematic frame:
# V  [jvm.dll+0x8b7b0]
#
# Failed to write core dump. Minidumps are not enabled by default on client versions of Windows
#
# If you would like to submit a bug report, please visit:
#   
#

---------------  T H R E A D  ---------------

Current thread (0x00000000023a5000):  GCTaskThread [stack: 0x00000000126e0000,0x00000000127e0000] [id=11568]

siginfo: ExceptionCode=0xc0000005, reading address 0x0000000100b9b430

Registers:
RAX=0x0000000000000001, RBX=0x00000000d5c8aa80, RCX=0x00000000d5c8aa80, RDX=0x0000000100b9b428
RSP=0x00000000127df558, RBP=0x0000000000000000, RSI=0x00000000024759c0, RDI=0x000000001f407140
R8 =0x00000000024759c0, R9 =0x0000000000000074, R10=0xe98f8f0820130395, R11=0x00000000f148e480
R12=0x00000000604dddd0, R13=0x0000000000000005, R14=0x0000000000000000, R15=0x00000000023a5270
RIP=0x000000005ff4b7b0, EFLAGS=0x0000000000010206

Top of Stack: (sp=0x00000000127df558)
0x00000000127df558:   00000000602927b2 00000000d5c8b2a8
0x00000000127df568:   0000000000000009 00000000024759c0
0x00000000127df578:   00007ffef8524313 00000000f148c468
0x00000000127df588:   0000000000001000 00000000024759c0
0x00000000127df598:   000000005ffae3a3 0000000000000000
0x00000000127df5a8:   00000000023a3d01 00000000604dddd0
0x00000000127df5b8:   0000000060292b20 00000000f148e49c
0x00000000127df5c8:   0000000000000000 00000000024759c0
0x00000000127df5d8:   000000001f407140 00000000f148e49c
0x00000000127df5e8:   00000000602934f5 00000000d5e7ce80
0x00000000127df5f8:   0000000060295bc3 00000000f0df6868
0x00000000127df608:   000000005ffae3a3 00000000f0df6865
0x00000000127df618:   00000000f0df6865 0000125d0000153b
0x00000000127df628:   0000102500001e22 0000000000000400
0x00000000127df638:   0000000060292efb 0000125d0000153c
0x00000000127df648:   0000102500001e22 00000000023a5260 

Instructions: (pc=0x000000005ff4b7b0)
0x000000005ff4b790:   1c 8f 1d 00 48 8b 9c 24 c0 00 00 00 48 81 c4 b0
0x000000005ff4b7a0:   00 00 00 5d c3 cc cc cc cc cc cc cc cc cc cc cc
0x000000005ff4b7b0:   44 8b 42 08 4c 8b ca 45 85 c0 7e 0e 41 f6 c0 01
0x000000005ff4b7c0:   75 57 41 c1 f8 03 41 8b c0 c3 79 4d 80 3d 7e 97 


Register to memory mapping:

RAX=0x0000000000000001 is an unknown value
RBX=0x00000000d5c8aa80 is an oop

[error occurred during error reporting (printing register info), id 0xc0000005]

Stack: [0x00000000126e0000,0x00000000127e0000],  sp=0x00000000127df558,  free space=1021k
Native frames: (J=compiled Java code, j=interpreted, Vv=VM code, C=native code)


---------------  P R O C E S S  ---------------

Java Threads: ( => current thread )
  0x000000001f49b000 JavaThread "Build operations Thread 8" [_thread_blocked, id=13772, stack(0x0000000032460000,0x0000000032560000)]
  0x000000001f49a800 JavaThread "Build operations Thread 7" [_thread_blocked, id=9248, stack(0x0000000032360000,0x0000000032460000)]
  0x000000001f49c800 JavaThread "Build operations Thread 6" [_thread_blocked, id=9544, stack(0x0000000032260000,0x0000000032360000)]
  0x000000001f49c000 JavaThread "Build operations Thread 5" [_thread_blocked, id=11008, stack(0x0000000032160000,0x0000000032260000)]
  0x000000001f499000 JavaThread "Build operations Thread 4" [_thread_blocked, id=12344, stack(0x0000000032060000,0x0000000032160000)]
  0x000000001f499800 JavaThread "Build operations Thread 3" [_thread_blocked, id=12472, stack(0x0000000031f60000,0x0000000032060000)]
  0x000000001f491800 JavaThread "Build operations Thread 2" [_thread_blocked, id=3332, stack(0x0000000031e60000,0x0000000031f60000)]
  0x000000001f498000 JavaThread "Build operations" [_thread_blocked, id=15444, stack(0x0000000031d60000,0x0000000031e60000)]
  0x000000001f496800 JavaThread "Cache worker for cache directory md-rule (C:\Users\TYLER\.gradle\caches\6.5\md-rule)" [_thread_blocked, id=15320, stack(0x0000000031c60000,0x0000000031d60000)]
  0x000000001f497800 JavaThread "Cache worker for cache directory md-supplier (C:\Users\TYLER\.gradle\caches\6.5\md-supplier)" [_thread_blocked, id=15616, stack(0x0000000031b60000,0x0000000031c60000)]
  0x000000001f496000 JavaThread "Cache worker for checksums cache (D:\Workspace\Calculator\.gradle\checksums)" [_thread_blocked, id=7092, stack(0x0000000031a60000,0x0000000031b60000)]
  0x000000001f48e800 JavaThread "Cache worker for file hash cache (D:\Workspace\Calculator\.gradle\6.5\fileHashes)" [_thread_blocked, id=6236, stack(0x0000000031960000,0x0000000031a60000)]
  0x000000001f490000 JavaThread "Thread-135" [_thread_blocked, id=8836, stack(0x0000000031860000,0x0000000031960000)]
  0x000000001f493800 JavaThread "Stdin handler" [_thread_blocked, id=15204, stack(0x0000000031760000,0x0000000031860000)]
  0x000000001f492000 JavaThread "Asynchronous log dispatcher for DefaultDaemonConnection: socket connection from /127.0.0.1:59778 to /127.0.0.1:59786" [_thread_blocked, id=14656, stack(0x0000000031660000,0x0000000031760000)]
  0x000000001f490800 JavaThread "Cancel handler" [_thread_blocked, id=5940, stack(0x0000000031560000,0x0000000031660000)]
  0x000000001f493000 JavaThread "Handler for socket connection from /127.0.0.1:59778 to /127.0.0.1:59786" [_thread_in_native, id=9548, stack(0x0000000031460000,0x0000000031560000)]
  0x000000001f48f000 JavaThread "ForkJoinPool.commonPool-worker-7" daemon [_thread_blocked, id=6920, stack(0x0000000031260000,0x0000000031360000)]
  0x000000001f495000 JavaThread "ForkJoinPool.commonPool-worker-6" daemon [_thread_blocked, id=15924, stack(0x0000000031160000,0x0000000031260000)]
  0x000000001f494800 JavaThread "ForkJoinPool.commonPool-worker-5" daemon [_thread_blocked, id=8920, stack(0x0000000031060000,0x0000000031160000)]
  0x0000000021bc6000 JavaThread "Memory manager" [_thread_blocked, id=2964, stack(0x000000002a5d0000,0x000000002a6d0000)]
  0x0000000021bc2800 JavaThread "jar transforms Thread 92" [_thread_blocked, id=11268, stack(0x000000002a280000,0x000000002a380000)]
  0x0000000021bc1800 JavaThread "jar transforms Thread 91" [_thread_blocked, id=6932, stack(0x000000002a180000,0x000000002a280000)]
  0x0000000021bc5800 JavaThread "jar transforms Thread 90" [_thread_blocked, id=6796, stack(0x000000002a080000,0x000000002a180000)]
  0x0000000021bc7800 JavaThread "jar transforms Thread 89" [_thread_blocked, id=8300, stack(0x0000000029f80000,0x000000002a080000)]
  0x0000000021bba000 JavaThread "jar transforms Thread 88" [_thread_blocked, id=16576, stack(0x0000000029e80000,0x0000000029f80000)]
  0x0000000021bc1000 JavaThread "jar transforms Thread 87" [_thread_blocked, id=12976, stack(0x0000000029d80000,0x0000000029e80000)]
  0x0000000021bbc800 JavaThread "jar transforms Thread 86" [_thread_blocked, id=10752, stack(0x0000000029c80000,0x0000000029d80000)]
  0x0000000021bb9800 JavaThread "jar transforms Thread 85" [_thread_blocked, id=14456, stack(0x0000000029b80000,0x0000000029c80000)]
  0x0000000021bbb000 JavaThread "jar transforms Thread 84" [_thread_blocked, id=16448, stack(0x0000000029a80000,0x0000000029b80000)]
  0x0000000021bc0000 JavaThread "jar transforms Thread 83" [_thread_blocked, id=7484, stack(0x0000000029980000,0x0000000029a80000)]
  0x0000000021bbd000 JavaThread "jar transforms Thread 82" [_thread_blocked, id=11592, stack(0x0000000029880000,0x0000000029980000)]
  0x0000000021bbe000 JavaThread "jar transforms Thread 81" [_thread_blocked, id=10844, stack(0x0000000029780000,0x0000000029880000)]
  0x0000000021bbb800 JavaThread "jar transforms Thread 80" [_thread_blocked, id=16188, stack(0x0000000029680000,0x0000000029780000)]
  0x0000000021bb8800 JavaThread "jar transforms Thread 79" [_thread_blocked, id=10072, stack(0x0000000029580000,0x0000000029680000)]
  0x0000000021bbe800 JavaThread "jar transforms Thread 78" [_thread_blocked, id=8280, stack(0x0000000029480000,0x0000000029580000)]
  0x0000000021bbf800 JavaThread "jar transforms Thread 77" [_thread_blocked, id=14360, stack(0x0000000029380000,0x0000000029480000)]
  0x000000001c704800 JavaThread "jar transforms Thread 76" [_thread_blocked, id=15248, stack(0x0000000029280000,0x0000000029380000)]
  0x000000001c703800 JavaThread "jar transforms Thread 75" [_thread_blocked, id=9068, stack(0x0000000029180000,0x0000000029280000)]
  0x000000001c6fc000 JavaThread "jar transforms Thread 74" [_thread_blocked, id=10800, stack(0x0000000029080000,0x0000000029180000)]
  0x000000001c703000 JavaThread "jar transforms Thread 73" [_thread_blocked, id=7296, stack(0x0000000028f80000,0x0000000029080000)]
  0x000000001c702000 JavaThread "jar transforms Thread 72" [_thread_blocked, id=17268, stack(0x0000000028e80000,0x0000000028f80000)]
  0x000000001c700000 JavaThread "jar transforms Thread 71" [_thread_blocked, id=15216, stack(0x0000000028d80000,0x0000000028e80000)]
  0x000000001c6fa800 JavaThread "jar transforms Thread 70" [_thread_blocked, id=11260, stack(0x0000000028c80000,0x0000000028d80000)]
  0x000000001c701800 JavaThread "jar transforms Thread 69" [_thread_blocked, id=11452, stack(0x0000000028b80000,0x0000000028c80000)]
  0x000000001c6fd800 JavaThread "jar transforms Thread 68" [_thread_blocked, id=15584, stack(0x0000000028a80000,0x0000000028b80000)]
  0x000000001c700800 JavaThread "jar transforms Thread 67" [_thread_blocked, id=16436, stack(0x0000000028980000,0x0000000028a80000)]
  0x000000001c6fb800 JavaThread "jar transforms Thread 66" [_thread_blocked, id=12656, stack(0x0000000028880000,0x0000000028980000)]
  0x000000001c6fe800 JavaThread "jar transforms Thread 65" [_thread_blocked, id=13164, stack(0x0000000028780000,0x0000000028880000)]
  0x000000001c6f9000 JavaThread "jar transforms Thread 64" [_thread_blocked, id=5792, stack(0x0000000028680000,0x0000000028780000)]
  0x000000001c6f8800 JavaThread "jar transforms Thread 63" [_thread_blocked, id=716, stack(0x0000000028580000,0x0000000028680000)]
  0x000000001c6fd000 JavaThread "jar transforms Thread 62" [_thread_blocked, id=7124, stack(0x0000000028480000,0x0000000028580000)]
  0x000000001c6ff000 JavaThread "jar transforms Thread 61" [_thread_blocked, id=15500, stack(0x0000000028380000,0x0000000028480000)]
  0x000000001c6fa000 JavaThread "jar transforms Thread 60" [_thread_blocked, id=908, stack(0x0000000028280000,0x0000000028380000)]
  0x000000001c6f7800 JavaThread "jar transforms Thread 59" [_thread_blocked, id=9240, stack(0x0000000028180000,0x0000000028280000)]
  0x000000001c6f7000 JavaThread "jar transforms Thread 58" [_thread_blocked, id=12104, stack(0x0000000028080000,0x0000000028180000)]
  0x000000001c6f5800 JavaThread "jar transforms Thread 57" [_thread_blocked, id=14924, stack(0x0000000027f80000,0x0000000028080000)]
  0x000000001c6f6000 JavaThread "jar transforms Thread 56" [_thread_blocked, id=14828, stack(0x0000000027e80000,0x0000000027f80000)]
  0x0000000021e88800 JavaThread "jar transforms Thread 55" [_thread_blocked, id=8528, stack(0x0000000027d80000,0x0000000027e80000)]
  0x0000000021e87800 JavaThread "jar transforms Thread 54" [_thread_blocked, id=15668, stack(0x0000000027c80000,0x0000000027d80000)]
  0x0000000021e87000 JavaThread "jar transforms Thread 53" [_thread_blocked, id=7860, stack(0x0000000027b80000,0x0000000027c80000)]
  0x0000000021e86000 JavaThread "jar transforms Thread 52" [_thread_blocked, id=12168, stack(0x0000000027a80000,0x0000000027b80000)]
  0x0000000021e7e800 JavaThread "jar transforms Thread 51" [_thread_blocked, id=10456, stack(0x0000000027980000,0x0000000027a80000)]
  0x0000000021e85800 JavaThread "jar transforms Thread 50" [_thread_blocked, id=1616, stack(0x0000000027880000,0x0000000027980000)]
  0x0000000021e7e000 JavaThread "jar transforms Thread 49" [_thread_blocked, id=14992, stack(0x0000000027780000,0x0000000027880000)]
  0x0000000021e84800 JavaThread "jar transforms Thread 48" [_thread_blocked, id=3016, stack(0x0000000027680000,0x0000000027780000)]
  0x0000000021e82800 JavaThread "jar transforms Thread 47" [_thread_blocked, id=10860, stack(0x0000000027580000,0x0000000027680000)]
  0x0000000021e84000 JavaThread "jar transforms Thread 46" [_thread_blocked, id=1300, stack(0x0000000027480000,0x0000000027580000)]
  0x0000000021e83000 JavaThread "jar transforms Thread 45" [_thread_blocked, id=16544, stack(0x0000000027380000,0x0000000027480000)]
  0x0000000021e7b000 JavaThread "jar transforms Thread 44" [_thread_blocked, id=1068, stack(0x0000000027280000,0x0000000027380000)]
  0x0000000021e81800 JavaThread "jar transforms Thread 43" [_thread_blocked, id=5500, stack(0x0000000027180000,0x0000000027280000)]
  0x0000000021e7f800 JavaThread "jar transforms Thread 42" [_thread_blocked, id=9120, stack(0x0000000027080000,0x0000000027180000)]
  0x0000000021e7d000 JavaThread "jar transforms Thread 41" [_thread_blocked, id=15432, stack(0x0000000026f80000,0x0000000027080000)]
  0x0000000021e7a000 JavaThread "jar transforms Thread 40" [_thread_blocked, id=1452, stack(0x0000000026e80000,0x0000000026f80000)]
  0x0000000021e81000 JavaThread "jar transforms Thread 39" [_thread_blocked, id=15736, stack(0x0000000026d80000,0x0000000026e80000)]
  0x0000000021e7c800 JavaThread "jar transforms Thread 38" [_thread_blocked, id=16316, stack(0x0000000026c80000,0x0000000026d80000)]
  0x0000000021e79800 JavaThread "jar transforms Thread 37" [_thread_blocked, id=16428, stack(0x0000000026b80000,0x0000000026c80000)]
  0x0000000021e80000 JavaThread "jar transforms Thread 36" [_thread_blocked, id=6868, stack(0x0000000026a80000,0x0000000026b80000)]
  0x0000000021e7b800 JavaThread "jar transforms Thread 35" [_thread_blocked, id=2516, stack(0x0000000026980000,0x0000000026a80000)]
  0x000000001edcd000 JavaThread "jar transforms Thread 34" [_thread_blocked, id=8540, stack(0x0000000026880000,0x0000000026980000)]
  0x000000001edc7000 JavaThread "jar transforms Thread 33" [_thread_blocked, id=12684, stack(0x0000000026780000,0x0000000026880000)]
  0x000000001edca800 JavaThread "jar transforms Thread 32" [_thread_blocked, id=15552, stack(0x0000000026680000,0x0000000026780000)]
  0x000000001edcc000 JavaThread "jar transforms Thread 31" [_thread_blocked, id=15916, stack(0x0000000026580000,0x0000000026680000)]
  0x000000001edc6000 JavaThread "jar transforms Thread 30" [_thread_blocked, id=7936, stack(0x0000000026480000,0x0000000026580000)]
  0x000000001edc8800 JavaThread "jar transforms Thread 29" [_thread_blocked, id=10944, stack(0x0000000026380000,0x0000000026480000)]
  0x000000001edca000 JavaThread "jar transforms Thread 28" [_thread_blocked, id=1784, stack(0x0000000026280000,0x0000000026380000)]
  0x000000001edc7800 JavaThread "jar transforms Thread 27" [_thread_blocked, id=12772, stack(0x0000000026180000,0x0000000026280000)]
  0x000000001edcb800 JavaThread "jar transforms Thread 26" [_thread_blocked, id=12612, stack(0x0000000026080000,0x0000000026180000)]
  0x000000001edc9000 JavaThread "jar transforms Thread 25" [_thread_blocked, id=9136, stack(0x0000000025f80000,0x0000000026080000)]
  0x000000001edbe800 JavaThread "jar transforms Thread 24" [_thread_blocked, id=8460, stack(0x0000000025e80000,0x0000000025f80000)]
  0x000000001edc1000 JavaThread "jar transforms Thread 23" [_thread_blocked, id=8016, stack(0x0000000025d80000,0x0000000025e80000)]
  0x000000001edc5800 JavaThread "jar transforms Thread 22" [_thread_blocked, id=13784, stack(0x0000000025c80000,0x0000000025d80000)]
  0x000000001edbe000 JavaThread "jar transforms Thread 21" [_thread_blocked, id=16020, stack(0x0000000025b80000,0x0000000025c80000)]
  0x000000001edc0000 JavaThread "jar transforms Thread 20" [_thread_blocked, id=8140, stack(0x0000000025a80000,0x0000000025b80000)]
  0x000000001edc4800 JavaThread "jar transforms Thread 19" [_thread_blocked, id=8504, stack(0x0000000025980000,0x0000000025a80000)]
  0x000000001edc2800 JavaThread "jar transforms Thread 18" [_thread_blocked, id=1364, stack(0x0000000025880000,0x0000000025980000)]
  0x000000001edbf800 JavaThread "jar transforms Thread 17" [_thread_blocked, id=10604, stack(0x0000000025780000,0x0000000025880000)]
  0x000000001edc4000 JavaThread "jar transforms Thread 16" [_thread_blocked, id=9708, stack(0x0000000025680000,0x0000000025780000)]
  0x000000001edc3000 JavaThread "jar transforms Thread 15" [_thread_blocked, id=16844, stack(0x0000000025580000,0x0000000025680000)]
  0x000000001edc1800 JavaThread "jar transforms Thread 14" [_thread_blocked, id=12748, stack(0x0000000025480000,0x0000000025580000)]
  0x000000001ae1c800 JavaThread "jar transforms Thread 13" [_thread_blocked, id=13384, stack(0x0000000025380000,0x0000000025480000)]
  0x000000001ae1c000 JavaThread "jar transforms Thread 12" [_thread_blocked, id=11292, stack(0x0000000025280000,0x0000000025380000)]
  0x000000001ae1a800 JavaThread "jar transforms Thread 11" [_thread_blocked, id=10440, stack(0x0000000025180000,0x0000000025280000)]
  0x000000001ae1b000 JavaThread "jar transforms Thread 10" [_thread_blocked, id=14236, stack(0x0000000025080000,0x0000000025180000)]
  0x000000001ae1f800 JavaThread "jar transforms Thread 9" [_thread_blocked, id=15724, stack(0x0000000024f80000,0x0000000025080000)]
  0x000000001ae1e000 JavaThread "jar transforms Thread 8" [_thread_blocked, id=13196, stack(0x0000000024e80000,0x0000000024f80000)]
  0x000000001ae1d800 JavaThread "jar transforms Thread 7" [_thread_blocked, id=7836, stack(0x0000000024d80000,0x0000000024e80000)]
  0x000000001ae20800 JavaThread "jar transforms Thread 6" [_thread_blocked, id=13304, stack(0x0000000024c80000,0x0000000024d80000)]
  0x000000001ae1f000 JavaThread "jar transforms Thread 5" [_thread_blocked, id=7784, stack(0x0000000024b80000,0x0000000024c80000)]
  0x000000001ae21000 JavaThread "jar transforms Thread 4" [_thread_blocked, id=7100, stack(0x0000000024a80000,0x0000000024b80000)]
  0x000000001c0dc800 JavaThread "jar transforms Thread 3" [_thread_blocked, id=15752, stack(0x0000000024980000,0x0000000024a80000)]
  0x000000001c0dc000 JavaThread "jar transforms Thread 2" [_thread_blocked, id=5852, stack(0x0000000024880000,0x0000000024980000)]
  0x000000001c0d3000 JavaThread "Cache worker for file content cache (C:\Users\TYLER\.gradle\caches\6.5\fileContent)" [_thread_blocked, id=9076, stack(0x00000000229b0000,0x0000000022ab0000)]
  0x000000001c0d2000 JavaThread "jar transforms" [_thread_blocked, id=7688, stack(0x00000000228b0000,0x00000000229b0000)]
  0x000000001c0d3800 JavaThread "Cache worker for execution history cache (C:\Users\TYLER\.gradle\caches\6.5\executionHistory)" [_thread_blocked, id=1108, stack(0x00000000223b0000,0x00000000224b0000)]
  0x000000001bf5f000 JavaThread "Cache worker for file hash cache (C:\Users\TYLER\.gradle\caches\6.5\fileHashes)" [_thread_blocked, id=1132, stack(0x000000001e3d0000,0x000000001e4d0000)]
  0x000000001bf5e000 JavaThread "File lock request listener" [_thread_in_native, id=32, stack(0x000000001e2d0000,0x000000001e3d0000)]
  0x000000001bf5c800 JavaThread "Cache worker for journal cache (C:\Users\TYLER\.gradle\caches\journal-1)" [_thread_blocked, id=8104, stack(0x000000001e1d0000,0x000000001e2d0000)]
  0x000000001bf5c000 JavaThread "Daemon worker" [_thread_blocked, id=15468, stack(0x000000001dbd0000,0x000000001dcd0000)]
  0x000000001bed2000 JavaThread "Daemon" [_thread_blocked, id=5336, stack(0x000000001d5d0000,0x000000001d6d0000)]
  0x000000001bece800 JavaThread "Daemon periodic checks" [_thread_blocked, id=7228, stack(0x000000001d4d0000,0x000000001d5d0000)]
  0x000000001bec9000 JavaThread "Incoming local TCP Connector on port 59778" [_thread_in_native, id=14264, stack(0x000000001d290000,0x000000001d390000)]
  0x000000001be1b800 JavaThread "Daemon health stats" [_thread_blocked, id=11356, stack(0x000000001cc50000,0x000000001cd50000)]
  0x0000000019471800 JavaThread "Service Thread" daemon [_thread_blocked, id=12000, stack(0x000000001a0b0000,0x000000001a1b0000)]
  0x00000000193f3000 JavaThread "C1 CompilerThread3" daemon [_thread_blocked, id=10876, stack(0x0000000019fb0000,0x000000001a0b0000)]
  0x00000000175de000 JavaThread "C2 CompilerThread2" daemon [_thread_blocked, id=9392, stack(0x0000000019eb0000,0x0000000019fb0000)]
  0x00000000175dd000 JavaThread "C2 CompilerThread1" daemon [_thread_blocked, id=6884, stack(0x0000000019db0000,0x0000000019eb0000)]
  0x00000000175db000 JavaThread "C2 CompilerThread0" daemon [_thread_blocked, id=8732, stack(0x0000000019cb0000,0x0000000019db0000)]
  0x00000000193e4000 JavaThread "Attach Listener" daemon [_thread_blocked, id=4604, stack(0x0000000019bb0000,0x0000000019cb0000)]
  0x00000000193e6800 JavaThread "Signal Dispatcher" daemon [_thread_blocked, id=11332, stack(0x0000000019ab0000,0x0000000019bb0000)]
  0x00000000193d0800 JavaThread "Finalizer" daemon [_thread_blocked, id=15160, stack(0x00000000198b0000,0x00000000199b0000)]
  0x0000000002478000 JavaThread "Reference Handler" daemon [_thread_blocked, id=13096, stack(0x00000000197b0000,0x00000000198b0000)]
  0x000000000255e000 JavaThread "main" [_thread_blocked, id=13152, stack(0x0000000002230000,0x0000000002330000)]

Other Threads:
  0x00000000175c6000 VMThread [stack: 0x00000000192b0000,0x00000000193b0000] [id=17088]
  0x0000000019472800 WatcherThread [stack: 0x000000001a1b0000,0x000000001a2b0000] [id=13864]

=>0x00000000023a5000 (exited) GCTaskThread [stack: 0x00000000126e0000,0x00000000127e0000] [id=11568]

VM state:at safepoint (normal execution)

VM Mutex/Monitor currently owned by a thread:  ([mutex/lock_event])
[0x000000000255d120] Threads_lock - owner thread: 0x00000000175c6000
[0x000000000255cd20] Heap_lock - owner thread: 0x000000001c6fb800

heap address: 0x0000000080000000, size: 2048 MB, Compressed Oops mode: 32-bit
Narrow klass base: 0x0000000000000000, Narrow klass shift: 3
Compressed class space size: 1073741824 Address: 0x0000000100000000

Heap:
 PSYoungGen      total 346112K, used 346106K [0x00000000d5580000, 0x00000000f1b00000, 0x0000000100000000)
  eden space 322560K, 100% used [0x00000000d5580000,0x00000000e9080000,0x00000000e9080000)
  from space 23552K, 99% used [0x00000000e9080000,0x00000000ea77e9c0,0x00000000ea780000)
  to   space 39424K, 96% used [0x00000000ef480000,0x00000000f19bc468,0x00000000f1b00000)
 ParOldGen       total 212992K, used 67228K [0x0000000080000000, 0x000000008d000000, 0x00000000d5580000)
  object space 212992K, 31% used [0x0000000080000000,0x00000000841a7308,0x000000008d000000)
 Metaspace       used 78710K, capacity 83000K, committed 83240K, reserved 1120256K
  class space    used 10726K, capacity 11539K, committed 11568K, reserved 1048576K

Card table byte_map: [0x0000000011920000,0x0000000011d30000] byte_map_base: 0x0000000011520000

Marking Bits: (ParMarkBitMap*) 0x000000006068f030
 Begin Bits: [0x00000000127e0000, 0x00000000147e0000)
 End Bits:   [0x00000000147e0000, 0x00000000167e0000)

Polling page: 0x00000000001f0000

CodeCache: size=245760Kb used=27772Kb max_used=28219Kb free=217987Kb
 bounds [0x0000000002560000, 0x0000000004120000, 0x0000000011560000]
 total_blobs=10021 nmethods=9200 adapters=734
 compilation: enabled

Compilation events (10 events):
Event: 34.893 Thread 0x00000000193f3000 nmethod 10996 0x0000000003dc4190 code [0x0000000003dc4320, 0x0000000003dc4558]
Event: 34.893 Thread 0x00000000193f3000 10997       3       java.lang.String::<init> (209 bytes)
Event: 34.894 Thread 0x00000000193f3000 nmethod 10997 0x0000000003dc29d0 code [0x0000000003dc2c20, 0x0000000003dc3948]
Event: 34.894 Thread 0x00000000193f3000 10995       1       org.gradle.api.internal.artifacts.ivyservice.DefaultArtifactCacheMetadata::getTransformsStoreDirectory (5 bytes)
Event: 34.894 Thread 0x00000000193f3000 nmethod 10995 0x0000000003fd9d50 code [0x0000000003fd9ea0, 0x0000000003fd9fb0]
Event: 34.894 Thread 0x00000000193f3000 10998       3       java.util.TreeMap::getLastEntry (26 bytes)
Event: 34.895 Thread 0x00000000193f3000 nmethod 10998 0x0000000003dbee10 code [0x0000000003dbef80, 0x0000000003dbf1b0]
Event: 34.895 Thread 0x00000000175dd000 nmethod 10972 0x0000000003dbd2d0 code [0x0000000003dbd4e0, 0x0000000003dbdfc0]
Event: 34.895 Thread 0x00000000193f3000 10999       3       java.util.regex.Pattern::charPropertyNodeFor (42 bytes)
Event: 34.895 Thread 0x00000000175dd000 10989       4       org.gradle.internal.snapshot.PathUtil::equalChars (60 bytes)

GC Heap History (10 events):
Event: 3.834 GC heap after
Heap after GC invocations=8 (full 2):
 PSYoungGen      total 235008K, used 0K [0x00000000d5580000, 0x00000000e4a00000, 0x0000000100000000)
  eden space 219136K, 0% used [0x00000000d5580000,0x00000000d5580000,0x00000000e2b80000)
  from space 15872K, 0% used [0x00000000e3a80000,0x00000000e3a80000,0x00000000e4a00000)
  to   space 15360K, 0% used [0x00000000e2b80000,0x00000000e2b80000,0x00000000e3a80000)
 ParOldGen       total 139776K, used 14594K [0x0000000080000000, 0x0000000088880000, 0x00000000d5580000)
  object space 139776K, 10% used [0x0000000080000000,0x0000000080e40ac0,0x0000000088880000)
 Metaspace       used 34360K, capacity 35416K, committed 35496K, reserved 1079296K
  class space    used 4735K, capacity 5003K, committed 5040K, reserved 1048576K
}
Event: 5.319 GC heap before
{Heap before GC invocations=9 (full 2):
 PSYoungGen      total 235008K, used 219136K [0x00000000d5580000, 0x00000000e4a00000, 0x0000000100000000)
  eden space 219136K, 100% used [0x00000000d5580000,0x00000000e2b80000,0x00000000e2b80000)
  from space 15872K, 0% used [0x00000000e3a80000,0x00000000e3a80000,0x00000000e4a00000)
  to   space 15360K, 0% used [0x00000000e2b80000,0x00000000e2b80000,0x00000000e3a80000)
 ParOldGen       total 139776K, used 14594K [0x0000000080000000, 0x0000000088880000, 0x00000000d5580000)
  object space 139776K, 10% used [0x0000000080000000,0x0000000080e40ac0,0x0000000088880000)
 Metaspace       used 46363K, capacity 48162K, committed 48424K, reserved 1091584K
  class space    used 6283K, capacity 6629K, committed 6704K, reserved 1048576K
Event: 5.332 GC heap after
Heap after GC invocations=9 (full 2):
 PSYoungGen      total 234496K, used 15351K [0x00000000d5580000, 0x00000000eb980000, 0x0000000100000000)
  eden space 219136K, 0% used [0x00000000d5580000,0x00000000d5580000,0x00000000e2b80000)
  from space 15360K, 99% used [0x00000000e2b80000,0x00000000e3a7df70,0x00000000e3a80000)
  to   space 18432K, 0% used [0x00000000ea780000,0x00000000ea780000,0x00000000eb980000)
 ParOldGen       total 139776K, used 16932K [0x0000000080000000, 0x0000000088880000, 0x00000000d5580000)
  object space 139776K, 12% used [0x0000000080000000,0x0000000081089130,0x0000000088880000)
 Metaspace       used 46363K, capacity 48162K, committed 48424K, reserved 1091584K
  class space    used 6283K, capacity 6629K, committed 6704K, reserved 1048576K
}
Event: 6.574 GC heap before
{Heap before GC invocations=10 (full 2):
 PSYoungGen      total 234496K, used 143307K [0x00000000d5580000, 0x00000000eb980000, 0x0000000100000000)
  eden space 219136K, 58% used [0x00000000d5580000,0x00000000dd274f40,0x00000000e2b80000)
  from space 15360K, 99% used [0x00000000e2b80000,0x00000000e3a7df70,0x00000000e3a80000)
  to   space 18432K, 0% used [0x00000000ea780000,0x00000000ea780000,0x00000000eb980000)
 ParOldGen       total 139776K, used 16932K [0x0000000080000000, 0x0000000088880000, 0x00000000d5580000)
  object space 139776K, 12% used [0x0000000080000000,0x0000000081089130,0x0000000088880000)
 Metaspace       used 56706K, capacity 59036K, committed 59160K, reserved 1099776K
  class space    used 7777K, capacity 8273K, committed 8368K, reserved 1048576K
Event: 6.599 GC heap after
Heap after GC invocations=10 (full 2):
 PSYoungGen      total 340992K, used 18409K [0x00000000d5580000, 0x00000000ec280000, 0x0000000100000000)
  eden space 322560K, 0% used [0x00000000d5580000,0x00000000d5580000,0x00000000e9080000)
  from space 18432K, 99% used [0x00000000ea780000,0x00000000eb97a750,0x00000000eb980000)
  to   space 23552K, 0% used [0x00000000e9080000,0x00000000e9080000,0x00000000ea780000)
 ParOldGen       total 139776K, used 22769K [0x0000000080000000, 0x0000000088880000, 0x00000000d5580000)
  object space 139776K, 16% used [0x0000000080000000,0x000000008163c7c8,0x0000000088880000)
 Metaspace       used 56706K, capacity 59036K, committed 59160K, reserved 1099776K
  class space    used 7777K, capacity 8273K, committed 8368K, reserved 1048576K
}
Event: 6.599 GC heap before
{Heap before GC invocations=11 (full 3):
 PSYoungGen      total 340992K, used 18409K [0x00000000d5580000, 0x00000000ec280000, 0x0000000100000000)
  eden space 322560K, 0% used [0x00000000d5580000,0x00000000d5580000,0x00000000e9080000)
  from space 18432K, 99% used [0x00000000ea780000,0x00000000eb97a750,0x00000000eb980000)
  to   space 23552K, 0% used [0x00000000e9080000,0x00000000e9080000,0x00000000ea780000)
 ParOldGen       total 139776K, used 22769K [0x0000000080000000, 0x0000000088880000, 0x00000000d5580000)
  object space 139776K, 16% used [0x0000000080000000,0x000000008163c7c8,0x0000000088880000)
 Metaspace       used 56706K, capacity 59036K, committed 59160K, reserved 1099776K
  class space    used 7777K, capacity 8273K, committed 8368K, reserved 1048576K
Event: 6.833 GC heap after
Heap after GC invocations=11 (full 3):
 PSYoungGen      total 340992K, used 0K [0x00000000d5580000, 0x00000000ec280000, 0x0000000100000000)
  eden space 322560K, 0% used [0x00000000d5580000,0x00000000d5580000,0x00000000e9080000)
  from space 18432K, 0% used [0x00000000ea780000,0x00000000ea780000,0x00000000eb980000)
  to   space 23552K, 0% used [0x00000000e9080000,0x00000000e9080000,0x00000000ea780000)
 ParOldGen       total 212992K, used 36076K [0x0000000080000000, 0x000000008d000000, 0x00000000d5580000)
  object space 212992K, 16% used [0x0000000080000000,0x000000008233b0c8,0x000000008d000000)
 Metaspace       used 56672K, capacity 58922K, committed 59160K, reserved 1099776K
  class space    used 7767K, capacity 8254K, committed 8368K, reserved 1048576K
}
Event: 9.624 GC heap before
{Heap before GC invocations=12 (full 3):
 PSYoungGen      total 340992K, used 322560K [0x00000000d5580000, 0x00000000ec280000, 0x0000000100000000)
  eden space 322560K, 100% used [0x00000000d5580000,0x00000000e9080000,0x00000000e9080000)
  from space 18432K, 0% used [0x00000000ea780000,0x00000000ea780000,0x00000000eb980000)
  to   space 23552K, 0% used [0x00000000e9080000,0x00000000e9080000,0x00000000ea780000)
 ParOldGen       total 212992K, used 36076K [0x0000000080000000, 0x000000008d000000, 0x00000000d5580000)
  object space 212992K, 16% used [0x0000000080000000,0x000000008233b0c8,0x000000008d000000)
 Metaspace       used 68261K, capacity 71782K, committed 71976K, reserved 1112064K
  class space    used 9541K, capacity 10198K, committed 10288K, reserved 1048576K
Event: 9.670 GC heap after
Heap after GC invocations=12 (full 3):
 PSYoungGen      total 346112K, used 23546K [0x00000000d5580000, 0x00000000f1b00000, 0x0000000100000000)
  eden space 322560K, 0% used [0x00000000d5580000,0x00000000d5580000,0x00000000e9080000)
  from space 23552K, 99% used [0x00000000e9080000,0x00000000ea77e9c0,0x00000000ea780000)
  to   space 39424K, 0% used [0x00000000ef480000,0x00000000ef480000,0x00000000f1b00000)
 ParOldGen       total 212992K, used 67220K [0x0000000080000000, 0x000000008d000000, 0x00000000d5580000)
  object space 212992K, 31% used [0x0000000080000000,0x00000000841a5308,0x000000008d000000)
 Metaspace       used 68261K, capacity 71782K, committed 71976K, reserved 1112064K
  class space    used 9541K, capacity 10198K, committed 10288K, reserved 1048576K
}
Event: 34.896 GC heap before
{Heap before GC invocations=13 (full 3):
 PSYoungGen      total 346112K, used 346106K [0x00000000d5580000, 0x00000000f1b00000, 0x0000000100000000)
  eden space 322560K, 100% used [0x00000000d5580000,0x00000000e9080000,0x00000000e9080000)
  from space 23552K, 99% used [0x00000000e9080000,0x00000000ea77e9c0,0x00000000ea780000)
  to   space 39424K, 0% used [0x00000000ef480000,0x00000000ef480000,0x00000000f1b00000)
 ParOldGen       total 212992K, used 67220K [0x0000000080000000, 0x000000008d000000, 0x00000000d5580000)
  object space 212992K, 31% used [0x0000000080000000,0x00000000841a5308,0x000000008d000000)
 Metaspace       used 78710K, capacity 83000K, committed 83240K, reserved 1120256K
  class space    used 10726K, capacity 11539K, committed 11568K, reserved 1048576K

Deoptimization events (10 events):
Event: 34.742 Thread 0x000000001bf5c000 Uncommon trap: reason=bimorphic action=maybe_recompile pc=0x0000000003207804 method=java.util.Objects.equals(Ljava/lang/Object;Ljava/lang/Object;)Z @ 11
Event: 34.742 Thread 0x000000001bf5c000 Uncommon trap: reason=bimorphic action=maybe_recompile pc=0x0000000003207804 method=java.util.Objects.equals(Ljava/lang/Object;Ljava/lang/Object;)Z @ 11
Event: 34.742 Thread 0x000000001bf5c000 Uncommon trap: reason=unstable_if action=reinterpret pc=0x0000000003aa5a6c method=org.gradle.cache.internal.DefaultCrossBuildInMemoryCacheFactory$AbstractCrossBuildInMemoryCache.getIfPresent(Ljava/lang/Object;)Ljava/lang/Object; @ 24
Event: 34.750 Thread 0x000000001bf5c000 Uncommon trap: reason=unstable_if action=reinterpret pc=0x0000000002beceb4 method=com.google.common.collect.MapMakerInternalMap$Segment.getEntry(Ljava/lang/Object;I)Lcom/google/common/collect/MapMakerInternalMap$InternalEntry; @ 4
Event: 34.756 Thread 0x000000001bf5c000 Uncommon trap: reason=bimorphic action=maybe_recompile pc=0x0000000003207804 method=java.util.Objects.equals(Ljava/lang/Object;Ljava/lang/Object;)Z @ 11
Event: 34.756 Thread 0x000000001bf5c000 Uncommon trap: reason=bimorphic action=maybe_recompile pc=0x0000000003207804 method=java.util.Objects.equals(Ljava/lang/Object;Ljava/lang/Object;)Z @ 11
Event: 34.839 Thread 0x000000001bf5c000 Uncommon trap: reason=class_check action=maybe_recompile pc=0x0000000003c385e0 method=java.util.Map.computeIfAbsent(Ljava/lang/Object;Ljava/util/function/Function;)Ljava/lang/Object; @ 7
Event: 34.841 Thread 0x000000001bf5c000 Uncommon trap: reason=class_check action=maybe_recompile pc=0x0000000003c385e0 method=java.util.Map.computeIfAbsent(Ljava/lang/Object;Ljava/util/function/Function;)Ljava/lang/Object; @ 7
Event: 34.841 Thread 0x000000001bf5c000 Uncommon trap: reason=class_check action=maybe_recompile pc=0x0000000003c385e0 method=java.util.Map.computeIfAbsent(Ljava/lang/Object;Ljava/util/function/Function;)Ljava/lang/Object; @ 7
Event: 34.842 Thread 0x000000001bf5c000 Uncommon trap: reason=class_check action=maybe_recompile pc=0x0000000003c385e0 method=java.util.Map.computeIfAbsent(Ljava/lang/Object;Ljava/util/function/Function;)Ljava/lang/Object; @ 7

Classes redefined (0 events):
No events

Internal exceptions (10 events):
Event: 10.653 Thread 0x0000000021799000 Implicit null exception at 0x0000000003b8f28f to 0x0000000003b8f3f1
Event: 10.764 Thread 0x0000000021799000 Implicit null exception at 0x0000000003d6f071 to 0x0000000003d6f615
Event: 11.271 Thread 0x0000000021799000 Exception <a 'sun/nio/fs/WindowsException'> (0x00000000de8600c8) thrown at [C:\src\AOSP-openjdk-git\hotspot\src\share\vm\prims\jni.cpp, line 710]
Event: 11.757 Thread 0x0000000021791800 Exception <a 'java/lang/NoSuchMethodError': <clinit>> (0x00000000e22cbd30) thrown at [C:\src\AOSP-openjdk-git\hotspot\src\share\vm\prims\jni.cpp, line 1615]
Event: 11.776 Thread 0x000000002178c000 Exception <a 'java/lang/NoSuchMethodError': java.lang.Object.lambda$asRunnable$0(Lcom/android/tools/build/apkzlib/utils/IOExceptionRunnable;)V> (0x00000000e2400c58) thrown at [C:\src\AOSP-openjdk-git\hotspot\src\share\vm\interpreter\linkResolver.cpp, line
Event: 11.818 Thread 0x000000002178c000 Exception <a 'java/lang/NoSuchMethodError': java.lang.Object.newSystemTemporaryDirectory()Lcom/android/tools/build/apkzlib/bytestorage/TemporaryDirectory;> (0x00000000e268e9e8) thrown at [C:\src\AOSP-openjdk-git\hotspot\src\share\vm\interpreter\linkResolv
Event: 11.855 Thread 0x000000002178c000 Exception <a 'sun/nio/fs/WindowsException'> (0x00000000e2858818) thrown at [C:\src\AOSP-openjdk-git\hotspot\src\share\vm\prims\jni.cpp, line 710]
Event: 11.855 Thread 0x000000002178c000 Exception <a 'sun/nio/fs/WindowsException'> (0x00000000e2858cf8) thrown at [C:\src\AOSP-openjdk-git\hotspot\src\share\vm\prims\jni.cpp, line 710]
Event: 11.862 Thread 0x000000002178c000 Exception <a 'java/lang/NoSuchMethodError': java.lang.Object.lambda$static$0(Lcom/android/apksig/util/RunnablesProvider;)V> (0x00000000e28e0778) thrown at [C:\src\AOSP-openjdk-git\hotspot\src\share\vm\interpreter\linkResolver.cpp, line 620]
Event: 12.243 Thread 0x000000001bf5c000 Implicit null exception at 0x0000000003a10eac to 0x0000000003a10ef5

Events (10 events):
Event: 34.857 Thread 0x000000001f49b000 Thread added: 0x000000001f49b000
Event: 34.859 Thread 0x000000001bf5c000 DEOPT PACKING pc=0x000000000404b3a4 sp=0x000000001dcc9d50
Event: 34.859 Thread 0x000000001bf5c000 DEOPT UNPACKING pc=0x00000000025a75d0 sp=0x000000001dcc9c20 mode 0
Event: 34.865 Thread 0x000000001f499000 DEOPT PACKING pc=0x000000000404b3a4 sp=0x000000003215d4d0
Event: 34.865 Thread 0x000000001f499000 DEOPT UNPACKING pc=0x00000000025a75d0 sp=0x000000003215d3a0 mode 0
Event: 34.873 Thread 0x000000001f49c800 DEOPT PACKING pc=0x000000000404b3a4 sp=0x000000003235e0e0
Event: 34.873 Thread 0x000000001f49c800 DEOPT UNPACKING pc=0x00000000025a75d0 sp=0x000000003235dfb0 mode 0
Event: 34.890 Thread 0x000000001c702000 DEOPT PACKING pc=0x000000000404b3a4 sp=0x0000000028f7e700
Event: 34.890 Thread 0x000000001c702000 DEOPT UNPACKING pc=0x00000000025a75d0 sp=0x0000000028f7e5b8 mode 0
Event: 34.895 Executing VM operation: ParallelGCFailedAllocation


Dynamic libraries:
0x00007ff6f3520000 - 0x00007ff6f3551000 	C:\Program Files\Android\Android Studio\jre\bin\java.exe
0x00007ffefc2b0000 - 0x00007ffefc49d000 	C:\Windows\SYSTEM32\ntdll.dll
0x00007ffef9540000 - 0x00007ffef95f3000 	C:\Windows\System32\KERNEL32.DLL
0x00007ffef84d0000 - 0x00007ffef8763000 	C:\Windows\System32\KERNELBASE.dll
0x00007ffefbdd0000 - 0x00007ffefbe73000 	C:\Windows\System32\ADVAPI32.dll
0x00007ffefa100000 - 0x00007ffefa19e000 	C:\Windows\System32\msvcrt.dll
0x00007ffefc1e0000 - 0x00007ffefc27e000 	C:\Windows\System32\sechost.dll
0x00007ffefc020000 - 0x00007ffefc143000 	C:\Windows\System32\RPCRT4.dll
0x00007ffefa3e0000 - 0x00007ffefa577000 	C:\Windows\System32\USER32.dll
0x00007ffef8870000 - 0x00007ffef8890000 	C:\Windows\System32\win32u.dll
0x00007ffefc150000 - 0x00007ffefc179000 	C:\Windows\System32\GDI32.dll
0x00007ffef8ad0000 - 0x00007ffef8c6a000 	C:\Windows\System32\gdi32full.dll
0x00007ffef8cf0000 - 0x00007ffef8d90000 	C:\Windows\System32\msvcp_win.dll
0x00007ffef8770000 - 0x00007ffef886c000 	C:\Windows\System32\ucrtbase.dll
0x00007ffee4fd0000 - 0x00007ffee5249000 	C:\Windows\WinSxS\amd64_microsoft.windows.common-controls_6595b64144ccf1df_6.0.17763.107_none_05b63884071e656e\COMCTL32.dll
0x00007ffef9600000 - 0x00007ffef992e000 	C:\Windows\System32\combase.dll
0x00007ffef8c70000 - 0x00007ffef8cee000 	C:\Windows\System32\bcryptPrimitives.dll
0x00007ffefbda0000 - 0x00007ffefbdce000 	C:\Windows\System32\IMM32.DLL
0x0000000060f80000 - 0x0000000061052000 	C:\Program Files\Android\Android Studio\jre\jre\bin\msvcr100.dll
0x000000005fec0000 - 0x000000006070b000 	C:\Program Files\Android\Android Studio\jre\jre\bin\server\jvm.dll
0x00007ffefa3d0000 - 0x00007ffefa3d8000 	C:\Windows\System32\PSAPI.DLL
0x00007ffee1ea0000 - 0x00007ffee1ea9000 	C:\Windows\SYSTEM32\WSOCK32.dll
0x00007ffef5db0000 - 0x00007ffef5dba000 	C:\Windows\SYSTEM32\VERSION.dll
0x00007ffefbe80000 - 0x00007ffefbeed000 	C:\Windows\System32\WS2_32.dll
0x00007ffef3480000 - 0x00007ffef34a4000 	C:\Windows\SYSTEM32\WINMM.dll
0x00007ffef3340000 - 0x00007ffef336d000 	C:\Windows\SYSTEM32\WINMMBASE.dll
0x00007ffef8430000 - 0x00007ffef847a000 	C:\Windows\System32\cfgmgr32.dll
0x00007ffef4450000 - 0x00007ffef445f000 	C:\Program Files\Android\Android Studio\jre\jre\bin\verify.dll
0x00007ffef4410000 - 0x00007ffef4439000 	C:\Program Files\Android\Android Studio\jre\jre\bin\java.dll
0x00007ffef43f0000 - 0x00007ffef4406000 	C:\Program Files\Android\Android Studio\jre\jre\bin\zip.dll
0x00007ffefa820000 - 0x00007ffefbd0f000 	C:\Windows\System32\SHELL32.dll
0x00007ffefa1a0000 - 0x00007ffefa248000 	C:\Windows\System32\shcore.dll
0x00007ffef8d90000 - 0x00007ffef94d8000 	C:\Windows\System32\windows.storage.dll
0x00007ffef8330000 - 0x00007ffef8354000 	C:\Windows\System32\profapi.dll
0x00007ffef82b0000 - 0x00007ffef830d000 	C:\Windows\System32\powrprof.dll
0x00007ffefc180000 - 0x00007ffefc1d2000 	C:\Windows\System32\shlwapi.dll
0x00007ffef8310000 - 0x00007ffef8321000 	C:\Windows\System32\kernel.appcore.dll
0x00007ffef8480000 - 0x00007ffef8497000 	C:\Windows\System32\cryptsp.dll
0x00007ffef43d0000 - 0x00007ffef43ea000 	C:\Program Files\Android\Android Studio\jre\jre\bin\net.dll
0x00007ffef7760000 - 0x00007ffef77c7000 	C:\Windows\system32\mswsock.dll
0x00007ffef43b0000 - 0x00007ffef43c3000 	C:\Program Files\Android\Android Studio\jre\jre\bin\nio.dll
0x00007ffedbef0000 - 0x00007ffedbf17000 	C:\Users\TYLER\.gradle\native\f6784746aeab05261644944871eae4fe03e0ef1612fff0a4a95f87b438bc6780\windows-amd64\native-platform.dll
0x00007ffef43a0000 - 0x00007ffef43ad000 	C:\Program Files\Android\Android Studio\jre\jre\bin\management.dll
0x00007ffef7320000 - 0x00007ffef7353000 	C:\Windows\system32\rsaenh.dll
0x00007ffef84a0000 - 0x00007ffef84c6000 	C:\Windows\System32\bcrypt.dll
0x00007ffef81b0000 - 0x00007ffef81d8000 	C:\Windows\SYSTEM32\USERENV.dll
0x00007ffef7930000 - 0x00007ffef793c000 	C:\Windows\SYSTEM32\CRYPTBASE.dll
0x00007ffef74c0000 - 0x00007ffef74fd000 	C:\Windows\SYSTEM32\IPHLPAPI.DLL
0x00007ffefbd90000 - 0x00007ffefbd98000 	C:\Windows\System32\NSI.dll
0x00007ffef1090000 - 0x00007ffef10a6000 	C:\Windows\SYSTEM32\dhcpcsvc6.DLL
0x00007ffef1370000 - 0x00007ffef138c000 	C:\Windows\SYSTEM32\dhcpcsvc.DLL
0x00007ffef7500000 - 0x00007ffef75c6000 	C:\Windows\SYSTEM32\DNSAPI.dll
0x00007ffef2270000 - 0x00007ffef227b000 	C:\Windows\SYSTEM32\WINNSI.DLL
0x00007ffef7df0000 - 0x00007ffef7fdd000 	C:\Windows\SYSTEM32\dbghelp.dll

VM Arguments:
jvm_args: -Xmx2048m -Dfile.encoding=UTF-8 -Duser.country=US -Duser.language=en -Duser.variant 
java_command: org.gradle.launcher.daemon.bootstrap.GradleDaemon 6.5
java_class_path (initial): C:\Users\TYLER\.gradle\wrapper\dists\gradle-6.5-bin\6nifqtx7604sqp1q6g8wikw7p\gradle-6.5\lib\gradle-launcher-6.5.jar
Launcher Type: SUN_STANDARD

Environment Variables:
PATH=C:\Program Files (x86)\MiKTeX 2.8\miktex\bin;C:\Program Files\Python39\Scripts\;C:\Program Files\Python39\;C:\Program Files\Common Files\Oracle\Java\javapath;C:\Windows\system32;C:\Windows;C:\Windows\System32\Wbem;C:\Windows\System32\WindowsPowerShell\v1.0\;C:\Windows\System32\OpenSSH\;C:\Program Files\Microsoft VS Code\bin;C:\Program Files\Microsoft SQL Server\Client SDK\ODBC\170\Tools\Binn\;C:\Program Files (x86)\Microsoft SQL Server\150\Tools\Binn\;C:\Program Files\Microsoft SQL Server\150\Tools\Binn\;C:\Program Files\Microsoft SQL Server\150\DTS\Binn\;C:\Program Files\Git\cmd;C:\Program Files (x86)\Microsoft SQL Server\150\DTS\Binn\;C:\Program Files\Azure Data Studio\bin;C:\Program Files\mingw32\bin;C:\Program Files\dotnet\;C:\Users\TYLER\AppData\Local\Microsoft\WindowsApps;;C:\Program Files\Azure Data Studio\bin;C:\Users\TYLER\.dotnet\tools
USERNAME=TYLER
OS=Windows_NT
PROCESSOR_IDENTIFIER=Intel64 Family 6 Model 94 Stepping 3, GenuineIntel



---------------  S Y S T E M  ---------------

OS: Windows 10.0 , 64 bit Build 17763 (10.0.17763.1)

CPU:total 8 (initial active 8) (4 cores per cpu, 2 threads per core) family 6 model 94 stepping 3, cmov, cx8, fxsr, mmx, sse, sse2, sse3, ssse3, sse4.1, sse4.2, popcnt, avx, avx2, aes, clmul, erms, rtm, 3dnowpref, lzcnt, ht, tsc, tscinvbit, bmi1, bmi2, adx

Memory: 4k page, physical 16595532k(6850060k free), swap 19610188k(7074352k free)

vm_info: OpenJDK 64-Bit Server VM (25.242-b01) for windows-amd64 JRE (1.8.0_242-release-1644-b01), built by "builder" with MS VC++ 10.0 (VS2010)

time: Thu Mar 04 15:43:01 2021
timezone: SE Asia Standard Time
elapsed time: 34 seconds (0d 0h 0m 34s)

