#
# A fatal error has been detected by the Java Runtime Environment:
#
#  EXCEPTION_ACCESS_VIOLATION (0xc0000005) at pc=0x000000006842b822, pid=2056, tid=0x00000000000013d8
#
# JRE version: OpenJDK Runtime Environment (8.0_242-b01) (build 1.8.0_242-release-1644-b01)
# Java VM: OpenJDK 64-Bit Server VM (25.242-b01 mixed mode windows-amd64 compressed oops)
# Problematic frame:
# V  [jvm.dll+0x8b822]
#
# Failed to write core dump. Minidumps are not enabled by default on client versions of Windows
#
# If you would like to submit a bug report, please visit:
#   
#

---------------  T H R E A D  ---------------

Current thread (0x0000000002842800):  GCTaskThread [stack: 0x00000000129a0000,0x0000000012aa0000] [id=5080]

siginfo: ExceptionCode=0xc0000005, reading address 0x00000000000000e8

Registers:
RAX=0x0000000000000000, RBX=0x00000000d6c720a0, RCX=0x0000000100201610, RDX=0x00000000d6c720a0
RSP=0x0000000012a9f878, RBP=0x0000000000000000, RSI=0x0000000002916780, RDI=0x000001bc00000081
R8 =0x0000000000000000, R9 =0x0000000100201610, R10=0x0000000000000008, R11=0x00000000da104000
R12=0x00000000689bddd0, R13=0x0000000000000001, R14=0x0000000000000000, R15=0x00000000028430f0
RIP=0x000000006842b822, EFLAGS=0x0000000000010246

Top of Stack: (sp=0x0000000012a9f878)
0x0000000012a9f878:   00000000687727b2 00000000d6c72170
0x0000000012a9f888:   0000000000000004 0000000002916780
0x0000000012a9f898:   0000000002832400 00000000da0fc010
0x0000000012a9f8a8:   0000000068772efb 00000000d9fe361c
0x0000000012a9f8b8:   0000000000000000 0000000000000000
0x0000000012a9f8c8:   0000000002832401 00000000689bddd0
0x0000000012a9f8d8:   0000000068772b20 00000000da0fd638
0x0000000012a9f8e8:   0000000000000000 0000000002916780
0x0000000012a9f8f8:   000001bc00000081 00000000da0fd638
0x0000000012a9f908:   00000000687734f5 00000000d81e4998
0x0000000012a9f918:   0000000000000000 0000000002916780
0x0000000012a9f928:   0000000068772a31 000001bc00000081
0x0000000012a9f938:   0000000000000008 0000000002916780
0x0000000012a9f948:   000001bc00000081 00000000028430e0
0x0000000012a9f958:   000001bb00000081 00000258000000a2
0x0000000012a9f968:   0000000100000961 00000000028430e0 

Instructions: (pc=0x000000006842b822)
0x000000006842b802:   e2 49 8d 0c 11 49 f7 d1 48 03 c1 49 c1 e9 03 48
0x000000006842b812:   c1 e8 03 41 23 c1 c3 48 8b 02 48 8b d1 49 8b c9
0x000000006842b822:   48 ff a0 e8 00 00 00 cc cc cc cc cc cc cc 80 3d
0x000000006842b832:   1a 97 73 00 00 48 8b c1 74 1b 8b 51 08 8b 0d 73 


Register to memory mapping:

RAX=0x0000000000000000 is an unknown value
RBX=0x00000000d6c720a0 is an oop

[error occurred during error reporting (printing register info), id 0xc0000005]

Stack: [0x00000000129a0000,0x0000000012aa0000],  sp=0x0000000012a9f878,  free space=1022k
Native frames: (J=compiled Java code, j=interpreted, Vv=VM code, C=native code)


---------------  P R O C E S S  ---------------

Java Threads: ( => current thread )
  0x000000001c156000 JavaThread "Thread-9" [_thread_blocked, id=6304, stack(0x000000001e290000,0x000000001e390000)]
  0x000000001c17a000 JavaThread "Stdin handler" [_thread_blocked, id=3584, stack(0x000000001e190000,0x000000001e290000)]
  0x000000001c17e000 JavaThread "Asynchronous log dispatcher for DefaultDaemonConnection: socket connection from /127.0.0.1:50509 to /127.0.0.1:50510" [_thread_blocked, id=11880, stack(0x000000001e090000,0x000000001e190000)]
  0x000000001c13c800 JavaThread "Daemon worker" [_thread_blocked, id=10624, stack(0x000000001df90000,0x000000001e090000)]
  0x000000001c13b800 JavaThread "Cancel handler" [_thread_blocked, id=4928, stack(0x000000001dd90000,0x000000001de90000)]
  0x000000001c142000 JavaThread "Handler for socket connection from /127.0.0.1:50509 to /127.0.0.1:50510" [_thread_in_native, id=2480, stack(0x000000001dc90000,0x000000001dd90000)]
  0x000000001c10b000 JavaThread "Daemon" [_thread_blocked, id=7060, stack(0x000000001db90000,0x000000001dc90000)]
  0x000000001c0fd800 JavaThread "Daemon periodic checks" [_thread_blocked, id=7968, stack(0x000000001d890000,0x000000001d990000)]
  0x000000001c0b7000 JavaThread "Incoming local TCP Connector on port 50509" [_thread_in_native, id=988, stack(0x000000001d650000,0x000000001d750000)]
  0x000000001be3e800 JavaThread "Daemon health stats" [_thread_blocked, id=11372, stack(0x000000001d010000,0x000000001d110000)]
  0x000000001983c800 JavaThread "Service Thread" daemon [_thread_blocked, id=8796, stack(0x000000001a470000,0x000000001a570000)]
  0x00000000197b9800 JavaThread "C1 CompilerThread3" daemon [_thread_blocked, id=12148, stack(0x000000001a370000,0x000000001a470000)]
  0x00000000197b6000 JavaThread "C2 CompilerThread2" daemon [_thread_blocked, id=1280, stack(0x000000001a270000,0x000000001a370000)]
  0x00000000197a7800 JavaThread "C2 CompilerThread1" daemon [_thread_blocked, id=6788, stack(0x000000001a170000,0x000000001a270000)]
  0x00000000197a6000 JavaThread "C2 CompilerThread0" daemon [_thread_blocked, id=9504, stack(0x000000001a070000,0x000000001a170000)]
  0x00000000197a1000 JavaThread "Attach Listener" daemon [_thread_blocked, id=11360, stack(0x0000000019f70000,0x000000001a070000)]
  0x00000000197a0000 JavaThread "Signal Dispatcher" daemon [_thread_blocked, id=9864, stack(0x0000000019e70000,0x0000000019f70000)]
  0x0000000019791800 JavaThread "Finalizer" daemon [_thread_blocked, id=3492, stack(0x0000000019c70000,0x0000000019d70000)]
  0x0000000002919000 JavaThread "Reference Handler" daemon [_thread_blocked, id=2372, stack(0x0000000019b70000,0x0000000019c70000)]
  0x000000000281e000 JavaThread "main" [_thread_blocked, id=3276, stack(0x00000000026e0000,0x00000000027e0000)]

Other Threads:
  0x0000000017986000 VMThread [stack: 0x0000000019670000,0x0000000019770000] [id=9572]
  0x0000000019841800 WatcherThread [stack: 0x000000001a570000,0x000000001a670000] [id=1264]

=>0x0000000002842800 (exited) GCTaskThread [stack: 0x00000000129a0000,0x0000000012aa0000] [id=5080]

VM state:at safepoint (normal execution)

VM Mutex/Monitor currently owned by a thread:  ([mutex/lock_event])
[0x000000000281d070] Threads_lock - owner thread: 0x0000000017986000
[0x000000000281ca70] Heap_lock - owner thread: 0x000000001c13c800

heap address: 0x0000000080000000, size: 2048 MB, Compressed Oops mode: 32-bit
Narrow klass base: 0x0000000000000000, Narrow klass shift: 3
Compressed class space size: 1073741824 Address: 0x0000000100000000

Heap:
 PSYoungGen      total 75776K, used 70675K [0x00000000d5580000, 0x00000000daa00000, 0x0000000100000000)
  eden space 65024K, 100% used [0x00000000d5580000,0x00000000d9500000,0x00000000d9500000)
  from space 10752K, 52% used [0x00000000d9500000,0x00000000d9a84e50,0x00000000d9f80000)
  to   space 10752K, 45% used [0x00000000d9f80000,0x00000000da448020,0x00000000daa00000)
 ParOldGen       total 173568K, used 24K [0x0000000080000000, 0x000000008a980000, 0x00000000d5580000)
  object space 173568K, 0% used [0x0000000080000000,0x0000000080006000,0x000000008a980000)
 Metaspace       used 14191K, capacity 14636K, committed 14976K, reserved 1062912K
  class space    used 1954K, capacity 2114K, committed 2176K, reserved 1048576K

Card table byte_map: [0x0000000011ce0000,0x00000000120f0000] byte_map_base: 0x00000000118e0000

Marking Bits: (ParMarkBitMap*) 0x0000000068b6f030
 Begin Bits: [0x0000000012ba0000, 0x0000000014ba0000)
 End Bits:   [0x0000000014ba0000, 0x0000000016ba0000)

Polling page: 0x00000000005f0000

CodeCache: size=245760Kb used=5151Kb max_used=5151Kb free=240609Kb
 bounds [0x0000000002920000, 0x0000000002e30000, 0x0000000011920000]
 total_blobs=1828 nmethods=1446 adapters=295
 compilation: enabled

Compilation events (10 events):

[error occurred during error reporting (printing ring buffers), id 0xc0000005]

Dynamic libraries:
0x00007ff66e800000 - 0x00007ff66e831000 	C:\Program Files\Android\Android Studio\jre\bin\java.exe
0x00007ffbda700000 - 0x00007ffbda8ed000 	C:\Windows\SYSTEM32\ntdll.dll
0x00007ffbd9de0000 - 0x00007ffbd9e93000 	C:\Windows\System32\KERNEL32.DLL
0x00007ffbd7640000 - 0x00007ffbd78d3000 	C:\Windows\System32\KERNELBASE.dll
0x00007ffbda470000 - 0x00007ffbda513000 	C:\Windows\System32\ADVAPI32.dll
0x00007ffbda520000 - 0x00007ffbda5be000 	C:\Windows\System32\msvcrt.dll
0x00007ffbda630000 - 0x00007ffbda6ce000 	C:\Windows\System32\sechost.dll
0x00007ffbd7c10000 - 0x00007ffbd7d33000 	C:\Windows\System32\RPCRT4.dll
0x00007ffbd9eb0000 - 0x00007ffbda047000 	C:\Windows\System32\USER32.dll
0x00007ffbd7190000 - 0x00007ffbd71b0000 	C:\Windows\System32\win32u.dll
0x00007ffbda180000 - 0x00007ffbda1a9000 	C:\Windows\System32\GDI32.dll
0x00007ffbd67f0000 - 0x00007ffbd698a000 	C:\Windows\System32\gdi32full.dll
0x00007ffbd73f0000 - 0x00007ffbd7490000 	C:\Windows\System32\msvcp_win.dll
0x00007ffbd74c0000 - 0x00007ffbd75bc000 	C:\Windows\System32\ucrtbase.dll
0x00007ffbc2130000 - 0x00007ffbc23a9000 	C:\Windows\WinSxS\amd64_microsoft.windows.common-controls_6595b64144ccf1df_6.0.17763.107_none_05b63884071e656e\COMCTL32.dll
0x00007ffbd80c0000 - 0x00007ffbd83ee000 	C:\Windows\System32\combase.dll
0x00007ffbd75c0000 - 0x00007ffbd763e000 	C:\Windows\System32\bcryptPrimitives.dll
0x00007ffbda430000 - 0x00007ffbda45e000 	C:\Windows\System32\IMM32.DLL
0x000000006a7f0000 - 0x000000006a8c2000 	C:\Program Files\Android\Android Studio\jre\jre\bin\msvcr100.dll
0x00000000683a0000 - 0x0000000068beb000 	C:\Program Files\Android\Android Studio\jre\jre\bin\server\jvm.dll
0x00007ffbda420000 - 0x00007ffbda428000 	C:\Windows\System32\PSAPI.DLL
0x00007ffbc3c70000 - 0x00007ffbc3c79000 	C:\Windows\SYSTEM32\WSOCK32.dll
0x00007ffbd1870000 - 0x00007ffbd1894000 	C:\Windows\SYSTEM32\WINMM.dll
0x00007ffbd0b30000 - 0x00007ffbd0b3a000 	C:\Windows\SYSTEM32\VERSION.dll
0x00007ffbda5c0000 - 0x00007ffbda62d000 	C:\Windows\System32\WS2_32.dll
0x00007ffbd17f0000 - 0x00007ffbd181d000 	C:\Windows\SYSTEM32\winmmbase.dll
0x00007ffbd78e0000 - 0x00007ffbd792a000 	C:\Windows\System32\cfgmgr32.dll
0x00007ffbd3210000 - 0x00007ffbd321f000 	C:\Program Files\Android\Android Studio\jre\jre\bin\verify.dll
0x00007ffbd2a80000 - 0x00007ffbd2aa9000 	C:\Program Files\Android\Android Studio\jre\jre\bin\java.dll
0x00007ffbd31f0000 - 0x00007ffbd3206000 	C:\Program Files\Android\Android Studio\jre\jre\bin\zip.dll
0x00007ffbd83f0000 - 0x00007ffbd98df000 	C:\Windows\System32\SHELL32.dll
0x00007ffbd7b60000 - 0x00007ffbd7c08000 	C:\Windows\System32\shcore.dll
0x00007ffbd6a40000 - 0x00007ffbd7188000 	C:\Windows\System32\windows.storage.dll
0x00007ffbd67a0000 - 0x00007ffbd67c4000 	C:\Windows\System32\profapi.dll
0x00007ffbd6740000 - 0x00007ffbd679d000 	C:\Windows\System32\powrprof.dll
0x00007ffbd7d40000 - 0x00007ffbd7d92000 	C:\Windows\System32\shlwapi.dll
0x00007ffbd6700000 - 0x00007ffbd6711000 	C:\Windows\System32\kernel.appcore.dll
0x00007ffbd67d0000 - 0x00007ffbd67e7000 	C:\Windows\System32\cryptsp.dll
0x00007ffbd2230000 - 0x00007ffbd224a000 	C:\Program Files\Android\Android Studio\jre\jre\bin\net.dll
0x00007ffbd5f90000 - 0x00007ffbd5ff7000 	C:\Windows\system32\mswsock.dll
0x00007ffbd1970000 - 0x00007ffbd1983000 	C:\Program Files\Android\Android Studio\jre\jre\bin\nio.dll
0x00007ffbd2380000 - 0x00007ffbd23a7000 	C:\Users\TYLER\.gradle\native\f6784746aeab05261644944871eae4fe03e0ef1612fff0a4a95f87b438bc6780\windows-amd64\native-platform.dll
0x00007ffbd31b0000 - 0x00007ffbd31bd000 	C:\Program Files\Android\Android Studio\jre\jre\bin\management.dll
0x00007ffbd5b50000 - 0x00007ffbd5b83000 	C:\Windows\system32\rsaenh.dll
0x00007ffbd7490000 - 0x00007ffbd74b6000 	C:\Windows\System32\bcrypt.dll
0x00007ffbd6630000 - 0x00007ffbd6658000 	C:\Windows\SYSTEM32\USERENV.dll
0x00007ffbd6160000 - 0x00007ffbd616c000 	C:\Windows\SYSTEM32\CRYPTBASE.dll
0x00007ffbd5cf0000 - 0x00007ffbd5d2d000 	C:\Windows\SYSTEM32\IPHLPAPI.DLL
0x00007ffbda460000 - 0x00007ffbda468000 	C:\Windows\System32\NSI.dll
0x00007ffbc9e50000 - 0x00007ffbc9e66000 	C:\Windows\SYSTEM32\dhcpcsvc6.DLL
0x00007ffbc9e30000 - 0x00007ffbc9e4c000 	C:\Windows\SYSTEM32\dhcpcsvc.DLL
0x00007ffbd5d30000 - 0x00007ffbd5df6000 	C:\Windows\SYSTEM32\DNSAPI.dll
0x00007ffbca040000 - 0x00007ffbca04b000 	C:\Windows\SYSTEM32\WINNSI.DLL
0x00007ffbc39e0000 - 0x00007ffbc3bcd000 	C:\Windows\SYSTEM32\dbghelp.dll

VM Arguments:
jvm_args: -Xmx2048m -Dfile.encoding=UTF-8 -Duser.country=US -Duser.language=en -Duser.variant 
java_command: org.gradle.launcher.daemon.bootstrap.GradleDaemon 6.5
java_class_path (initial): C:\Users\TYLER\.gradle\wrapper\dists\gradle-6.5-bin\6nifqtx7604sqp1q6g8wikw7p\gradle-6.5\lib\gradle-launcher-6.5.jar
Launcher Type: SUN_STANDARD

Environment Variables:
PATH=C:\Program Files (x86)\Common Files\Intel\Shared Libraries\redist\intel64\compiler;C:\Program Files (x86)\MiKTeX 2.8\miktex\bin;C:\Program Files\Python39\Scripts\;C:\Program Files\Python39\;C:\Program Files\Common Files\Oracle\Java\javapath;C:\Windows\system32;C:\Windows;C:\Windows\System32\Wbem;C:\Windows\System32\WindowsPowerShell\v1.0\;C:\Windows\System32\OpenSSH\;C:\Program Files\Microsoft VS Code\bin;C:\Program Files\Microsoft SQL Server\Client SDK\ODBC\170\Tools\Binn\;C:\Program Files (x86)\Microsoft SQL Server\150\Tools\Binn\;C:\Program Files\Microsoft SQL Server\150\Tools\Binn\;C:\Program Files\Microsoft SQL Server\150\DTS\Binn\;C:\Program Files\Git\cmd;C:\Program Files (x86)\Microsoft SQL Server\150\DTS\Binn\;C:\Program Files\Azure Data Studio\bin;C:\Program Files\mingw32\bin;C:\Users\TYLER\AppData\Local\Microsoft\WindowsApps;;C:\Program Files\Azure Data Studio\bin
USERNAME=TYLER
OS=Windows_NT
PROCESSOR_IDENTIFIER=Intel64 Family 6 Model 94 Stepping 3, GenuineIntel



---------------  S Y S T E M  ---------------

OS: Windows 10.0 , 64 bit Build 17763 (10.0.17763.1)

CPU:total 8 (initial active 8) (4 cores per cpu, 2 threads per core) family 6 model 94 stepping 3, cmov, cx8, fxsr, mmx, sse, sse2, sse3, ssse3, sse4.1, sse4.2, popcnt, avx, avx2, aes, clmul, erms, rtm, 3dnowpref, lzcnt, ht, tsc, tscinvbit, bmi1, bmi2, adx

Memory: 4k page, physical 16595532k(8310048k free), swap 19085900k(8410836k free)

vm_info: OpenJDK 64-Bit Server VM (25.242-b01) for windows-amd64 JRE (1.8.0_242-release-1644-b01), built by "builder" with MS VC++ 10.0 (VS2010)

time: Thu Mar 11 21:34:45 2021
timezone: SE Asia Standard Time
elapsed time: 2 seconds (0d 0h 0m 2s)

