#
# A fatal error has been detected by the Java Runtime Environment:
#
#  EXCEPTION_ACCESS_VIOLATION (0xc0000005) at pc=0x00000000687c4253, pid=1264, tid=0x00000000000017d0
#
# JRE version: OpenJDK Runtime Environment (8.0_242-b01) (build 1.8.0_242-release-1644-b01)
# Java VM: OpenJDK 64-Bit Server VM (25.242-b01 mixed mode windows-amd64 compressed oops)
# Problematic frame:
# V  [jvm.dll+0x424253]
#
# Failed to write core dump. Minidumps are not enabled by default on client versions of Windows
#
# If you would like to submit a bug report, please visit:
#   
#

---------------  T H R E A D  ---------------

Current thread (0x000000001a25c800):  JavaThread "C2 CompilerThread2" daemon [_thread_in_native, id=6096, stack(0x000000001ad20000,0x000000001ae20000)]

siginfo: ExceptionCode=0xc0000005, reading address 0x0000000000000008

Registers:
RAX=0x0000000000000000, RBX=0x0000000000000070, RCX=0x0000000000000001, RDX=0x0000000000000001
RSP=0x000000001ae1bd68, RBP=0x000000001ae1be70, RSI=0x000000001ff89bf0, RDI=0x00000000201622f0
R8 =0x0000000000000010, R9 =0x0000000000000012, R10=0x0000000000000006, R11=0x00000000000004ac
R12=0x0000000000000000, R13=0x000000001ae1c400, R14=0x000000001bcfee00, R15=0xffffffffdfe9dd10
RIP=0x00000000687c4253, EFLAGS=0x0000000000010202

Top of Stack: (sp=0x000000001ae1bd68)
0x000000001ae1bd68:   0000000068886bbe 000000000001b430
0x000000001ae1bd78:   000000000000002f 000000001ae1be70
0x000000001ae1bd88:   0000000000000002 000000000000002f
0x000000001ae1bd98:   0000000000002445 0000000000000000
0x000000001ae1bda8:   000000001a43ae00 000000001ae1c070
0x000000001ae1bdb8:   000000000000002f 0000000000000002
0x000000001ae1bdc8:   000000001bcfee10 0000000000000001
0x000000001ae1bdd8:   0000000000000001 0000000020162c50
0x000000001ae1bde8:   000000010000012b 0000136b00000000
0x000000001ae1bdf8:   000000001ae1c140 000000000000000f
0x000000001ae1be08:   000000001a299290 0000000000000000
0x000000001ae1be18:   0000136b0000012b 000000001ae1c140
0x000000001ae1be28:   000000000000000f 000000001b713260
0x000000001ae1be38:   0000000000000001 00000000201622f0
0x000000001ae1be48:   000000001a2a3640 ffffffffdfe9dd10
0x000000001ae1be58:   00000000000003d8 000000001a2a3a18 

Instructions: (pc=0x00000000687c4253)
0x00000000687c4233:   8b 40 18 c3 cc cc cc cc cc cc cc cc cc 83 79 18
0x00000000687c4243:   00 76 12 48 8b 41 20 8b ca 48 8b 00 48 8b 40 08
0x00000000687c4253:   48 8b 04 c8 c3 33 c0 8b ca 48 8b 40 08 48 8b 04
0x00000000687c4263:   c8 c3 cc cc cc cc cc cc cc cc cc cc cc 48 89 5c 


Register to memory mapping:

RAX=0x0000000000000000 is an unknown value
RBX=0x0000000000000070 is an unknown value
RCX=0x0000000000000001 is an unknown value
RDX=0x0000000000000001 is an unknown value
RSP=0x000000001ae1bd68 is pointing into the stack for thread: 0x000000001a25c800
RBP=0x000000001ae1be70 is pointing into the stack for thread: 0x000000001a25c800
RSI=0x000000001ff89bf0 is an unknown value
RDI=0x00000000201622f0 is an unknown value
R8 =0x0000000000000010 is an unknown value
R9 =0x0000000000000012 is an unknown value
R10=0x0000000000000006 is an unknown value
R11=0x00000000000004ac is an unknown value
R12=0x0000000000000000 is an unknown value
R13=0x000000001ae1c400 is pointing into the stack for thread: 0x000000001a25c800
R14=0x000000001bcfee00 is an unknown value
R15=0xffffffffdfe9dd10 is an unknown value


Stack: [0x000000001ad20000,0x000000001ae20000],  sp=0x000000001ae1bd68,  free space=1007k
Native frames: (J=compiled Java code, j=interpreted, Vv=VM code, C=native code)
V  [jvm.dll+0x424253]


Current CompileTask:
C2:   2184 1481       4       java.net.URLClassLoader$1::run (5 bytes)


---------------  P R O C E S S  ---------------

Java Threads: ( => current thread )
  0x000000001ce54000 JavaThread "Cache worker for file hash cache (C:\Users\TYLER\.gradle\caches\6.5\fileHashes)" [_thread_blocked, id=3416, stack(0x000000001f240000,0x000000001f340000)]
  0x000000001ce53000 JavaThread "File lock request listener" [_thread_in_native, id=12188, stack(0x000000001f140000,0x000000001f240000)]
  0x000000001b18d000 JavaThread "Cache worker for journal cache (C:\Users\TYLER\.gradle\caches\journal-1)" [_thread_blocked, id=7060, stack(0x000000001f040000,0x000000001f140000)]
  0x000000001cdde000 JavaThread "Thread-9" [_thread_blocked, id=12032, stack(0x000000001ed40000,0x000000001ee40000)]
  0x000000001cddb000 JavaThread "Stdin handler" [_thread_blocked, id=12156, stack(0x000000001ec40000,0x000000001ed40000)]
  0x000000001cdf7800 JavaThread "Asynchronous log dispatcher for DefaultDaemonConnection: socket connection from /127.0.0.1:50247 to /127.0.0.1:50248" [_thread_blocked, id=6636, stack(0x000000001eb40000,0x000000001ec40000)]
  0x000000001cd99800 JavaThread "Daemon worker" [_thread_in_Java, id=11864, stack(0x000000001ea40000,0x000000001eb40000)]
  0x000000001cdf8800 JavaThread "Cancel handler" [_thread_blocked, id=4436, stack(0x000000001e840000,0x000000001e940000)]
  0x000000001cd89000 JavaThread "Handler for socket connection from /127.0.0.1:50247 to /127.0.0.1:50248" [_thread_in_native, id=7068, stack(0x000000001e740000,0x000000001e840000)]
  0x000000001cd85800 JavaThread "Daemon" [_thread_blocked, id=4536, stack(0x000000001e640000,0x000000001e740000)]
  0x000000001cd20000 JavaThread "Daemon periodic checks" [_thread_blocked, id=11176, stack(0x000000001e340000,0x000000001e440000)]
  0x000000001cd07800 JavaThread "Incoming local TCP Connector on port 50247" [_thread_in_native, id=11484, stack(0x000000001e100000,0x000000001e200000)]
  0x000000001cc6a800 JavaThread "Daemon health stats" [_thread_blocked, id=10200, stack(0x000000001dac0000,0x000000001dbc0000)]
  0x000000001a2f4800 JavaThread "Service Thread" daemon [_thread_blocked, id=1816, stack(0x000000001af20000,0x000000001b020000)]
  0x000000001a267000 JavaThread "C1 CompilerThread3" daemon [_thread_blocked, id=11788, stack(0x000000001ae20000,0x000000001af20000)]
=>0x000000001a25c800 JavaThread "C2 CompilerThread2" daemon [_thread_in_native, id=6096, stack(0x000000001ad20000,0x000000001ae20000)]
  0x000000001844e000 JavaThread "C2 CompilerThread1" daemon [_thread_in_native, id=3816, stack(0x000000001ac20000,0x000000001ad20000)]
  0x000000001844c000 JavaThread "C2 CompilerThread0" daemon [_thread_in_native, id=9528, stack(0x000000001ab20000,0x000000001ac20000)]
  0x000000001a254000 JavaThread "Attach Listener" daemon [_thread_blocked, id=1332, stack(0x000000001aa20000,0x000000001ab20000)]
  0x000000001a256000 JavaThread "Signal Dispatcher" daemon [_thread_blocked, id=11216, stack(0x000000001a920000,0x000000001aa20000)]
  0x00000000033cd800 JavaThread "Finalizer" daemon [_thread_blocked, id=1420, stack(0x000000001a720000,0x000000001a820000)]
  0x00000000033c7000 JavaThread "Reference Handler" daemon [_thread_blocked, id=6136, stack(0x000000001a620000,0x000000001a720000)]
  0x000000000315e000 JavaThread "main" [_thread_blocked, id=9164, stack(0x00000000031d0000,0x00000000032d0000)]

Other Threads:
  0x0000000018436000 VMThread [stack: 0x000000001a120000,0x000000001a220000] [id=912]
  0x000000001a273800 WatcherThread [stack: 0x000000001b020000,0x000000001b120000] [id=2368]

VM state:not at safepoint (normal execution)

VM Mutex/Monitor currently owned by a thread:  ([mutex/lock_event])
[0x000000000315cb70] AdapterHandlerLibrary_lock - owner thread: 0x0000000000000000

heap address: 0x0000000080000000, size: 2048 MB, Compressed Oops mode: 32-bit
Narrow klass base: 0x0000000000000000, Narrow klass shift: 3
Compressed class space size: 1073741824 Address: 0x0000000100000000

Heap:
 PSYoungGen      total 75776K, used 48946K [0x00000000d5580000, 0x00000000daa00000, 0x0000000100000000)
  eden space 65024K, 61% used [0x00000000d5580000,0x00000000d7c7df60,0x00000000d9500000)
  from space 10752K, 83% used [0x00000000d9f80000,0x00000000da84e928,0x00000000daa00000)
  to   space 10752K, 0% used [0x00000000d9500000,0x00000000d9500000,0x00000000d9f80000)
 ParOldGen       total 173568K, used 24K [0x0000000080000000, 0x000000008a980000, 0x00000000d5580000)
  object space 173568K, 0% used [0x0000000080000000,0x0000000080006000,0x000000008a980000)
 Metaspace       used 17644K, capacity 18292K, committed 18560K, reserved 1064960K
  class space    used 2418K, capacity 2628K, committed 2688K, reserved 1048576K

Card table byte_map: [0x0000000012790000,0x0000000012ba0000] byte_map_base: 0x0000000012390000

Marking Bits: (ParMarkBitMap*) 0x0000000068b6f030
 Begin Bits: [0x0000000013650000, 0x0000000015650000)
 End Bits:   [0x0000000015650000, 0x0000000017650000)

Polling page: 0x0000000000ff0000

CodeCache: size=245760Kb used=5589Kb max_used=5589Kb free=240170Kb
 bounds [0x00000000033d0000, 0x0000000003950000, 0x00000000123d0000]
 total_blobs=2020 nmethods=1617 adapters=316
 compilation: enabled

Compilation events (10 events):

[error occurred during error reporting (printing ring buffers), id 0xc0000005]

Dynamic libraries:
0x00007ff66e800000 - 0x00007ff66e831000 	C:\Program Files\Android\Android Studio\jre\bin\java.exe
0x00007ffbda700000 - 0x00007ffbda8ed000 	C:\Windows\SYSTEM32\ntdll.dll
0x00007ffbd9de0000 - 0x00007ffbd9e93000 	C:\Windows\System32\KERNEL32.DLL
0x00007ffbd7640000 - 0x00007ffbd78d3000 	C:\Windows\System32\KERNELBASE.dll
0x00007ffbda470000 - 0x00007ffbda513000 	C:\Windows\System32\ADVAPI32.dll
0x00007ffbda520000 - 0x00007ffbda5be000 	C:\Windows\System32\msvcrt.dll
0x00007ffbda630000 - 0x00007ffbda6ce000 	C:\Windows\System32\sechost.dll
0x00007ffbd7c10000 - 0x00007ffbd7d33000 	C:\Windows\System32\RPCRT4.dll
0x00007ffbd9eb0000 - 0x00007ffbda047000 	C:\Windows\System32\USER32.dll
0x00007ffbd7190000 - 0x00007ffbd71b0000 	C:\Windows\System32\win32u.dll
0x00007ffbda180000 - 0x00007ffbda1a9000 	C:\Windows\System32\GDI32.dll
0x00007ffbd67f0000 - 0x00007ffbd698a000 	C:\Windows\System32\gdi32full.dll
0x00007ffbd73f0000 - 0x00007ffbd7490000 	C:\Windows\System32\msvcp_win.dll
0x00007ffbd74c0000 - 0x00007ffbd75bc000 	C:\Windows\System32\ucrtbase.dll
0x00007ffbc2130000 - 0x00007ffbc23a9000 	C:\Windows\WinSxS\amd64_microsoft.windows.common-controls_6595b64144ccf1df_6.0.17763.107_none_05b63884071e656e\COMCTL32.dll
0x00007ffbd80c0000 - 0x00007ffbd83ee000 	C:\Windows\System32\combase.dll
0x00007ffbd75c0000 - 0x00007ffbd763e000 	C:\Windows\System32\bcryptPrimitives.dll
0x00007ffbda430000 - 0x00007ffbda45e000 	C:\Windows\System32\IMM32.DLL
0x000000006a7f0000 - 0x000000006a8c2000 	C:\Program Files\Android\Android Studio\jre\jre\bin\msvcr100.dll
0x00000000683a0000 - 0x0000000068beb000 	C:\Program Files\Android\Android Studio\jre\jre\bin\server\jvm.dll
0x00007ffbda420000 - 0x00007ffbda428000 	C:\Windows\System32\PSAPI.DLL
0x00007ffbc3c70000 - 0x00007ffbc3c79000 	C:\Windows\SYSTEM32\WSOCK32.dll
0x00007ffbd1870000 - 0x00007ffbd1894000 	C:\Windows\SYSTEM32\WINMM.dll
0x00007ffbd0b30000 - 0x00007ffbd0b3a000 	C:\Windows\SYSTEM32\VERSION.dll
0x00007ffbda5c0000 - 0x00007ffbda62d000 	C:\Windows\System32\WS2_32.dll
0x00007ffbd17f0000 - 0x00007ffbd181d000 	C:\Windows\SYSTEM32\winmmbase.dll
0x00007ffbd78e0000 - 0x00007ffbd792a000 	C:\Windows\System32\cfgmgr32.dll
0x00007ffbd2b60000 - 0x00007ffbd2b6f000 	C:\Program Files\Android\Android Studio\jre\jre\bin\verify.dll
0x00007ffbd2a80000 - 0x00007ffbd2aa9000 	C:\Program Files\Android\Android Studio\jre\jre\bin\java.dll
0x00007ffbd2230000 - 0x00007ffbd2246000 	C:\Program Files\Android\Android Studio\jre\jre\bin\zip.dll
0x00007ffbd83f0000 - 0x00007ffbd98df000 	C:\Windows\System32\SHELL32.dll
0x00007ffbd7b60000 - 0x00007ffbd7c08000 	C:\Windows\System32\shcore.dll
0x00007ffbd6a40000 - 0x00007ffbd7188000 	C:\Windows\System32\windows.storage.dll
0x00007ffbd67a0000 - 0x00007ffbd67c4000 	C:\Windows\System32\profapi.dll
0x00007ffbd6740000 - 0x00007ffbd679d000 	C:\Windows\System32\powrprof.dll
0x00007ffbd7d40000 - 0x00007ffbd7d92000 	C:\Windows\System32\shlwapi.dll
0x00007ffbd6700000 - 0x00007ffbd6711000 	C:\Windows\System32\kernel.appcore.dll
0x00007ffbd67d0000 - 0x00007ffbd67e7000 	C:\Windows\System32\cryptsp.dll
0x00007ffbd1970000 - 0x00007ffbd198a000 	C:\Program Files\Android\Android Studio\jre\jre\bin\net.dll
0x00007ffbd5f90000 - 0x00007ffbd5ff7000 	C:\Windows\system32\mswsock.dll
0x00007ffbd1950000 - 0x00007ffbd1963000 	C:\Program Files\Android\Android Studio\jre\jre\bin\nio.dll
0x00007ffbd31f0000 - 0x00007ffbd3217000 	C:\Users\TYLER\.gradle\native\f6784746aeab05261644944871eae4fe03e0ef1612fff0a4a95f87b438bc6780\windows-amd64\native-platform.dll
0x00007ffbd2a70000 - 0x00007ffbd2a7d000 	C:\Program Files\Android\Android Studio\jre\jre\bin\management.dll
0x00007ffbd5b50000 - 0x00007ffbd5b83000 	C:\Windows\system32\rsaenh.dll
0x00007ffbd7490000 - 0x00007ffbd74b6000 	C:\Windows\System32\bcrypt.dll
0x00007ffbd6630000 - 0x00007ffbd6658000 	C:\Windows\SYSTEM32\USERENV.dll
0x00007ffbd6160000 - 0x00007ffbd616c000 	C:\Windows\SYSTEM32\CRYPTBASE.dll
0x00007ffbd5cf0000 - 0x00007ffbd5d2d000 	C:\Windows\SYSTEM32\IPHLPAPI.DLL
0x00007ffbda460000 - 0x00007ffbda468000 	C:\Windows\System32\NSI.dll
0x00007ffbc9e50000 - 0x00007ffbc9e66000 	C:\Windows\SYSTEM32\dhcpcsvc6.DLL
0x00007ffbc9e30000 - 0x00007ffbc9e4c000 	C:\Windows\SYSTEM32\dhcpcsvc.DLL
0x00007ffbd5d30000 - 0x00007ffbd5df6000 	C:\Windows\SYSTEM32\DNSAPI.dll
0x00007ffbca040000 - 0x00007ffbca04b000 	C:\Windows\SYSTEM32\WINNSI.DLL
0x00007ffbc39e0000 - 0x00007ffbc3bcd000 	C:\Windows\SYSTEM32\dbghelp.dll

VM Arguments:
jvm_args: -Xmx2048m -Dfile.encoding=UTF-8 -Duser.country=US -Duser.language=en -Duser.variant 
java_command: org.gradle.launcher.daemon.bootstrap.GradleDaemon 6.5
java_class_path (initial): C:\Users\TYLER\.gradle\wrapper\dists\gradle-6.5-bin\6nifqtx7604sqp1q6g8wikw7p\gradle-6.5\lib\gradle-launcher-6.5.jar
Launcher Type: SUN_STANDARD

Environment Variables:
PATH=C:\Program Files (x86)\Common Files\Intel\Shared Libraries\redist\intel64\compiler;C:\Program Files (x86)\MiKTeX 2.8\miktex\bin;C:\Program Files\Python39\Scripts\;C:\Program Files\Python39\;C:\Program Files\Common Files\Oracle\Java\javapath;C:\Windows\system32;C:\Windows;C:\Windows\System32\Wbem;C:\Windows\System32\WindowsPowerShell\v1.0\;C:\Windows\System32\OpenSSH\;C:\Program Files\Microsoft VS Code\bin;C:\Program Files\Microsoft SQL Server\Client SDK\ODBC\170\Tools\Binn\;C:\Program Files (x86)\Microsoft SQL Server\150\Tools\Binn\;C:\Program Files\Microsoft SQL Server\150\Tools\Binn\;C:\Program Files\Microsoft SQL Server\150\DTS\Binn\;C:\Program Files\Git\cmd;C:\Program Files (x86)\Microsoft SQL Server\150\DTS\Binn\;C:\Program Files\Azure Data Studio\bin;C:\Program Files\mingw32\bin;C:\Users\TYLER\AppData\Local\Microsoft\WindowsApps;;C:\Program Files\Azure Data Studio\bin
USERNAME=TYLER
OS=Windows_NT
PROCESSOR_IDENTIFIER=Intel64 Family 6 Model 94 Stepping 3, GenuineIntel



---------------  S Y S T E M  ---------------

OS: Windows 10.0 , 64 bit Build 17763 (10.0.17763.1)

CPU:total 8 (initial active 8) (4 cores per cpu, 2 threads per core) family 6 model 94 stepping 3, cmov, cx8, fxsr, mmx, sse, sse2, sse3, ssse3, sse4.1, sse4.2, popcnt, avx, avx2, aes, clmul, erms, rtm, 3dnowpref, lzcnt, ht, tsc, tscinvbit, bmi1, bmi2, adx

Memory: 4k page, physical 16595532k(8146880k free), swap 19085900k(8296916k free)

vm_info: OpenJDK 64-Bit Server VM (25.242-b01) for windows-amd64 JRE (1.8.0_242-release-1644-b01), built by "builder" with MS VC++ 10.0 (VS2010)

time: Thu Mar 11 21:30:58 2021
timezone: SE Asia Standard Time
elapsed time: 2 seconds (0d 0h 0m 2s)

