#
# A fatal error has been detected by the Java Runtime Environment:
#
#  EXCEPTION_ACCESS_VIOLATION (0xc0000005) at pc=0x00000000038819df, pid=15952, tid=0x000000000000357c
#
# JRE version: OpenJDK Runtime Environment (8.0_242-b01) (build 1.8.0_242-release-1644-b01)
# Java VM: OpenJDK 64-Bit Server VM (25.242-b01 mixed mode windows-amd64 compressed oops)
# Problematic frame:
# J 4850 C2 org.objectweb.asm.MethodWriter.visitInsn(I)V (115 bytes) @ 0x00000000038819df [0x00000000038817e0+0x1ff]
#
# Failed to write core dump. Minidumps are not enabled by default on client versions of Windows
#
# If you would like to submit a bug report, please visit:
#   
#

---------------  T H R E A D  ---------------

Current thread (0x000000001b781800):  JavaThread "Execution worker for ':' Thread 4" [_thread_in_Java, id=13692, stack(0x0000000037e20000,0x0000000037f20000)]

siginfo: ExceptionCode=0xc0000005, writing address 0x00000000000000d4

Registers:
RAX=0x00000000dbc115b8, RBX=0x00000000dbc10240, RCX=0x00000000dbc11580, RDX=0x00000000dbc10320
RSP=0x0000000037f1ab60, RBP=0x00000000dbc11580, RSI=0x00000000ffffffff, RDI=0x00000000ffffffff
R8 =0x00000000006de08a, R9 =0x00000000117c0000, R10=0x00000000dbc103f8, R11=0x0000000000000004
R12=0x0000000000000000, R13=0x00000000ffffffff, R14=0x0000000000000000, R15=0x000000001b781800
RIP=0x00000000038819df, EFLAGS=0x0000000000010203

Top of Stack: (sp=0x0000000037f1ab60)
0x0000000037f1ab60:   000000001e8e9780 00000000000000b1
0x0000000037f1ab70:   000000001e8e3e90 00000000dbc10240
0x0000000037f1ab80:   0000000037f1abb0 0000000037f1ac00
0x0000000037f1ab90:   0000000037f1ac00 000000000280809d
0x0000000037f1aba0:   0000000000000000 000000000280809d
0x0000000037f1abb0:   00000000000000b1 00000000dbc10240
0x0000000037f1abc0:   0000000037f1abc0 000000001e8e3c41
0x0000000037f1abd0:   0000000037f1ac18 000000001e8e9780
0x0000000037f1abe0:   0000000000000000 000000001e8e3c78
0x0000000037f1abf0:   0000000037f1abb0 0000000037f1ac18
0x0000000037f1ac00:   0000000037f1ac60 000000000280809d
0x0000000037f1ac10:   00000000dbc10240 00000000dbc0cf40
0x0000000037f1ac20:   0000000037f1ac20 00000000172c9383
0x0000000037f1ac30:   0000000037f1ac80 000000001e8e9780
0x0000000037f1ac40:   0000000000000000 000000001e8b0f68
0x0000000037f1ac50:   0000000037f1ac18 0000000037f1ac80 

Instructions: (pc=0x00000000038819df)
0x00000000038819bf:   4c 8b 54 24 18 45 8b 92 d0 00 00 00 41 bb 04 00
0x00000000038819cf:   00 00 66 44 89 5d 10 41 89 4a 2c 48 8b 5c 24 18
0x00000000038819df:   41 89 8b d0 00 00 00 45 89 a3 d4 00 00 00 49 c1
0x00000000038819ef:   eb 09 49 c1 ea 09 47 88 24 11 47 88 24 19 48 83 


Register to memory mapping:

RAX=0x00000000dbc115b8 is an oop
org.objectweb.asm.Frame 
 - klass: 'org/objectweb/asm/Frame'
RBX=0x00000000dbc10240 is an oop
org.objectweb.asm.MethodWriter 
 - klass: 'org/objectweb/asm/MethodWriter'
RCX=0x00000000dbc11580 is an oop
org.objectweb.asm.Label 
 - klass: 'org/objectweb/asm/Label'
RDX=0x00000000dbc10320 is an oop
org.objectweb.asm.ByteVector 
 - klass: 'org/objectweb/asm/ByteVector'
RSP=0x0000000037f1ab60 is pointing into the stack for thread: 0x000000001b781800
RBP=0x00000000dbc11580 is an oop
org.objectweb.asm.Label 
 - klass: 'org/objectweb/asm/Label'
RSI=0x00000000ffffffff is an unallocated location in the heap
RDI=0x00000000ffffffff is an unallocated location in the heap
R8 =0x00000000006de08a is an unknown value
R9 =0x00000000117c0000 is an unknown value
R10=0x00000000dbc103f8 is an oop
org.objectweb.asm.Label 
 - klass: 'org/objectweb/asm/Label'
R11=0x0000000000000004 is an unknown value
R12=0x0000000000000000 is an unknown value
R13=0x00000000ffffffff is an unallocated location in the heap
R14=0x0000000000000000 is an unknown value
R15=0x000000001b781800 is a thread


Stack: [0x0000000037e20000,0x0000000037f20000],  sp=0x0000000037f1ab60,  free space=1002k
Native frames: (J=compiled Java code, j=interpreted, Vv=VM code, C=native code)
C  0x00000000038819df


---------------  P R O C E S S  ---------------

Java Threads: ( => current thread )
  0x000000001b77b000 JavaThread "Cache worker for execution history cache (D:\Workspace\Calculator\.gradle\6.5\executionHistory)" [_thread_blocked, id=11496, stack(0x0000000038220000,0x0000000038320000)]
  0x000000001b782000 JavaThread "Execution worker for ':' Thread 7" [_thread_blocked, id=9584, stack(0x0000000038120000,0x0000000038220000)]
  0x000000001b77e800 JavaThread "Execution worker for ':' Thread 6" [_thread_blocked, id=2200, stack(0x0000000038020000,0x0000000038120000)]
  0x000000001b77f000 JavaThread "Execution worker for ':' Thread 5" [_thread_blocked, id=12904, stack(0x0000000037f20000,0x0000000038020000)]
=>0x000000001b781800 JavaThread "Execution worker for ':' Thread 4" [_thread_in_Java, id=13692, stack(0x0000000037e20000,0x0000000037f20000)]
  0x000000001b780800 JavaThread "Execution worker for ':' Thread 3" [_thread_blocked, id=1992, stack(0x0000000037d20000,0x0000000037e20000)]
  0x0000000021472000 JavaThread "Execution worker for ':' Thread 2" [_thread_blocked, id=16320, stack(0x0000000037c20000,0x0000000037d20000)]
  0x0000000021471000 JavaThread "Execution worker for ':'" [_thread_blocked, id=15344, stack(0x0000000037b20000,0x0000000037c20000)]
  0x000000002146e800 JavaThread "Cache worker for file content cache (D:\Workspace\Calculator\.gradle\6.5\fileContent)" [_thread_blocked, id=9516, stack(0x0000000037a20000,0x0000000037b20000)]
  0x000000002146f800 JavaThread "Cache worker for Build Output Cleanup Cache (D:\Workspace\Calculator\.gradle\buildOutputCleanup)" [_thread_blocked, id=5968, stack(0x0000000037920000,0x0000000037a20000)]
  0x0000000021474000 JavaThread "jar transforms Thread 184" [_thread_blocked, id=8440, stack(0x0000000037820000,0x0000000037920000)]
  0x0000000021475000 JavaThread "jar transforms Thread 183" [_thread_blocked, id=16368, stack(0x0000000037720000,0x0000000037820000)]
  0x0000000021470000 JavaThread "jar transforms Thread 182" [_thread_blocked, id=1236, stack(0x0000000037620000,0x0000000037720000)]
  0x000000002146e000 JavaThread "jar transforms Thread 181" [_thread_blocked, id=11092, stack(0x0000000037520000,0x0000000037620000)]
  0x0000000021473800 JavaThread "jar transforms Thread 180" [_thread_blocked, id=17196, stack(0x0000000037420000,0x0000000037520000)]
  0x0000000021466800 JavaThread "jar transforms Thread 179" [_thread_blocked, id=2940, stack(0x0000000037320000,0x0000000037420000)]
  0x000000002146c800 JavaThread "jar transforms Thread 178" [_thread_blocked, id=6120, stack(0x0000000037220000,0x0000000037320000)]
  0x0000000021467000 JavaThread "jar transforms Thread 177" [_thread_blocked, id=10904, stack(0x0000000037120000,0x0000000037220000)]
  0x000000002146b800 JavaThread "jar transforms Thread 176" [_thread_blocked, id=8436, stack(0x0000000037020000,0x0000000037120000)]
  0x0000000021468000 JavaThread "jar transforms Thread 175" [_thread_blocked, id=10880, stack(0x0000000036f20000,0x0000000037020000)]
  0x000000002146d000 JavaThread "jar transforms Thread 174" [_thread_blocked, id=17040, stack(0x0000000036e20000,0x0000000036f20000)]
  0x000000002146a000 JavaThread "jar transforms Thread 173" [_thread_blocked, id=12308, stack(0x0000000036d20000,0x0000000036e20000)]
  0x0000000021469800 JavaThread "jar transforms Thread 172" [_thread_blocked, id=2260, stack(0x0000000036c20000,0x0000000036d20000)]
  0x000000002146b000 JavaThread "jar transforms Thread 171" [_thread_blocked, id=8236, stack(0x0000000036b20000,0x0000000036c20000)]
  0x0000000021465800 JavaThread "jar transforms Thread 170" [_thread_blocked, id=1352, stack(0x0000000036a20000,0x0000000036b20000)]
  0x0000000021468800 JavaThread "jar transforms Thread 169" [_thread_blocked, id=9568, stack(0x0000000036920000,0x0000000036a20000)]
  0x0000000021836000 JavaThread "jar transforms Thread 168" [_thread_blocked, id=2376, stack(0x0000000036820000,0x0000000036920000)]
  0x000000002182e800 JavaThread "jar transforms Thread 167" [_thread_blocked, id=4360, stack(0x0000000036720000,0x0000000036820000)]
  0x0000000021835800 JavaThread "jar transforms Thread 166" [_thread_blocked, id=13356, stack(0x0000000036620000,0x0000000036720000)]
  0x0000000021834800 JavaThread "jar transforms Thread 165" [_thread_blocked, id=12036, stack(0x0000000036520000,0x0000000036620000)]
  0x0000000021833800 JavaThread "jar transforms Thread 164" [_thread_blocked, id=7648, stack(0x0000000036420000,0x0000000036520000)]
  0x0000000021833000 JavaThread "jar transforms Thread 163" [_thread_blocked, id=8044, stack(0x0000000036320000,0x0000000036420000)]
  0x0000000021832000 JavaThread "jar transforms Thread 162" [_thread_blocked, id=10392, stack(0x0000000036220000,0x0000000036320000)]
  0x0000000021831800 JavaThread "jar transforms Thread 161" [_thread_blocked, id=1420, stack(0x0000000036120000,0x0000000036220000)]
  0x0000000021830000 JavaThread "jar transforms Thread 160" [_thread_blocked, id=6332, stack(0x0000000036020000,0x0000000036120000)]
  0x000000002182f000 JavaThread "jar transforms Thread 159" [_thread_blocked, id=16248, stack(0x0000000035f20000,0x0000000036020000)]
  0x0000000021830800 JavaThread "jar transforms Thread 158" [_thread_blocked, id=8532, stack(0x0000000035e20000,0x0000000035f20000)]
  0x0000000021827000 JavaThread "jar transforms Thread 157" [_thread_blocked, id=6472, stack(0x0000000035d20000,0x0000000035e20000)]
  0x000000002182d800 JavaThread "jar transforms Thread 156" [_thread_blocked, id=14672, stack(0x0000000035c20000,0x0000000035d20000)]
  0x000000002182a000 JavaThread "jar transforms Thread 155" [_thread_blocked, id=2736, stack(0x0000000035b20000,0x0000000035c20000)]
  0x000000002182c000 JavaThread "jar transforms Thread 154" [_thread_blocked, id=5376, stack(0x0000000035a20000,0x0000000035b20000)]
  0x000000002182b800 JavaThread "jar transforms Thread 153" [_thread_blocked, id=2768, stack(0x0000000035920000,0x0000000035a20000)]
  0x0000000021827800 JavaThread "jar transforms Thread 152" [_thread_blocked, id=10888, stack(0x0000000035820000,0x0000000035920000)]
  0x000000002182a800 JavaThread "jar transforms Thread 151" [_thread_blocked, id=15064, stack(0x0000000035720000,0x0000000035820000)]
  0x0000000021828800 JavaThread "jar transforms Thread 150" [_thread_blocked, id=1708, stack(0x0000000035620000,0x0000000035720000)]
  0x0000000021829000 JavaThread "jar transforms Thread 149" [_thread_blocked, id=16776, stack(0x0000000035520000,0x0000000035620000)]
  0x000000002182d000 JavaThread "jar transforms Thread 148" [_thread_blocked, id=2636, stack(0x0000000035420000,0x0000000035520000)]
  0x000000001c1ce000 JavaThread "jar transforms Thread 147" [_thread_blocked, id=7456, stack(0x0000000035320000,0x0000000035420000)]
  0x000000001c1cd000 JavaThread "jar transforms Thread 146" [_thread_blocked, id=9756, stack(0x0000000035220000,0x0000000035320000)]
  0x000000001c1cb800 JavaThread "jar transforms Thread 145" [_thread_blocked, id=8944, stack(0x0000000035120000,0x0000000035220000)]
  0x000000001c1ca000 JavaThread "jar transforms Thread 144" [_thread_blocked, id=7264, stack(0x0000000035020000,0x0000000035120000)]
  0x000000001c1c8800 JavaThread "jar transforms Thread 143" [_thread_blocked, id=16908, stack(0x0000000034f20000,0x0000000035020000)]
  0x00000000211b0000 JavaThread "jar transforms Thread 142" [_thread_blocked, id=3548, stack(0x0000000034e20000,0x0000000034f20000)]
  0x00000000211ab000 JavaThread "jar transforms Thread 141" [_thread_blocked, id=13852, stack(0x0000000034d20000,0x0000000034e20000)]
  0x00000000211ad000 JavaThread "jar transforms Thread 140" [_thread_blocked, id=8392, stack(0x0000000034c20000,0x0000000034d20000)]
  0x00000000211a8800 JavaThread "jar transforms Thread 139" [_thread_blocked, id=12848, stack(0x0000000034b20000,0x0000000034c20000)]
  0x00000000211af800 JavaThread "jar transforms Thread 138" [_thread_blocked, id=15044, stack(0x0000000034a20000,0x0000000034b20000)]
  0x00000000211ac800 JavaThread "jar transforms Thread 137" [_thread_blocked, id=4608, stack(0x0000000034920000,0x0000000034a20000)]
  0x00000000211a9800 JavaThread "jar transforms Thread 136" [_thread_blocked, id=10160, stack(0x0000000034820000,0x0000000034920000)]
  0x00000000211ae800 JavaThread "jar transforms Thread 135" [_thread_blocked, id=12500, stack(0x0000000034720000,0x0000000034820000)]
  0x00000000211ae000 JavaThread "jar transforms Thread 134" [_thread_blocked, id=5908, stack(0x0000000034620000,0x0000000034720000)]
  0x00000000211a1000 JavaThread "jar transforms Thread 133" [_thread_blocked, id=3540, stack(0x0000000034520000,0x0000000034620000)]
  0x00000000211a8000 JavaThread "jar transforms Thread 132" [_thread_blocked, id=9156, stack(0x0000000034420000,0x0000000034520000)]
  0x00000000211a3800 JavaThread "jar transforms Thread 131" [_thread_blocked, id=13816, stack(0x0000000034320000,0x0000000034420000)]
  0x00000000211a2000 JavaThread "jar transforms Thread 130" [_thread_blocked, id=15968, stack(0x0000000034220000,0x0000000034320000)]
  0x00000000211a7000 JavaThread "jar transforms Thread 129" [_thread_blocked, id=16584, stack(0x0000000034120000,0x0000000034220000)]
  0x00000000211a2800 JavaThread "jar transforms Thread 128" [_thread_blocked, id=11000, stack(0x0000000034020000,0x0000000034120000)]
  0x00000000211a6800 JavaThread "jar transforms Thread 127" [_thread_blocked, id=7420, stack(0x0000000033f20000,0x0000000034020000)]
  0x000000001f2dc800 JavaThread "jar transforms Thread 126" [_thread_blocked, id=12172, stack(0x0000000033e20000,0x0000000033f20000)]
  0x000000001f2dc000 JavaThread "jar transforms Thread 125" [_thread_blocked, id=3612, stack(0x0000000033d20000,0x0000000033e20000)]
  0x000000001f2dd800 JavaThread "jar transforms Thread 124" [_thread_blocked, id=13148, stack(0x0000000033c20000,0x0000000033d20000)]
  0x000000001f2d4800 JavaThread "jar transforms Thread 123" [_thread_blocked, id=1732, stack(0x0000000033b20000,0x0000000033c20000)]
  0x000000001f2db000 JavaThread "jar transforms Thread 122" [_thread_blocked, id=12588, stack(0x0000000033a20000,0x0000000033b20000)]
  0x000000001f2d9800 JavaThread "jar transforms Thread 121" [_thread_blocked, id=2624, stack(0x0000000033920000,0x0000000033a20000)]
  0x000000001f2da800 JavaThread "jar transforms Thread 120" [_thread_blocked, id=13904, stack(0x0000000033820000,0x0000000033920000)]
  0x000000001f2d9000 JavaThread "jar transforms Thread 119" [_thread_blocked, id=7728, stack(0x0000000033720000,0x0000000033820000)]
  0x000000001f2d1800 JavaThread "jar transforms Thread 118" [_thread_blocked, id=16524, stack(0x0000000033620000,0x0000000033720000)]
  0x000000001f2d3000 JavaThread "jar transforms Thread 117" [_thread_blocked, id=13672, stack(0x0000000033520000,0x0000000033620000)]
  0x000000001f2d8000 JavaThread "jar transforms Thread 116" [_thread_blocked, id=9840, stack(0x0000000033420000,0x0000000033520000)]
  0x000000001f2d7800 JavaThread "jar transforms Thread 115" [_thread_blocked, id=14700, stack(0x0000000033320000,0x0000000033420000)]
  0x000000001f2d6800 JavaThread "jar transforms Thread 114" [_thread_blocked, id=12196, stack(0x0000000033220000,0x0000000033320000)]
  0x000000001f2cf000 JavaThread "jar transforms Thread 113" [_thread_blocked, id=712, stack(0x0000000033120000,0x0000000033220000)]
  0x000000001f2ce800 JavaThread "jar transforms Thread 112" [_thread_blocked, id=16404, stack(0x0000000033020000,0x0000000033120000)]
  0x000000001f2d0800 JavaThread "jar transforms Thread 111" [_thread_blocked, id=14744, stack(0x0000000032f20000,0x0000000033020000)]
  0x0000000022b31000 JavaThread "jar transforms Thread 110" [_thread_blocked, id=10744, stack(0x0000000032e20000,0x0000000032f20000)]
  0x0000000022b2f800 JavaThread "jar transforms Thread 109" [_thread_blocked, id=11796, stack(0x0000000032d20000,0x0000000032e20000)]
  0x0000000022b2e800 JavaThread "jar transforms Thread 108" [_thread_blocked, id=17312, stack(0x0000000032c20000,0x0000000032d20000)]
  0x0000000022b2e000 JavaThread "jar transforms Thread 107" [_thread_blocked, id=13180, stack(0x0000000032b20000,0x0000000032c20000)]
  0x0000000022b30000 JavaThread "jar transforms Thread 106" [_thread_blocked, id=1908, stack(0x0000000032a20000,0x0000000032b20000)]
  0x0000000022b26800 JavaThread "jar transforms Thread 105" [_thread_blocked, id=8208, stack(0x0000000032920000,0x0000000032a20000)]
  0x0000000022b2d000 JavaThread "jar transforms Thread 104" [_thread_blocked, id=5308, stack(0x0000000032820000,0x0000000032920000)]
  0x0000000022b25800 JavaThread "jar transforms Thread 103" [_thread_blocked, id=16084, stack(0x0000000032720000,0x0000000032820000)]
  0x0000000022b27000 JavaThread "jar transforms Thread 102" [_thread_blocked, id=3008, stack(0x0000000032620000,0x0000000032720000)]
  0x0000000022b2c800 JavaThread "jar transforms Thread 101" [_thread_blocked, id=7824, stack(0x0000000032520000,0x0000000032620000)]
  0x0000000022b29800 JavaThread "jar transforms Thread 100" [_thread_blocked, id=8900, stack(0x0000000032420000,0x0000000032520000)]
  0x0000000022b2b800 JavaThread "jar transforms Thread 99" [_thread_blocked, id=10372, stack(0x0000000032320000,0x0000000032420000)]
  0x0000000022b25000 JavaThread "jar transforms Thread 98" [_thread_blocked, id=9680, stack(0x0000000032220000,0x0000000032320000)]
  0x0000000022b2a000 JavaThread "jar transforms Thread 97" [_thread_blocked, id=7488, stack(0x0000000032120000,0x0000000032220000)]
  0x0000000022b2b000 JavaThread "jar transforms Thread 96" [_thread_blocked, id=6376, stack(0x0000000032020000,0x0000000032120000)]
  0x0000000022b22000 JavaThread "jar transforms Thread 95" [_thread_blocked, id=9892, stack(0x0000000031f20000,0x0000000032020000)]
  0x0000000022b22800 JavaThread "jar transforms Thread 94" [_thread_blocked, id=8468, stack(0x0000000031e20000,0x0000000031f20000)]
  0x0000000022b24000 JavaThread "jar transforms Thread 93" [_thread_blocked, id=10648, stack(0x0000000031d20000,0x0000000031e20000)]
  0x0000000022b28000 JavaThread "Build operations Thread 8" [_thread_blocked, id=3980, stack(0x0000000031c20000,0x0000000031d20000)]
  0x000000001f43b000 JavaThread "Build operations Thread 7" [_thread_blocked, id=12832, stack(0x0000000031b20000,0x0000000031c20000)]
  0x000000001f437000 JavaThread "Build operations Thread 6" [_thread_blocked, id=16300, stack(0x0000000031a20000,0x0000000031b20000)]
  0x000000001f43a000 JavaThread "Build operations Thread 5" [_thread_blocked, id=3424, stack(0x0000000031920000,0x0000000031a20000)]
  0x000000001f438800 JavaThread "Build operations Thread 4" [_thread_blocked, id=8872, stack(0x0000000031820000,0x0000000031920000)]
  0x000000001f439800 JavaThread "Build operations Thread 3" [_thread_blocked, id=11176, stack(0x0000000031720000,0x0000000031820000)]
  0x000000001f438000 JavaThread "Build operations Thread 2" [_thread_blocked, id=15536, stack(0x0000000031620000,0x0000000031720000)]
  0x000000001f43b800 JavaThread "Build operations" [_thread_blocked, id=12720, stack(0x0000000031520000,0x0000000031620000)]
  0x000000001f434000 JavaThread "Cache worker for cache directory md-rule (C:\Users\TYLER\.gradle\caches\6.5\md-rule)" [_thread_blocked, id=5356, stack(0x0000000031420000,0x0000000031520000)]
  0x000000001f431000 JavaThread "Cache worker for cache directory md-supplier (C:\Users\TYLER\.gradle\caches\6.5\md-supplier)" [_thread_blocked, id=17336, stack(0x0000000031320000,0x0000000031420000)]
  0x000000001f436800 JavaThread "Cache worker for checksums cache (D:\Workspace\Calculator\.gradle\checksums)" [_thread_blocked, id=11996, stack(0x0000000031220000,0x0000000031320000)]
  0x000000001f433800 JavaThread "Cache worker for file hash cache (D:\Workspace\Calculator\.gradle\6.5\fileHashes)" [_thread_blocked, id=9884, stack(0x0000000031120000,0x0000000031220000)]
  0x000000001f435800 JavaThread "Thread-166" [_thread_blocked, id=14728, stack(0x0000000031020000,0x0000000031120000)]
  0x000000001f432800 JavaThread "Stdin handler" [_thread_blocked, id=9580, stack(0x0000000030f20000,0x0000000031020000)]
  0x000000001f430800 JavaThread "Asynchronous log dispatcher for DefaultDaemonConnection: socket connection from /127.0.0.1:59791 to /127.0.0.1:59854" [_thread_blocked, id=9864, stack(0x0000000030e20000,0x0000000030f20000)]
  0x000000001f432000 JavaThread "Daemon worker Thread 2" [_thread_blocked, id=13252, stack(0x0000000030d20000,0x0000000030e20000)]
  0x000000001f42d800 JavaThread "Cancel handler" [_thread_blocked, id=2500, stack(0x0000000030c20000,0x0000000030d20000)]
  0x000000001f42e000 JavaThread "Handler for socket connection from /127.0.0.1:59791 to /127.0.0.1:59854" [_thread_in_native, id=9800, stack(0x0000000030b20000,0x0000000030c20000)]
  0x000000001f42f000 JavaThread "Daemon Thread 2" [_thread_blocked, id=16036, stack(0x0000000030a20000,0x0000000030b20000)]
  0x00000000211a5800 JavaThread "Memory manager" [_thread_blocked, id=16168, stack(0x000000002c990000,0x000000002ca90000)]
  0x000000001c1cb000 JavaThread "Cache worker for file content cache (C:\Users\TYLER\.gradle\caches\6.5\fileContent)" [_thread_blocked, id=3528, stack(0x00000000239e0000,0x0000000023ae0000)]
  0x000000001c1c9800 JavaThread "Cache worker for execution history cache (C:\Users\TYLER\.gradle\caches\6.5\executionHistory)" [_thread_blocked, id=6676, stack(0x00000000221b0000,0x00000000222b0000)]
  0x000000001c1cf800 JavaThread "Cache worker for file hash cache (C:\Users\TYLER\.gradle\caches\6.5\fileHashes)" [_thread_blocked, id=14016, stack(0x000000001e660000,0x000000001e760000)]
  0x000000001c1ce800 JavaThread "File lock request listener" [_thread_in_native, id=8412, stack(0x000000001e560000,0x000000001e660000)]
  0x000000001a5d1800 JavaThread "Cache worker for journal cache (C:\Users\TYLER\.gradle\caches\journal-1)" [_thread_blocked, id=13812, stack(0x000000001e460000,0x000000001e560000)]
  0x000000001c104000 JavaThread "Daemon periodic checks" [_thread_blocked, id=16272, stack(0x000000001d760000,0x000000001d860000)]
  0x000000001c0b3000 JavaThread "Incoming local TCP Connector on port 59791" [_thread_in_native, id=16468, stack(0x000000001d520000,0x000000001d620000)]
  0x000000001bd0d800 JavaThread "Daemon health stats" [_thread_blocked, id=17180, stack(0x000000001cee0000,0x000000001cfe0000)]
  0x0000000019704800 JavaThread "Service Thread" daemon [_thread_blocked, id=2088, stack(0x000000001a340000,0x000000001a440000)]
  0x000000001968d800 JavaThread "C1 CompilerThread3" daemon [_thread_blocked, id=11892, stack(0x000000001a240000,0x000000001a340000)]
  0x000000001787e000 JavaThread "C2 CompilerThread2" daemon [_thread_in_native, id=15680, stack(0x000000001a140000,0x000000001a240000)]
  0x000000001787d000 JavaThread "C2 CompilerThread1" daemon [_thread_blocked, id=2688, stack(0x000000001a040000,0x000000001a140000)]
  0x000000001787b000 JavaThread "C2 CompilerThread0" daemon [_thread_blocked, id=5492, stack(0x0000000019f40000,0x000000001a040000)]
  0x0000000019674000 JavaThread "Attach Listener" daemon [_thread_blocked, id=7672, stack(0x0000000019e40000,0x0000000019f40000)]
  0x0000000019676800 JavaThread "Signal Dispatcher" daemon [_thread_blocked, id=5280, stack(0x0000000019d40000,0x0000000019e40000)]
  0x0000000019660800 JavaThread "Finalizer" daemon [_thread_blocked, id=14528, stack(0x0000000019b40000,0x0000000019c40000)]
  0x00000000027f8000 JavaThread "Reference Handler" daemon [_thread_blocked, id=16252, stack(0x0000000019a40000,0x0000000019b40000)]
  0x00000000025fe000 JavaThread "main" [_thread_blocked, id=2028, stack(0x0000000002600000,0x0000000002700000)]

Other Threads:
  0x0000000017866000 VMThread [stack: 0x0000000019540000,0x0000000019640000] [id=6100]
  0x0000000019705000 WatcherThread [stack: 0x000000001a440000,0x000000001a540000] [id=2204]

VM state:not at safepoint (normal execution)

VM Mutex/Monitor currently owned by a thread: None

heap address: 0x0000000080000000, size: 2048 MB, Compressed Oops mode: 32-bit
Narrow klass base: 0x0000000000000000, Narrow klass shift: 3
Compressed class space size: 1073741824 Address: 0x0000000100000000

Heap:
 PSYoungGen      total 357888K, used 131194K [0x00000000d5580000, 0x00000000edf80000, 0x0000000100000000)
  eden space 331776K, 31% used [0x00000000d5580000,0x00000000dbc202a0,0x00000000e9980000)
  from space 26112K, 99% used [0x00000000eba80000,0x00000000ed3fe8a0,0x00000000ed400000)
  to   space 33792K, 0% used [0x00000000e9980000,0x00000000e9980000,0x00000000eba80000)
 ParOldGen       total 237568K, used 48039K [0x0000000080000000, 0x000000008e800000, 0x00000000d5580000)
  object space 237568K, 20% used [0x0000000080000000,0x0000000082ee9e00,0x000000008e800000)
 Metaspace       used 75741K, capacity 79488K, committed 79640K, reserved 1118208K
  class space    used 10023K, capacity 10717K, committed 10800K, reserved 1048576K

Card table byte_map: [0x0000000011bc0000,0x0000000011fd0000] byte_map_base: 0x00000000117c0000

Marking Bits: (ParMarkBitMap*) 0x000000006068f030
 Begin Bits: [0x0000000012a80000, 0x0000000014a80000)
 End Bits:   [0x0000000014a80000, 0x0000000016a80000)

Polling page: 0x0000000000d20000

CodeCache: size=245760Kb used=30975Kb max_used=30988Kb free=214784Kb
 bounds [0x0000000002800000, 0x0000000004670000, 0x0000000011800000]
 total_blobs=10598 nmethods=9775 adapters=736
 compilation: enabled

Compilation events (10 events):
Event: 488.105 Thread 0x000000001787e000 11252       4       com.sun.org.apache.xerces.internal.dom.DeferredDocumentImpl::ensureCapacity (358 bytes)
Event: 488.105 Thread 0x000000001968d800 nmethod 11473 0x000000000465b550 code [0x000000000465b6c0, 0x000000000465ba70]
Event: 488.106 Thread 0x000000001787d000 nmethod 11251 0x000000000465ad50 code [0x000000000465aea0, 0x000000000465b168]
Event: 488.106 Thread 0x000000001787d000 11392   !   4       com.android.ide.common.resources.ResourceMergerItem::getKey (204 bytes)
Event: 488.107 Thread 0x000000001968d800 11474       3       com.android.resources.ResourceFolderType::getFolderType (24 bytes)
Event: 488.107 Thread 0x000000001968d800 nmethod 11474 0x00000000046666d0 code [0x0000000004666860, 0x0000000004666c68]
Event: 488.109 Thread 0x000000001787b000 nmethod 11245 0x0000000004662250 code [0x0000000004662420, 0x0000000004662bf0]
Event: 488.109 Thread 0x000000001787b000 11193       4       org.gradle.api.internal.artifacts.transform.AbstractTransformer::getDisplayName (8 bytes)
Event: 488.109 Thread 0x000000001787b000 nmethod 11193 0x0000000004658dd0 code [0x0000000004658f20, 0x0000000004658fc8]
Event: 488.109 Thread 0x000000001787b000 11413       4       java.util.AbstractSequentialList::<init> (5 bytes)

GC Heap History (10 events):
Event: 5.273 GC heap before
{Heap before GC invocations=9 (full 2):
 PSYoungGen      total 221696K, used 205824K [0x00000000d5580000, 0x00000000e3d80000, 0x0000000100000000)
  eden space 205824K, 100% used [0x00000000d5580000,0x00000000e1e80000,0x00000000e1e80000)
  from space 15872K, 0% used [0x00000000e2d00000,0x00000000e2d00000,0x00000000e3c80000)
  to   space 14848K, 0% used [0x00000000e1e80000,0x00000000e1e80000,0x00000000e2d00000)
 ParOldGen       total 155648K, used 14594K [0x0000000080000000, 0x0000000089800000, 0x00000000d5580000)
  object space 155648K, 9% used [0x0000000080000000,0x0000000080e408c8,0x0000000089800000)
 Metaspace       used 45509K, capacity 47304K, committed 47528K, reserved 1089536K
  class space    used 6162K, capacity 6512K, committed 6576K, reserved 1048576K
Event: 5.288 GC heap after
Heap after GC invocations=9 (full 2):
 PSYoungGen      total 220672K, used 14826K [0x00000000d5580000, 0x00000000e9c00000, 0x0000000100000000)
  eden space 205824K, 0% used [0x00000000d5580000,0x00000000d5580000,0x00000000e1e80000)
  from space 14848K, 99% used [0x00000000e1e80000,0x00000000e2cfab78,0x00000000e2d00000)
  to   space 17920K, 0% used [0x00000000e8a80000,0x00000000e8a80000,0x00000000e9c00000)
 ParOldGen       total 155648K, used 16391K [0x0000000080000000, 0x0000000089800000, 0x00000000d5580000)
  object space 155648K, 10% used [0x0000000080000000,0x0000000081001fc8,0x0000000089800000)
 Metaspace       used 45509K, capacity 47304K, committed 47528K, reserved 1089536K
  class space    used 6162K, capacity 6512K, committed 6576K, reserved 1048576K
}
Event: 7.000 GC heap before
{Heap before GC invocations=10 (full 2):
 PSYoungGen      total 220672K, used 148397K [0x00000000d5580000, 0x00000000e9c00000, 0x0000000100000000)
  eden space 205824K, 64% used [0x00000000d5580000,0x00000000dd7f0b58,0x00000000e1e80000)
  from space 14848K, 99% used [0x00000000e1e80000,0x00000000e2cfab78,0x00000000e2d00000)
  to   space 17920K, 0% used [0x00000000e8a80000,0x00000000e8a80000,0x00000000e9c00000)
 ParOldGen       total 155648K, used 16391K [0x0000000080000000, 0x0000000089800000, 0x00000000d5580000)
  object space 155648K, 10% used [0x0000000080000000,0x0000000081001fc8,0x0000000089800000)
 Metaspace       used 56726K, capacity 59058K, committed 59160K, reserved 1099776K
  class space    used 7767K, capacity 8230K, committed 8240K, reserved 1048576K
Event: 7.021 GC heap after
Heap after GC invocations=10 (full 2):
 PSYoungGen      total 310784K, used 17895K [0x00000000d5580000, 0x00000000ea280000, 0x0000000100000000)
  eden space 292864K, 0% used [0x00000000d5580000,0x00000000d5580000,0x00000000e7380000)
  from space 17920K, 99% used [0x00000000e8a80000,0x00000000e9bf9fc0,0x00000000e9c00000)
  to   space 23552K, 0% used [0x00000000e7380000,0x00000000e7380000,0x00000000e8a80000)
 ParOldGen       total 155648K, used 23022K [0x0000000080000000, 0x0000000089800000, 0x00000000d5580000)
  object space 155648K, 14% used [0x0000000080000000,0x000000008167b988,0x0000000089800000)
 Metaspace       used 56726K, capacity 59058K, committed 59160K, reserved 1099776K
  class space    used 7767K, capacity 8230K, committed 8240K, reserved 1048576K
}
Event: 7.021 GC heap before
{Heap before GC invocations=11 (full 3):
 PSYoungGen      total 310784K, used 17895K [0x00000000d5580000, 0x00000000ea280000, 0x0000000100000000)
  eden space 292864K, 0% used [0x00000000d5580000,0x00000000d5580000,0x00000000e7380000)
  from space 17920K, 99% used [0x00000000e8a80000,0x00000000e9bf9fc0,0x00000000e9c00000)
  to   space 23552K, 0% used [0x00000000e7380000,0x00000000e7380000,0x00000000e8a80000)
 ParOldGen       total 155648K, used 23022K [0x0000000080000000, 0x0000000089800000, 0x00000000d5580000)
  object space 155648K, 14% used [0x0000000080000000,0x000000008167b988,0x0000000089800000)
 Metaspace       used 56726K, capacity 59058K, committed 59160K, reserved 1099776K
  class space    used 7767K, capacity 8230K, committed 8240K, reserved 1048576K
Event: 7.260 GC heap after
Heap after GC invocations=11 (full 3):
 PSYoungGen      total 310784K, used 0K [0x00000000d5580000, 0x00000000ea280000, 0x0000000100000000)
  eden space 292864K, 0% used [0x00000000d5580000,0x00000000d5580000,0x00000000e7380000)
  from space 17920K, 0% used [0x00000000e8a80000,0x00000000e8a80000,0x00000000e9c00000)
  to   space 23552K, 0% used [0x00000000e7380000,0x00000000e7380000,0x00000000e8a80000)
 ParOldGen       total 237568K, used 36228K [0x0000000080000000, 0x000000008e800000, 0x00000000d5580000)
  object space 237568K, 15% used [0x0000000080000000,0x0000000082361000,0x000000008e800000)
 Metaspace       used 56708K, capacity 58998K, committed 59160K, reserved 1099776K
  class space    used 7761K, capacity 8220K, committed 8240K, reserved 1048576K
}
Event: 12.084 GC heap before
{Heap before GC invocations=12 (full 3):
 PSYoungGen      total 310784K, used 292864K [0x00000000d5580000, 0x00000000ea280000, 0x0000000100000000)
  eden space 292864K, 100% used [0x00000000d5580000,0x00000000e7380000,0x00000000e7380000)
  from space 17920K, 0% used [0x00000000e8a80000,0x00000000e8a80000,0x00000000e9c00000)
  to   space 23552K, 0% used [0x00000000e7380000,0x00000000e7380000,0x00000000e8a80000)
 ParOldGen       total 237568K, used 36228K [0x0000000080000000, 0x000000008e800000, 0x00000000d5580000)
  object space 237568K, 15% used [0x0000000080000000,0x0000000082361000,0x000000008e800000)
 Metaspace       used 67213K, capacity 70426K, committed 70680K, reserved 1110016K
  class space    used 9031K, capacity 9664K, committed 9776K, reserved 1048576K
Event: 12.102 GC heap after
Heap after GC invocations=12 (full 3):
 PSYoungGen      total 316416K, used 22004K [0x00000000d5580000, 0x00000000ed400000, 0x0000000100000000)
  eden space 292864K, 0% used [0x00000000d5580000,0x00000000d5580000,0x00000000e7380000)
  from space 23552K, 93% used [0x00000000e7380000,0x00000000e88fd120,0x00000000e8a80000)
  to   space 26112K, 0% used [0x00000000eba80000,0x00000000eba80000,0x00000000ed400000)
 ParOldGen       total 237568K, used 36236K [0x0000000080000000, 0x000000008e800000, 0x00000000d5580000)
  object space 237568K, 15% used [0x0000000080000000,0x0000000082363000,0x000000008e800000)
 Metaspace       used 67213K, capacity 70426K, committed 70680K, reserved 1110016K
  class space    used 9031K, capacity 9664K, committed 9776K, reserved 1048576K
}
Event: 15.221 GC heap before
{Heap before GC invocations=13 (full 3):
 PSYoungGen      total 316416K, used 314868K [0x00000000d5580000, 0x00000000ed400000, 0x0000000100000000)
  eden space 292864K, 100% used [0x00000000d5580000,0x00000000e7380000,0x00000000e7380000)
  from space 23552K, 93% used [0x00000000e7380000,0x00000000e88fd120,0x00000000e8a80000)
  to   space 26112K, 0% used [0x00000000eba80000,0x00000000eba80000,0x00000000ed400000)
 ParOldGen       total 237568K, used 36236K [0x0000000080000000, 0x000000008e800000, 0x00000000d5580000)
  object space 237568K, 15% used [0x0000000080000000,0x0000000082363000,0x000000008e800000)
 Metaspace       used 74220K, capacity 77818K, committed 77976K, reserved 1116160K
  class space    used 9882K, capacity 10552K, committed 10672K, reserved 1048576K
Event: 15.247 GC heap after
Heap after GC invocations=13 (full 3):
 PSYoungGen      total 357888K, used 26106K [0x00000000d5580000, 0x00000000edf80000, 0x0000000100000000)
  eden space 331776K, 0% used [0x00000000d5580000,0x00000000d5580000,0x00000000e9980000)
  from space 26112K, 99% used [0x00000000eba80000,0x00000000ed3fe8a0,0x00000000ed400000)
  to   space 33792K, 0% used [0x00000000e9980000,0x00000000e9980000,0x00000000eba80000)
 ParOldGen       total 237568K, used 48039K [0x0000000080000000, 0x000000008e800000, 0x00000000d5580000)
  object space 237568K, 20% used [0x0000000080000000,0x0000000082ee9e00,0x000000008e800000)
 Metaspace       used 74220K, capacity 77818K, committed 77976K, reserved 1116160K
  class space    used 9882K, capacity 10552K, committed 10672K, reserved 1048576K
}

Deoptimization events (10 events):
Event: 487.898 Thread 0x000000001b781800 Uncommon trap: reason=unstable_if action=reinterpret pc=0x000000000456509c method=com.sun.org.apache.xerces.internal.impl.XMLEntityScanner.scanLiteral(ILcom/sun/org/apache/xerces/internal/xni/XMLString;Z)I @ 44
Event: 487.939 Thread 0x000000001b781800 Uncommon trap: reason=unstable_if action=reinterpret pc=0x000000000370a7b8 method=com.sun.org.apache.xerces.internal.dom.DeferredDocumentImpl.clearChunkValue([[Ljava/lang/Object;II)Ljava/lang/String; @ 3
Event: 488.020 Thread 0x000000001b781800 Uncommon trap: reason=unstable_if action=reinterpret pc=0x00000000045fccbc method=com.sun.org.apache.xerces.internal.dom.DeferredDocumentImpl.getChunkIndex([[III)I @ 3
Event: 488.021 Thread 0x000000001b781800 Uncommon trap: reason=unstable_if action=reinterpret pc=0x00000000036e3f44 method=com.sun.org.apache.xerces.internal.dom.DeferredDocumentImpl.getChunkIndex([[III)I @ 3
Event: 488.036 Thread 0x000000001b781800 Uncommon trap: reason=class_check action=maybe_recompile pc=0x0000000004631360 method=com.sun.org.apache.xerces.internal.dom.NamedNodeMapImpl.findNamePoint(Ljava/lang/String;I)I @ 54
Event: 488.036 Thread 0x000000001b781800 Uncommon trap: reason=class_check action=maybe_recompile pc=0x0000000004631360 method=com.sun.org.apache.xerces.internal.dom.NamedNodeMapImpl.findNamePoint(Ljava/lang/String;I)I @ 54
Event: 488.036 Thread 0x000000001b781800 Uncommon trap: reason=class_check action=maybe_recompile pc=0x0000000004631360 method=com.sun.org.apache.xerces.internal.dom.NamedNodeMapImpl.findNamePoint(Ljava/lang/String;I)I @ 54
Event: 488.036 Thread 0x000000001b781800 Uncommon trap: reason=class_check action=maybe_recompile pc=0x0000000004631360 method=com.sun.org.apache.xerces.internal.dom.NamedNodeMapImpl.findNamePoint(Ljava/lang/String;I)I @ 54
Event: 488.045 Thread 0x000000001b781800 Uncommon trap: reason=unstable_if action=reinterpret pc=0x0000000004616c58 method=com.sun.org.apache.xerces.internal.dom.ElementImpl.getAttributes()Lorg/w3c/dom/NamedNodeMap; @ 4
Event: 488.051 Thread 0x000000001b781800 Uncommon trap: reason=unstable_if action=reinterpret pc=0x0000000003fa825c method=java.util.stream.AbstractPipeline.sourceSpliterator(I)Ljava/util/Spliterator; @ 9

Classes redefined (0 events):
No events

Internal exceptions (10 events):
Event: 15.045 Thread 0x0000000022b22800 Exception <a 'java/lang/NoSuchMethodError': java.lang.Object.newSystemTemporaryDirectory()Lcom/android/tools/build/apkzlib/bytestorage/TemporaryDirectory;> (0x00000000e61b4420) thrown at [C:\src\AOSP-openjdk-git\hotspot\src\share\vm\interpreter\linkResolv
Event: 15.068 Thread 0x0000000022b22800 Exception <a 'sun/nio/fs/WindowsException'> (0x00000000e634a108) thrown at [C:\src\AOSP-openjdk-git\hotspot\src\share\vm\prims\jni.cpp, line 710]
Event: 15.068 Thread 0x0000000022b22800 Exception <a 'sun/nio/fs/WindowsException'> (0x00000000e634a5d0) thrown at [C:\src\AOSP-openjdk-git\hotspot\src\share\vm\prims\jni.cpp, line 710]
Event: 15.072 Thread 0x0000000022b22800 Exception <a 'java/lang/NoSuchMethodError': java.lang.Object.lambda$static$0(Lcom/android/apksig/util/RunnablesProvider;)V> (0x00000000e63ad038) thrown at [C:\src\AOSP-openjdk-git\hotspot\src\share\vm\interpreter\linkResolver.cpp, line 620]
Event: 487.541 Thread 0x000000001f432000 Exception <a 'sun/nio/fs/WindowsException'> (0x00000000d894de88) thrown at [C:\src\AOSP-openjdk-git\hotspot\src\share\vm\prims\jni.cpp, line 710]
Event: 487.939 Thread 0x000000001b781800 Implicit null exception at 0x000000000370a61e to 0x000000000370a7a1
Event: 488.020 Thread 0x000000001b781800 Implicit null exception at 0x00000000045fca7f to 0x00000000045fcc9d
Event: 488.021 Thread 0x000000001b781800 Implicit null exception at 0x00000000036e3eda to 0x00000000036e3f2d
Event: 488.049 Thread 0x000000001b781800 Exception <a 'java/lang/NoSuchMethodError': java.lang.Object.lambda$codePoints$1()Ljava/util/Spliterator$OfInt;> (0x00000000db7fbbe8) thrown at [C:\src\AOSP-openjdk-git\hotspot\src\share\vm\interpreter\linkResolver.cpp, line 620]
Event: 488.110 Thread 0x000000001b781800 Implicit null exception at 0x00000000038819df to 0x0000000000000000

Events (10 events):
Event: 488.106 loading class com/android/builder/png/VectorDrawableRenderer$PreprocessingReason
Event: 488.106 loading class com/android/builder/png/VectorDrawableRenderer$PreprocessingReason done
Event: 488.107 loading class com/android/ide/common/resources/ResourceSet$1
Event: 488.107 loading class com/android/ide/common/resources/ResourceSet$1 done
Event: 488.108 loading class com/android/ide/common/blame/MergingLog
Event: 488.108 loading class com/android/ide/common/blame/MergingLog done
Event: 488.108 loading class com/android/ide/common/blame/MergingLog$1
Event: 488.108 loading class com/android/ide/common/blame/MergingLog$1 done
Event: 488.109 loading class com/android/ide/common/blame/MergingLog$2
Event: 488.109 loading class com/android/ide/common/blame/MergingLog$2 done


Dynamic libraries:
0x00007ff6f3520000 - 0x00007ff6f3551000 	C:\Program Files\Android\Android Studio\jre\bin\java.exe
0x00007ffefc2b0000 - 0x00007ffefc49d000 	C:\Windows\SYSTEM32\ntdll.dll
0x00007ffef9540000 - 0x00007ffef95f3000 	C:\Windows\System32\KERNEL32.DLL
0x00007ffef84d0000 - 0x00007ffef8763000 	C:\Windows\System32\KERNELBASE.dll
0x00007ffefbdd0000 - 0x00007ffefbe73000 	C:\Windows\System32\ADVAPI32.dll
0x00007ffefa100000 - 0x00007ffefa19e000 	C:\Windows\System32\msvcrt.dll
0x00007ffefc1e0000 - 0x00007ffefc27e000 	C:\Windows\System32\sechost.dll
0x00007ffefc020000 - 0x00007ffefc143000 	C:\Windows\System32\RPCRT4.dll
0x00007ffefa3e0000 - 0x00007ffefa577000 	C:\Windows\System32\USER32.dll
0x00007ffef8870000 - 0x00007ffef8890000 	C:\Windows\System32\win32u.dll
0x00007ffefc150000 - 0x00007ffefc179000 	C:\Windows\System32\GDI32.dll
0x00007ffef8ad0000 - 0x00007ffef8c6a000 	C:\Windows\System32\gdi32full.dll
0x00007ffef8cf0000 - 0x00007ffef8d90000 	C:\Windows\System32\msvcp_win.dll
0x00007ffef8770000 - 0x00007ffef886c000 	C:\Windows\System32\ucrtbase.dll
0x00007ffee4fd0000 - 0x00007ffee5249000 	C:\Windows\WinSxS\amd64_microsoft.windows.common-controls_6595b64144ccf1df_6.0.17763.107_none_05b63884071e656e\COMCTL32.dll
0x00007ffef9600000 - 0x00007ffef992e000 	C:\Windows\System32\combase.dll
0x00007ffef8c70000 - 0x00007ffef8cee000 	C:\Windows\System32\bcryptPrimitives.dll
0x00007ffefbda0000 - 0x00007ffefbdce000 	C:\Windows\System32\IMM32.DLL
0x0000000060f80000 - 0x0000000061052000 	C:\Program Files\Android\Android Studio\jre\jre\bin\msvcr100.dll
0x000000005fec0000 - 0x000000006070b000 	C:\Program Files\Android\Android Studio\jre\jre\bin\server\jvm.dll
0x00007ffefa3d0000 - 0x00007ffefa3d8000 	C:\Windows\System32\PSAPI.DLL
0x00007ffef3480000 - 0x00007ffef34a4000 	C:\Windows\SYSTEM32\WINMM.dll
0x00007ffee1ea0000 - 0x00007ffee1ea9000 	C:\Windows\SYSTEM32\WSOCK32.dll
0x00007ffef5db0000 - 0x00007ffef5dba000 	C:\Windows\SYSTEM32\VERSION.dll
0x00007ffefbe80000 - 0x00007ffefbeed000 	C:\Windows\System32\WS2_32.dll
0x00007ffef3340000 - 0x00007ffef336d000 	C:\Windows\SYSTEM32\WINMMBASE.dll
0x00007ffef8430000 - 0x00007ffef847a000 	C:\Windows\System32\cfgmgr32.dll
0x00007ffef4450000 - 0x00007ffef445f000 	C:\Program Files\Android\Android Studio\jre\jre\bin\verify.dll
0x00007ffef4410000 - 0x00007ffef4439000 	C:\Program Files\Android\Android Studio\jre\jre\bin\java.dll
0x00007ffef43f0000 - 0x00007ffef4406000 	C:\Program Files\Android\Android Studio\jre\jre\bin\zip.dll
0x00007ffefa820000 - 0x00007ffefbd0f000 	C:\Windows\System32\SHELL32.dll
0x00007ffefa1a0000 - 0x00007ffefa248000 	C:\Windows\System32\shcore.dll
0x00007ffef8d90000 - 0x00007ffef94d8000 	C:\Windows\System32\windows.storage.dll
0x00007ffef8330000 - 0x00007ffef8354000 	C:\Windows\System32\profapi.dll
0x00007ffef82b0000 - 0x00007ffef830d000 	C:\Windows\System32\powrprof.dll
0x00007ffefc180000 - 0x00007ffefc1d2000 	C:\Windows\System32\shlwapi.dll
0x00007ffef8310000 - 0x00007ffef8321000 	C:\Windows\System32\kernel.appcore.dll
0x00007ffef8480000 - 0x00007ffef8497000 	C:\Windows\System32\cryptsp.dll
0x00007ffef43d0000 - 0x00007ffef43ea000 	C:\Program Files\Android\Android Studio\jre\jre\bin\net.dll
0x00007ffef7760000 - 0x00007ffef77c7000 	C:\Windows\system32\mswsock.dll
0x00007ffef43b0000 - 0x00007ffef43c3000 	C:\Program Files\Android\Android Studio\jre\jre\bin\nio.dll
0x00007ffedbef0000 - 0x00007ffedbf17000 	C:\Users\TYLER\.gradle\native\f6784746aeab05261644944871eae4fe03e0ef1612fff0a4a95f87b438bc6780\windows-amd64\native-platform.dll
0x00007ffef43a0000 - 0x00007ffef43ad000 	C:\Program Files\Android\Android Studio\jre\jre\bin\management.dll
0x00007ffef7320000 - 0x00007ffef7353000 	C:\Windows\system32\rsaenh.dll
0x00007ffef84a0000 - 0x00007ffef84c6000 	C:\Windows\System32\bcrypt.dll
0x00007ffef81b0000 - 0x00007ffef81d8000 	C:\Windows\SYSTEM32\USERENV.dll
0x00007ffef7930000 - 0x00007ffef793c000 	C:\Windows\SYSTEM32\CRYPTBASE.dll
0x00007ffef74c0000 - 0x00007ffef74fd000 	C:\Windows\SYSTEM32\IPHLPAPI.DLL
0x00007ffefbd90000 - 0x00007ffefbd98000 	C:\Windows\System32\NSI.dll
0x00007ffef1090000 - 0x00007ffef10a6000 	C:\Windows\SYSTEM32\dhcpcsvc6.DLL
0x00007ffef1370000 - 0x00007ffef138c000 	C:\Windows\SYSTEM32\dhcpcsvc.DLL
0x00007ffef7500000 - 0x00007ffef75c6000 	C:\Windows\SYSTEM32\DNSAPI.dll
0x00007ffef2270000 - 0x00007ffef227b000 	C:\Windows\SYSTEM32\WINNSI.DLL
0x00007ffef7df0000 - 0x00007ffef7fdd000 	C:\Windows\SYSTEM32\dbghelp.dll

VM Arguments:
jvm_args: -Xmx2048m -Dfile.encoding=UTF-8 -Duser.country=US -Duser.language=en -Duser.variant 
java_command: org.gradle.launcher.daemon.bootstrap.GradleDaemon 6.5
java_class_path (initial): C:\Users\TYLER\.gradle\wrapper\dists\gradle-6.5-bin\6nifqtx7604sqp1q6g8wikw7p\gradle-6.5\lib\gradle-launcher-6.5.jar
Launcher Type: SUN_STANDARD

Environment Variables:
PATH=C:\Program Files (x86)\MiKTeX 2.8\miktex\bin;C:\Program Files\Python39\Scripts\;C:\Program Files\Python39\;C:\Program Files\Common Files\Oracle\Java\javapath;C:\Windows\system32;C:\Windows;C:\Windows\System32\Wbem;C:\Windows\System32\WindowsPowerShell\v1.0\;C:\Windows\System32\OpenSSH\;C:\Program Files\Microsoft VS Code\bin;C:\Program Files\Microsoft SQL Server\Client SDK\ODBC\170\Tools\Binn\;C:\Program Files (x86)\Microsoft SQL Server\150\Tools\Binn\;C:\Program Files\Microsoft SQL Server\150\Tools\Binn\;C:\Program Files\Microsoft SQL Server\150\DTS\Binn\;C:\Program Files\Git\cmd;C:\Program Files (x86)\Microsoft SQL Server\150\DTS\Binn\;C:\Program Files\Azure Data Studio\bin;C:\Program Files\mingw32\bin;C:\Program Files\dotnet\;C:\Users\TYLER\AppData\Local\Microsoft\WindowsApps;;C:\Program Files\Azure Data Studio\bin;C:\Users\TYLER\.dotnet\tools
USERNAME=TYLER
OS=Windows_NT
PROCESSOR_IDENTIFIER=Intel64 Family 6 Model 94 Stepping 3, GenuineIntel



---------------  S Y S T E M  ---------------

OS: Windows 10.0 , 64 bit Build 17763 (10.0.17763.1)

CPU:total 8 (initial active 8) (4 cores per cpu, 2 threads per core) family 6 model 94 stepping 3, cmov, cx8, fxsr, mmx, sse, sse2, sse3, ssse3, sse4.1, sse4.2, popcnt, avx, avx2, aes, clmul, erms, rtm, 3dnowpref, lzcnt, ht, tsc, tscinvbit, bmi1, bmi2, adx

Memory: 4k page, physical 16595532k(6860724k free), swap 19610188k(6486432k free)

vm_info: OpenJDK 64-Bit Server VM (25.242-b01) for windows-amd64 JRE (1.8.0_242-release-1644-b01), built by "builder" with MS VC++ 10.0 (VS2010)

time: Thu Mar 04 15:51:17 2021
timezone: SE Asia Standard Time
elapsed time: 488 seconds (0d 0h 8m 8s)

