#
# A fatal error has been detected by the Java Runtime Environment:
#
#  EXCEPTION_ACCESS_VIOLATION (0xc0000005) at pc=0x0000000051817e41, pid=9480, tid=0x00000000000009a4
#
# JRE version: OpenJDK Runtime Environment (8.0_242-b01) (build 1.8.0_242-release-1644-b01)
# Java VM: OpenJDK 64-Bit Server VM (25.242-b01 mixed mode windows-amd64 compressed oops)
# Problematic frame:
# V  [jvm.dll+0x437e41]
#
# Failed to write core dump. Minidumps are not enabled by default on client versions of Windows
#
# If you would like to submit a bug report, please visit:
#   
#

---------------  T H R E A D  ---------------

Current thread (0x000000001991e800):  JavaThread "C2 CompilerThread2" daemon [_thread_in_native, id=2468, stack(0x000000001a3e0000,0x000000001a4e0000)]

siginfo: ExceptionCode=0xc0000005, reading address 0x000000002d34dd88

Registers:
RAX=0x000000002b6db050, RBX=0x000000001a4dc3b0, RCX=0x000000001b680d90, RDX=0x0000000001c72d10
RSP=0x000000001a4dbf10, RBP=0x0000000000000000, RSI=0x00000000513e0000, RDI=0x0000000000041067
R8 =0x000000002b74b280, R9 =0x000000001a4dc0e0, R10=0x00000000513e0000, R11=0x0000000000000000
R12=0x0000000000000000, R13=0x000000001a89e740, R14=0x000000001a89eb18, R15=0x00000000000003d8
RIP=0x0000000051817e41, EFLAGS=0x0000000000010202

Top of Stack: (sp=0x000000001a4dbf10)
0x000000001a4dbf10:   000000001a4dc3b0 000000001a4dc3b0
0x000000001a4dbf20:   0000000000000000 00000000513e0000
0x000000001a4dbf30:   0000100a00000000 0000000000000008
0x000000001a4dbf40:   000000001a83d8a0 0000000000000040
0x000000001a4dbf50:   000000001b680d90 0000000000000040
0x000000001a4dbf60:   000000002b12c330 0000000000000000
0x000000001a4dbf70:   0000000000000000 000000005186d584
0x000000001a4dbf80:   0000000000000000 0000000000000000
0x000000001a4dbf90:   000000001a89eb18 000000001a4dc190
0x000000001a4dbfa0:   0000000000000000 0000000000000000
0x000000001a4dbfb0:   0000000000000000 0000000000000000
0x000000001a4dbfc0:   0000000000000000 0000000000000000
0x000000001a4dbfd0:   0000000000000000 0000000000000000
0x000000001a4dbfe0:   0000000000000000 0000000000000000
0x000000001a4dbff0:   0000000000000000 0000000000000000
0x000000001a4dc000:   0000000000000000 0000000000000000 

Instructions: (pc=0x0000000051817e41)
0x0000000051817e21:   89 8b c0 00 00 00 eb 22 8b bb c4 00 00 00 4c 8b
0x0000000051817e31:   4b 70 49 8b 41 20 49 83 c1 20 8b d7 48 6b d2 70
0x0000000051817e41:   8b 4c 02 28 89 8b c4 00 00 00 49 8b 09 8b 83 cc
0x0000000051817e51:   00 00 00 4c 8b c7 89 44 0a 28 48 8b 4b 70 89 bb 


Register to memory mapping:

RAX=0x000000002b6db050 is an unknown value
RBX=0x000000001a4dc3b0 is pointing into the stack for thread: 0x000000001991e800
RCX=0x000000001b680d90 is an unknown value
RDX=0x0000000001c72d10 is an unknown value
RSP=0x000000001a4dbf10 is pointing into the stack for thread: 0x000000001991e800
RBP=0x0000000000000000 is an unknown value
RSI=0x00000000513e0000 is an unknown value
RDI=0x0000000000041067 is an unknown value
R8 =0x000000002b74b280 is an unknown value
R9 =0x000000001a4dc0e0 is pointing into the stack for thread: 0x000000001991e800
R10=0x00000000513e0000 is an unknown value
R11=0x0000000000000000 is an unknown value
R12=0x0000000000000000 is an unknown value
R13=0x000000001a89e740 is an unknown value
R14=0x000000001a89eb18 is an unknown value
R15=0x00000000000003d8 is an unknown value


Stack: [0x000000001a3e0000,0x000000001a4e0000],  sp=0x000000001a4dbf10,  free space=1007k
Native frames: (J=compiled Java code, j=interpreted, Vv=VM code, C=native code)


Current CompileTask:
C2:   5068 3794       4       java.net.URLClassLoader$1::run (5 bytes)


---------------  P R O C E S S  ---------------

Java Threads: ( => current thread )
  0x0000000021ae7000 JavaThread "Cache worker for Build Output Cleanup Cache (D:\Workspace\Calculator\.gradle\buildOutputCleanup)" [_thread_blocked, id=2200, stack(0x000000002ab80000,0x000000002ac80000)]
  0x0000000021ae6800 JavaThread "jar transforms Thread 92" [_thread_blocked, id=11044, stack(0x000000002a780000,0x000000002a880000)]
  0x0000000021ae5800 JavaThread "jar transforms Thread 91" [_thread_blocked, id=4728, stack(0x000000002a680000,0x000000002a780000)]
  0x0000000021ade000 JavaThread "jar transforms Thread 90" [_thread_blocked, id=2776, stack(0x000000002a580000,0x000000002a680000)]
  0x0000000021ae5000 JavaThread "jar transforms Thread 89" [_thread_blocked, id=7008, stack(0x000000002a480000,0x000000002a580000)]
  0x0000000021add800 JavaThread "jar transforms Thread 88" [_thread_blocked, id=2416, stack(0x000000002a380000,0x000000002a480000)]
  0x0000000021ae4000 JavaThread "jar transforms Thread 87" [_thread_blocked, id=1300, stack(0x000000002a280000,0x000000002a380000)]
  0x0000000021adc800 JavaThread "jar transforms Thread 86" [_thread_blocked, id=4160, stack(0x000000002a180000,0x000000002a280000)]
  0x0000000021ae3800 JavaThread "jar transforms Thread 85" [_thread_blocked, id=10568, stack(0x000000002a080000,0x000000002a180000)]
  0x0000000021ae2000 JavaThread "jar transforms Thread 84" [_thread_blocked, id=3020, stack(0x0000000029f80000,0x000000002a080000)]
  0x0000000021ae2800 JavaThread "jar transforms Thread 83" [_thread_blocked, id=1684, stack(0x0000000029e80000,0x0000000029f80000)]
  0x0000000021ae1000 JavaThread "jar transforms Thread 82" [_thread_blocked, id=9544, stack(0x0000000029d80000,0x0000000029e80000)]
  0x0000000021ae0800 JavaThread "jar transforms Thread 81" [_thread_blocked, id=10556, stack(0x0000000029c80000,0x0000000029d80000)]
  0x0000000021ada800 JavaThread "jar transforms Thread 80" [_thread_blocked, id=10752, stack(0x0000000029b80000,0x0000000029c80000)]
  0x0000000021adf000 JavaThread "jar transforms Thread 79" [_thread_blocked, id=5992, stack(0x0000000029a80000,0x0000000029b80000)]
  0x0000000021ad9000 JavaThread "jar transforms Thread 78" [_thread_blocked, id=10628, stack(0x0000000029980000,0x0000000029a80000)]
  0x0000000021adf800 JavaThread "jar transforms Thread 77" [_thread_blocked, id=3768, stack(0x0000000029880000,0x0000000029980000)]
  0x0000000021adb000 JavaThread "jar transforms Thread 76" [_thread_blocked, id=6064, stack(0x0000000029780000,0x0000000029880000)]
  0x0000000021ad8000 JavaThread "jar transforms Thread 75" [_thread_blocked, id=6212, stack(0x0000000029680000,0x0000000029780000)]
  0x0000000021ad9800 JavaThread "jar transforms Thread 74" [_thread_blocked, id=2192, stack(0x0000000029580000,0x0000000029680000)]
  0x0000000021adc000 JavaThread "jar transforms Thread 73" [_thread_blocked, id=10980, stack(0x0000000029480000,0x0000000029580000)]
  0x00000000232ea800 JavaThread "jar transforms Thread 72" [_thread_blocked, id=2112, stack(0x0000000029380000,0x0000000029480000)]
  0x00000000232e9000 JavaThread "jar transforms Thread 71" [_thread_blocked, id=1716, stack(0x0000000029280000,0x0000000029380000)]
  0x00000000232ea000 JavaThread "jar transforms Thread 70" [_thread_blocked, id=9424, stack(0x0000000029180000,0x0000000029280000)]
  0x00000000232e8800 JavaThread "jar transforms Thread 69" [_thread_blocked, id=6224, stack(0x0000000029080000,0x0000000029180000)]
  0x00000000232e7800 JavaThread "jar transforms Thread 68" [_thread_blocked, id=5788, stack(0x0000000028f80000,0x0000000029080000)]
  0x00000000232e7000 JavaThread "jar transforms Thread 67" [_thread_blocked, id=4296, stack(0x0000000028e80000,0x0000000028f80000)]
  0x00000000232e5800 JavaThread "jar transforms Thread 66" [_thread_blocked, id=8296, stack(0x0000000028d80000,0x0000000028e80000)]
  0x00000000232e4800 JavaThread "jar transforms Thread 65" [_thread_blocked, id=2320, stack(0x0000000028c80000,0x0000000028d80000)]
  0x00000000232e6000 JavaThread "jar transforms Thread 64" [_thread_blocked, id=2660, stack(0x0000000028b80000,0x0000000028c80000)]
  0x00000000232dd000 JavaThread "jar transforms Thread 63" [_thread_blocked, id=4252, stack(0x0000000028a80000,0x0000000028b80000)]
  0x00000000232e4000 JavaThread "jar transforms Thread 62" [_thread_blocked, id=7612, stack(0x0000000028980000,0x0000000028a80000)]
  0x00000000232dc000 JavaThread "jar transforms Thread 61" [_thread_blocked, id=6440, stack(0x0000000028880000,0x0000000028980000)]
  0x00000000232e3000 JavaThread "jar transforms Thread 60" [_thread_blocked, id=6432, stack(0x0000000028780000,0x0000000028880000)]
  0x00000000232db800 JavaThread "jar transforms Thread 59" [_thread_blocked, id=1732, stack(0x0000000028680000,0x0000000028780000)]
  0x00000000232e1800 JavaThread "jar transforms Thread 58" [_thread_blocked, id=10704, stack(0x0000000028580000,0x0000000028680000)]
  0x00000000232e2800 JavaThread "jar transforms Thread 57" [_thread_blocked, id=1580, stack(0x0000000028480000,0x0000000028580000)]
  0x00000000232e0800 JavaThread "jar transforms Thread 56" [_thread_blocked, id=9608, stack(0x0000000028380000,0x0000000028480000)]
  0x00000000232df000 JavaThread "jar transforms Thread 55" [_thread_blocked, id=5236, stack(0x0000000028280000,0x0000000028380000)]
  0x00000000232de800 JavaThread "jar transforms Thread 54" [_thread_blocked, id=10584, stack(0x0000000028180000,0x0000000028280000)]
  0x00000000232dd800 JavaThread "jar transforms Thread 53" [_thread_blocked, id=5024, stack(0x0000000028080000,0x0000000028180000)]
  0x00000000232e0000 JavaThread "jar transforms Thread 52" [_thread_blocked, id=5040, stack(0x0000000027f80000,0x0000000028080000)]
  0x000000001f6ac000 JavaThread "jar transforms Thread 51" [_thread_blocked, id=3616, stack(0x0000000027e80000,0x0000000027f80000)]
  0x000000001f6ab800 JavaThread "jar transforms Thread 50" [_thread_blocked, id=5840, stack(0x0000000027d80000,0x0000000027e80000)]
  0x000000001f6ad000 JavaThread "jar transforms Thread 49" [_thread_blocked, id=3052, stack(0x0000000027ad0000,0x0000000027bd0000)]
  0x000000001f6ae800 JavaThread "jar transforms Thread 48" [_thread_blocked, id=8588, stack(0x00000000279d0000,0x0000000027ad0000)]
  0x000000001f6aa800 JavaThread "jar transforms Thread 47" [_thread_blocked, id=6548, stack(0x00000000278d0000,0x00000000279d0000)]
  0x000000001f6ad800 JavaThread "jar transforms Thread 46" [_thread_blocked, id=6048, stack(0x00000000277d0000,0x00000000278d0000)]
  0x000000001f6a3000 JavaThread "jar transforms Thread 45" [_thread_blocked, id=3980, stack(0x00000000276d0000,0x00000000277d0000)]
  0x000000001f6aa000 JavaThread "jar transforms Thread 44" [_thread_blocked, id=2676, stack(0x00000000275d0000,0x00000000276d0000)]
  0x000000001f6a7800 JavaThread "jar transforms Thread 43" [_thread_blocked, id=2688, stack(0x00000000274d0000,0x00000000275d0000)]
  0x000000001f6a8800 JavaThread "jar transforms Thread 42" [_thread_blocked, id=2684, stack(0x00000000273d0000,0x00000000274d0000)]
  0x000000001f6a9000 JavaThread "jar transforms Thread 41" [_thread_blocked, id=1156, stack(0x00000000272d0000,0x00000000273d0000)]
  0x000000001f6a1800 JavaThread "jar transforms Thread 40" [_thread_blocked, id=11088, stack(0x00000000271d0000,0x00000000272d0000)]
  0x000000001f6a0000 JavaThread "jar transforms Thread 39" [_thread_blocked, id=988, stack(0x00000000270d0000,0x00000000271d0000)]
  0x000000001f6a7000 JavaThread "jar transforms Thread 38" [_thread_blocked, id=7420, stack(0x0000000026fd0000,0x00000000270d0000)]
  0x000000001f69f800 JavaThread "jar transforms Thread 37" [_thread_blocked, id=6596, stack(0x0000000026ed0000,0x0000000026fd0000)]
  0x000000001f6a6000 JavaThread "jar transforms Thread 36" [_thread_blocked, id=1504, stack(0x0000000026dd0000,0x0000000026ed0000)]
  0x000000001f6a1000 JavaThread "jar transforms Thread 35" [_thread_blocked, id=8044, stack(0x0000000026cd0000,0x0000000026dd0000)]
  0x000000001f6a4000 JavaThread "jar transforms Thread 34" [_thread_blocked, id=3208, stack(0x0000000026bd0000,0x0000000026cd0000)]
  0x000000001f6a4800 JavaThread "jar transforms Thread 33" [_thread_blocked, id=3620, stack(0x0000000026ad0000,0x0000000026bd0000)]
  0x000000001f6a2800 JavaThread "jar transforms Thread 32" [_thread_blocked, id=9920, stack(0x00000000269d0000,0x0000000026ad0000)]
  0x000000001f6a5800 JavaThread "jar transforms Thread 31" [_thread_blocked, id=1616, stack(0x00000000268d0000,0x00000000269d0000)]
  0x0000000021af9800 JavaThread "jar transforms Thread 30" [_thread_blocked, id=1844, stack(0x00000000267d0000,0x00000000268d0000)]
  0x0000000021afa800 JavaThread "jar transforms Thread 29" [_thread_blocked, id=3140, stack(0x00000000266d0000,0x00000000267d0000)]
  0x0000000021af7800 JavaThread "jar transforms Thread 28" [_thread_blocked, id=1764, stack(0x00000000265d0000,0x00000000266d0000)]
  0x0000000021af6800 JavaThread "jar transforms Thread 27" [_thread_blocked, id=6188, stack(0x00000000264d0000,0x00000000265d0000)]
  0x0000000021af9000 JavaThread "jar transforms Thread 26" [_thread_blocked, id=608, stack(0x00000000263d0000,0x00000000264d0000)]
  0x0000000021af6000 JavaThread "jar transforms Thread 25" [_thread_blocked, id=2800, stack(0x00000000262d0000,0x00000000263d0000)]
  0x0000000021af5000 JavaThread "jar transforms Thread 24" [_thread_blocked, id=2404, stack(0x00000000261d0000,0x00000000262d0000)]
  0x0000000021af8000 JavaThread "jar transforms Thread 23" [_thread_blocked, id=6620, stack(0x00000000260d0000,0x00000000261d0000)]
  0x0000000021aed800 JavaThread "jar transforms Thread 22" [_thread_blocked, id=1748, stack(0x0000000025fd0000,0x00000000260d0000)]
  0x0000000021af4800 JavaThread "jar transforms Thread 21" [_thread_blocked, id=2584, stack(0x0000000025ed0000,0x0000000025fd0000)]
  0x0000000021aed000 JavaThread "jar transforms Thread 20" [_thread_blocked, id=1628, stack(0x0000000025dd0000,0x0000000025ed0000)]
  0x0000000021af3800 JavaThread "jar transforms Thread 19" [_thread_blocked, id=3960, stack(0x0000000025cd0000,0x0000000025dd0000)]
  0x0000000021aec000 JavaThread "jar transforms Thread 18" [_thread_blocked, id=8472, stack(0x0000000025bd0000,0x0000000025cd0000)]
  0x0000000021af3000 JavaThread "jar transforms Thread 17" [_thread_blocked, id=2464, stack(0x0000000025ad0000,0x0000000025bd0000)]
  0x0000000021aeb800 JavaThread "jar transforms Thread 16" [_thread_blocked, id=1516, stack(0x00000000259d0000,0x0000000025ad0000)]
  0x0000000021af0000 JavaThread "jar transforms Thread 15" [_thread_blocked, id=4972, stack(0x00000000258d0000,0x00000000259d0000)]
  0x0000000021af2000 JavaThread "jar transforms Thread 14" [_thread_blocked, id=4072, stack(0x00000000257d0000,0x00000000258d0000)]
  0x0000000021af1800 JavaThread "jar transforms Thread 13" [_thread_blocked, id=7220, stack(0x00000000256d0000,0x00000000257d0000)]
  0x0000000021aef000 JavaThread "jar transforms Thread 12" [_thread_blocked, id=10912, stack(0x00000000255d0000,0x00000000256d0000)]
  0x0000000021af0800 JavaThread "jar transforms Thread 11" [_thread_blocked, id=96, stack(0x00000000254d0000,0x00000000255d0000)]
  0x0000000021aee800 JavaThread "jar transforms Thread 10" [_thread_blocked, id=2840, stack(0x00000000253d0000,0x00000000254d0000)]
  0x000000001c760800 JavaThread "jar transforms Thread 9" [_thread_blocked, id=84, stack(0x00000000252d0000,0x00000000253d0000)]
  0x000000001c75f800 JavaThread "jar transforms Thread 8" [_thread_blocked, id=9616, stack(0x00000000251d0000,0x00000000252d0000)]
  0x000000001c75f000 JavaThread "jar transforms Thread 7" [_thread_blocked, id=1756, stack(0x00000000250d0000,0x00000000251d0000)]
  0x000000001c762800 JavaThread "jar transforms Thread 6" [_thread_blocked, id=892, stack(0x0000000024fd0000,0x00000000250d0000)]
  0x000000001c765800 JavaThread "jar transforms Thread 5" [_thread_blocked, id=11020, stack(0x0000000024ed0000,0x0000000024fd0000)]
  0x000000001c765000 JavaThread "jar transforms Thread 4" [_thread_blocked, id=8136, stack(0x0000000024dd0000,0x0000000024ed0000)]
  0x000000001c762000 JavaThread "jar transforms Thread 3" [_thread_blocked, id=2796, stack(0x0000000024cd0000,0x0000000024dd0000)]
  0x000000001c763800 JavaThread "jar transforms Thread 2" [_thread_blocked, id=2748, stack(0x0000000024bd0000,0x0000000024cd0000)]
  0x000000001c761000 JavaThread "Build operations Thread 8" [_thread_blocked, id=1448, stack(0x0000000024ad0000,0x0000000024bd0000)]
  0x000000001c764000 JavaThread "Build operations Thread 7" [_thread_blocked, id=928, stack(0x00000000249d0000,0x0000000024ad0000)]
  0x000000001c757800 JavaThread "Build operations Thread 6" [_thread_blocked, id=1656, stack(0x00000000248d0000,0x00000000249d0000)]
  0x000000001c75e000 JavaThread "Build operations Thread 5" [_thread_blocked, id=2752, stack(0x00000000247d0000,0x00000000248d0000)]
  0x000000001c756800 JavaThread "Build operations Thread 4" [_thread_blocked, id=524, stack(0x00000000246d0000,0x00000000247d0000)]
  0x000000001c75d800 JavaThread "Build operations Thread 3" [_thread_blocked, id=2824, stack(0x00000000245d0000,0x00000000246d0000)]
  0x000000001c75c800 JavaThread "Build operations Thread 2" [_thread_blocked, id=1280, stack(0x00000000244d0000,0x00000000245d0000)]
  0x000000001c75c000 JavaThread "Build operations" [_thread_blocked, id=4652, stack(0x00000000243d0000,0x00000000244d0000)]
  0x000000001c51b800 JavaThread "Cache worker for file content cache (C:\Users\TYLER\.gradle\caches\6.5\fileContent)" [_thread_blocked, id=3004, stack(0x0000000022d00000,0x0000000022e00000)]
  0x000000001c519000 JavaThread "jar transforms" [_thread_blocked, id=4500, stack(0x0000000022c00000,0x0000000022d00000)]
  0x000000001c51a000 JavaThread "Cache worker for execution history cache (C:\Users\TYLER\.gradle\caches\6.5\executionHistory)" [_thread_blocked, id=940, stack(0x0000000022500000,0x0000000022600000)]
  0x000000001c517800 JavaThread "Cache worker for cache directory md-rule (C:\Users\TYLER\.gradle\caches\6.5\md-rule)" [_thread_blocked, id=2264, stack(0x0000000022400000,0x0000000022500000)]
  0x000000001c517000 JavaThread "Cache worker for cache directory md-supplier (C:\Users\TYLER\.gradle\caches\6.5\md-supplier)" [_thread_blocked, id=3796, stack(0x0000000022300000,0x0000000022400000)]
  0x000000001c518800 JavaThread "Cache worker for checksums cache (D:\Workspace\Calculator\.gradle\checksums)" [_thread_blocked, id=3144, stack(0x0000000022200000,0x0000000022300000)]
  0x000000001c51d000 JavaThread "Cache worker for file hash cache (D:\Workspace\Calculator\.gradle\6.5\fileHashes)" [_thread_blocked, id=11016, stack(0x0000000022100000,0x0000000022200000)]
  0x000000001c51c000 JavaThread "Cache worker for file hash cache (C:\Users\TYLER\.gradle\caches\6.5\fileHashes)" [_thread_blocked, id=6488, stack(0x000000001e900000,0x000000001ea00000)]
  0x000000001c516000 JavaThread "File lock request listener" [_thread_in_native, id=804, stack(0x000000001e800000,0x000000001e900000)]
  0x000000001c4e3000 JavaThread "Cache worker for journal cache (C:\Users\TYLER\.gradle\caches\journal-1)" [_thread_blocked, id=9468, stack(0x000000001e700000,0x000000001e800000)]
  0x000000001c449000 JavaThread "Thread-9" [_thread_blocked, id=3056, stack(0x000000001e400000,0x000000001e500000)]
  0x000000001c437800 JavaThread "Stdin handler" [_thread_blocked, id=10204, stack(0x000000001e300000,0x000000001e400000)]
  0x000000001c43d800 JavaThread "Asynchronous log dispatcher for DefaultDaemonConnection: socket connection from /127.0.0.1:50050 to /127.0.0.1:50051" [_thread_blocked, id=800, stack(0x000000001e200000,0x000000001e300000)]
  0x000000001c426000 JavaThread "Daemon worker" [_thread_in_vm, id=1364, stack(0x000000001e100000,0x000000001e200000)]
  0x000000001c424800 JavaThread "Cancel handler" [_thread_blocked, id=4132, stack(0x000000001df00000,0x000000001e000000)]
  0x000000001c369000 JavaThread "Handler for socket connection from /127.0.0.1:50050 to /127.0.0.1:50051" [_thread_in_native, id=10432, stack(0x000000001de00000,0x000000001df00000)]
  0x000000001c36b000 JavaThread "Daemon" [_thread_blocked, id=10112, stack(0x000000001db00000,0x000000001dc00000)]
  0x000000001c395800 JavaThread "Daemon periodic checks" [_thread_blocked, id=11236, stack(0x000000001da00000,0x000000001db00000)]
  0x000000001c331800 JavaThread "Incoming local TCP Connector on port 50050" [_thread_in_native, id=6544, stack(0x000000001d7c0000,0x000000001d8c0000)]
  0x000000001c27c800 JavaThread "Daemon health stats" [_thread_blocked, id=6780, stack(0x000000001d180000,0x000000001d280000)]
  0x0000000019999800 JavaThread "Service Thread" daemon [_thread_blocked, id=6512, stack(0x000000001a5e0000,0x000000001a6e0000)]
  0x0000000019926800 JavaThread "C1 CompilerThread3" daemon [_thread_blocked, id=8980, stack(0x000000001a4e0000,0x000000001a5e0000)]
=>0x000000001991e800 JavaThread "C2 CompilerThread2" daemon [_thread_in_native, id=2468, stack(0x000000001a3e0000,0x000000001a4e0000)]
  0x000000001991a000 JavaThread "C2 CompilerThread1" daemon [_thread_in_native, id=5684, stack(0x000000001a2e0000,0x000000001a3e0000)]
  0x0000000019914000 JavaThread "C2 CompilerThread0" daemon [_thread_in_native, id=2632, stack(0x000000001a1e0000,0x000000001a2e0000)]
  0x000000001990f000 JavaThread "Attach Listener" daemon [_thread_blocked, id=8808, stack(0x000000001a0e0000,0x000000001a1e0000)]
  0x000000001990e000 JavaThread "Signal Dispatcher" daemon [_thread_blocked, id=5720, stack(0x0000000019fe0000,0x000000001a0e0000)]
  0x0000000019901800 JavaThread "Finalizer" daemon [_thread_blocked, id=3636, stack(0x0000000019de0000,0x0000000019ee0000)]
  0x0000000002a98000 JavaThread "Reference Handler" daemon [_thread_blocked, id=6284, stack(0x0000000019ce0000,0x0000000019de0000)]
  0x000000000299e000 JavaThread "main" [_thread_blocked, id=7964, stack(0x00000000027d0000,0x00000000028d0000)]

Other Threads:
  0x0000000017b06800 VMThread [stack: 0x00000000197e0000,0x00000000198e0000] [id=6532]
  0x000000001999a000 WatcherThread [stack: 0x000000001a6e0000,0x000000001a7e0000] [id=9984]

VM state:not at safepoint (normal execution)

VM Mutex/Monitor currently owned by a thread: None

heap address: 0x0000000080000000, size: 2048 MB, Compressed Oops mode: 32-bit
Narrow klass base: 0x0000000000000000, Narrow klass shift: 3
Compressed class space size: 1073741824 Address: 0x0000000100000000

Heap:
 PSYoungGen      total 229376K, used 191807K [0x00000000d5580000, 0x00000000e4800000, 0x0000000100000000)
  eden space 213504K, 89% used [0x00000000d5580000,0x00000000e10cff20,0x00000000e2600000)
  from space 15872K, 0% used [0x00000000e3500000,0x00000000e3500000,0x00000000e4480000)
  to   space 15360K, 0% used [0x00000000e2600000,0x00000000e2600000,0x00000000e3500000)
 ParOldGen       total 142848K, used 14589K [0x0000000080000000, 0x0000000088b80000, 0x00000000d5580000)
  object space 142848K, 10% used [0x0000000080000000,0x0000000080e3f638,0x0000000088b80000)
 Metaspace       used 44324K, capacity 46156K, committed 46376K, reserved 1089536K
  class space    used 6029K, capacity 6396K, committed 6448K, reserved 1048576K

Card table byte_map: [0x0000000011e60000,0x0000000012270000] byte_map_base: 0x0000000011a60000

Marking Bits: (ParMarkBitMap*) 0x0000000051baf030
 Begin Bits: [0x0000000012d20000, 0x0000000014d20000)
 End Bits:   [0x0000000014d20000, 0x0000000016d20000)

Polling page: 0x0000000000ae0000

CodeCache: size=245760Kb used=13506Kb max_used=13518Kb free=232254Kb
 bounds [0x0000000002aa0000, 0x00000000037e0000, 0x0000000011aa0000]
 total_blobs=4675 nmethods=3943 adapters=645
 compilation: enabled

Compilation events (10 events):
Event: 5.046 Thread 0x0000000019926800 3937   !   3       org.gradle.internal.instantiation.generator.DependencyInjectingInstantiator::doCreate (64 bytes)
Event: 5.046 Thread 0x0000000019926800 nmethod 3937 0x00000000037ca8d0 code [0x00000000037caaa0, 0x00000000037cb0a8]
Event: 5.046 Thread 0x0000000019926800 3938       3       org.gradle.internal.instantiation.generator.DependencyInjectingInstantiator::convertParameters (126 bytes)
Event: 5.047 Thread 0x0000000019926800 nmethod 3938 0x00000000037cb5d0 code [0x00000000037cb940, 0x00000000037cd548]
Event: 5.048 Thread 0x0000000019926800 3939       3       com.google.common.reflect.TypeResolver$TypeTable$1::resolveInternal (33 bytes)
Event: 5.048 Thread 0x0000000019926800 nmethod 3939 0x00000000037ce7d0 code [0x00000000037ce980, 0x00000000037cee58]
Event: 5.048 Thread 0x0000000019926800 3940       3       com.google.common.reflect.TypeResolver::<init> (10 bytes)
Event: 5.048 Thread 0x0000000019926800 nmethod 3940 0x00000000037cf010 code [0x00000000037cf160, 0x00000000037cf330]
Event: 5.049 Thread 0x0000000019926800 3942       3       com.google.common.collect.AbstractMapBasedMultimap::put (92 bytes)
Event: 5.049 Thread 0x0000000019926800 nmethod 3942 0x00000000037cf3d0 code [0x00000000037cf5a0, 0x00000000037cfdb8]

GC Heap History (10 events):
Event: 2.490 GC heap before
{Heap before GC invocations=4 (full 0):
 PSYoungGen      total 75776K, used 21645K [0x00000000d5580000, 0x00000000de980000, 0x0000000100000000)
  eden space 65024K, 16% used [0x00000000d5580000,0x00000000d602b5b0,0x00000000d9500000)
  from space 10752K, 99% used [0x00000000d9500000,0x00000000d9f78068,0x00000000d9f80000)
  to   space 10752K, 0% used [0x00000000ddf00000,0x00000000ddf00000,0x00000000de980000)
 ParOldGen       total 173568K, used 876K [0x0000000080000000, 0x000000008a980000, 0x00000000d5580000)
  object space 173568K, 0% used [0x0000000080000000,0x00000000800db0c0,0x000000008a980000)
 Metaspace       used 20592K, capacity 21224K, committed 21296K, reserved 1067008K
  class space    used 2882K, capacity 3076K, committed 3120K, reserved 1048576K
Event: 2.497 GC heap after
Heap after GC invocations=4 (full 0):
 PSYoungGen      total 140800K, used 7446K [0x00000000d5580000, 0x00000000de980000, 0x0000000100000000)
  eden space 130048K, 0% used [0x00000000d5580000,0x00000000d5580000,0x00000000dd480000)
  from space 10752K, 69% used [0x00000000ddf00000,0x00000000de645888,0x00000000de980000)
  to   space 10752K, 0% used [0x00000000dd480000,0x00000000dd480000,0x00000000ddf00000)
 ParOldGen       total 173568K, used 884K [0x0000000080000000, 0x000000008a980000, 0x00000000d5580000)
  object space 173568K, 0% used [0x0000000080000000,0x00000000800dd0c0,0x000000008a980000)
 Metaspace       used 20592K, capacity 21224K, committed 21296K, reserved 1067008K
  class space    used 2882K, capacity 3076K, committed 3120K, reserved 1048576K
}
Event: 2.497 GC heap before
{Heap before GC invocations=5 (full 1):
 PSYoungGen      total 140800K, used 7446K [0x00000000d5580000, 0x00000000de980000, 0x0000000100000000)
  eden space 130048K, 0% used [0x00000000d5580000,0x00000000d5580000,0x00000000dd480000)
  from space 10752K, 69% used [0x00000000ddf00000,0x00000000de645888,0x00000000de980000)
  to   space 10752K, 0% used [0x00000000dd480000,0x00000000dd480000,0x00000000ddf00000)
 ParOldGen       total 173568K, used 884K [0x0000000080000000, 0x000000008a980000, 0x00000000d5580000)
  object space 173568K, 0% used [0x0000000080000000,0x00000000800dd0c0,0x000000008a980000)
 Metaspace       used 20592K, capacity 21224K, committed 21296K, reserved 1067008K
  class space    used 2882K, capacity 3076K, committed 3120K, reserved 1048576K
Event: 2.529 GC heap after
Heap after GC invocations=5 (full 1):
 PSYoungGen      total 140800K, used 0K [0x00000000d5580000, 0x00000000de980000, 0x0000000100000000)
  eden space 130048K, 0% used [0x00000000d5580000,0x00000000d5580000,0x00000000dd480000)
  from space 10752K, 0% used [0x00000000ddf00000,0x00000000ddf00000,0x00000000de980000)
  to   space 10752K, 0% used [0x00000000dd480000,0x00000000dd480000,0x00000000ddf00000)
 ParOldGen       total 94720K, used 7259K [0x0000000080000000, 0x0000000085c80000, 0x00000000d5580000)
  object space 94720K, 7% used [0x0000000080000000,0x0000000080716f38,0x0000000085c80000)
 Metaspace       used 20592K, capacity 21224K, committed 21296K, reserved 1067008K
  class space    used 2882K, capacity 3076K, committed 3120K, reserved 1048576K
}
Event: 3.606 GC heap before
{Heap before GC invocations=6 (full 1):
 PSYoungGen      total 140800K, used 130048K [0x00000000d5580000, 0x00000000de980000, 0x0000000100000000)
  eden space 130048K, 100% used [0x00000000d5580000,0x00000000dd480000,0x00000000dd480000)
  from space 10752K, 0% used [0x00000000ddf00000,0x00000000ddf00000,0x00000000de980000)
  to   space 10752K, 0% used [0x00000000dd480000,0x00000000dd480000,0x00000000ddf00000)
 ParOldGen       total 94720K, used 7259K [0x0000000080000000, 0x0000000085c80000, 0x00000000d5580000)
  object space 94720K, 7% used [0x0000000080000000,0x0000000080716f38,0x0000000085c80000)
 Metaspace       used 32773K, capacity 33796K, committed 33968K, reserved 1079296K
  class space    used 4483K, capacity 4750K, committed 4784K, reserved 1048576K
Event: 3.617 GC heap after
Heap after GC invocations=6 (full 1):
 PSYoungGen      total 140800K, used 10744K [0x00000000d5580000, 0x00000000e4480000, 0x0000000100000000)
  eden space 130048K, 0% used [0x00000000d5580000,0x00000000d5580000,0x00000000dd480000)
  from space 10752K, 99% used [0x00000000dd480000,0x00000000ddefe268,0x00000000ddf00000)
  to   space 15872K, 0% used [0x00000000e3500000,0x00000000e3500000,0x00000000e4480000)
 ParOldGen       total 94720K, used 10630K [0x0000000080000000, 0x0000000085c80000, 0x00000000d5580000)
  object space 94720K, 11% used [0x0000000080000000,0x0000000080a61aa8,0x0000000085c80000)
 Metaspace       used 32773K, capacity 33796K, committed 33968K, reserved 1079296K
  class space    used 4483K, capacity 4750K, committed 4784K, reserved 1048576K
}
Event: 3.791 GC heap before
{Heap before GC invocations=7 (full 1):
 PSYoungGen      total 140800K, used 42212K [0x00000000d5580000, 0x00000000e4480000, 0x0000000100000000)
  eden space 130048K, 24% used [0x00000000d5580000,0x00000000d743b180,0x00000000dd480000)
  from space 10752K, 99% used [0x00000000dd480000,0x00000000ddefe268,0x00000000ddf00000)
  to   space 15872K, 0% used [0x00000000e3500000,0x00000000e3500000,0x00000000e4480000)
 ParOldGen       total 94720K, used 10630K [0x0000000080000000, 0x0000000085c80000, 0x00000000d5580000)
  object space 94720K, 11% used [0x0000000080000000,0x0000000080a61aa8,0x0000000085c80000)
 Metaspace       used 34351K, capacity 35420K, committed 35496K, reserved 1079296K
  class space    used 4732K, capacity 5003K, committed 5040K, reserved 1048576K
Event: 3.798 GC heap after
Heap after GC invocations=7 (full 1):
 PSYoungGen      total 229376K, used 8204K [0x00000000d5580000, 0x00000000e4800000, 0x0000000100000000)
  eden space 213504K, 0% used [0x00000000d5580000,0x00000000d5580000,0x00000000e2600000)
  from space 15872K, 51% used [0x00000000e3500000,0x00000000e3d03118,0x00000000e4480000)
  to   space 15360K, 0% used [0x00000000e2600000,0x00000000e2600000,0x00000000e3500000)
 ParOldGen       total 94720K, used 10638K [0x0000000080000000, 0x0000000085c80000, 0x00000000d5580000)
  object space 94720K, 11% used [0x0000000080000000,0x0000000080a63aa8,0x0000000085c80000)
 Metaspace       used 34351K, capacity 35420K, committed 35496K, reserved 1079296K
  class space    used 4732K, capacity 5003K, committed 5040K, reserved 1048576K
}
Event: 3.798 GC heap before
{Heap before GC invocations=8 (full 2):
 PSYoungGen      total 229376K, used 8204K [0x00000000d5580000, 0x00000000e4800000, 0x0000000100000000)
  eden space 213504K, 0% used [0x00000000d5580000,0x00000000d5580000,0x00000000e2600000)
  from space 15872K, 51% used [0x00000000e3500000,0x00000000e3d03118,0x00000000e4480000)
  to   space 15360K, 0% used [0x00000000e2600000,0x00000000e2600000,0x00000000e3500000)
 ParOldGen       total 94720K, used 10638K [0x0000000080000000, 0x0000000085c80000, 0x00000000d5580000)
  object space 94720K, 11% used [0x0000000080000000,0x0000000080a63aa8,0x0000000085c80000)
 Metaspace       used 34351K, capacity 35420K, committed 35496K, reserved 1079296K
  class space    used 4732K, capacity 5003K, committed 5040K, reserved 1048576K
Event: 3.835 GC heap after
Heap after GC invocations=8 (full 2):
 PSYoungGen      total 229376K, used 0K [0x00000000d5580000, 0x00000000e4800000, 0x0000000100000000)
  eden space 213504K, 0% used [0x00000000d5580000,0x00000000d5580000,0x00000000e2600000)
  from space 15872K, 0% used [0x00000000e3500000,0x00000000e3500000,0x00000000e4480000)
  to   space 15360K, 0% used [0x00000000e2600000,0x00000000e2600000,0x00000000e3500000)
 ParOldGen       total 142848K, used 14589K [0x0000000080000000, 0x0000000088b80000, 0x00000000d5580000)
  object space 142848K, 10% used [0x0000000080000000,0x0000000080e3f638,0x0000000088b80000)
 Metaspace       used 34351K, capacity 35420K, committed 35496K, reserved 1079296K
  class space    used 4732K, capacity 5003K, committed 5040K, reserved 1048576K
}

Deoptimization events (10 events):
Event: 4.432 Thread 0x000000001c426000 Uncommon trap: reason=bimorphic action=maybe_recompile pc=0x00000000034afb4c method=java.lang.ClassLoader.getPackage(Ljava/lang/String;)Ljava/lang/Package; @ 47
Event: 4.432 Thread 0x000000001c426000 Uncommon trap: reason=bimorphic action=maybe_recompile pc=0x00000000034afb4c method=java.lang.ClassLoader.getPackage(Ljava/lang/String;)Ljava/lang/Package; @ 47
Event: 4.432 Thread 0x000000001c426000 Uncommon trap: reason=bimorphic action=maybe_recompile pc=0x00000000034afb4c method=java.lang.ClassLoader.getPackage(Ljava/lang/String;)Ljava/lang/Package; @ 47
Event: 4.551 Thread 0x000000001c426000 Uncommon trap: reason=unstable_if action=reinterpret pc=0x0000000003413cd0 method=java.io.BufferedInputStream.read([BII)I @ 56
Event: 4.602 Thread 0x000000001c426000 Uncommon trap: reason=bimorphic action=maybe_recompile pc=0x0000000003396fac method=java.util.AbstractCollection.addAll(Ljava/util/Collection;)Z @ 29
Event: 4.608 Thread 0x000000001c426000 Uncommon trap: reason=bimorphic action=maybe_recompile pc=0x0000000003396fac method=java.util.AbstractCollection.addAll(Ljava/util/Collection;)Z @ 29
Event: 4.796 Thread 0x000000001c426000 Uncommon trap: reason=unstable_if action=reinterpret pc=0x00000000033b629c method=org.objectweb.asm.ByteVector.putUTF8(Ljava/lang/String;)Lorg/objectweb/asm/ByteVector; @ 93
Event: 4.803 Thread 0x000000001c426000 Uncommon trap: reason=unstable_if action=reinterpret pc=0x0000000003157f68 method=org.objectweb.asm.ByteVector.putUTF8(Ljava/lang/String;)Lorg/objectweb/asm/ByteVector; @ 93
Event: 4.821 Thread 0x000000001c426000 Uncommon trap: reason=predicate action=maybe_recompile pc=0x00000000036a1d48 method=java.util.Arrays.binarySearch0([Ljava/lang/Object;IILjava/lang/Object;Ljava/util/Comparator;)I @ 28
Event: 4.999 Thread 0x000000001c426000 Uncommon trap: reason=unstable_if action=reinterpret pc=0x0000000003782c3c method=java.util.concurrent.ConcurrentHashMap.addCount(JI)V @ 110

Classes redefined (0 events):
No events

Internal exceptions (10 events):
Event: 4.399 Thread 0x000000001c449000 Exception <a 'java/lang/NoSuchMethodError': <clinit>> (0x00000000d7bf3d70) thrown at [C:\src\AOSP-openjdk-git\hotspot\src\share\vm\prims\jni.cpp, line 1615]
Event: 4.400 Thread 0x000000001c449000 Exception <a 'java/lang/NoSuchMethodError': <clinit>> (0x00000000d7bfdfe0) thrown at [C:\src\AOSP-openjdk-git\hotspot\src\share\vm\prims\jni.cpp, line 1615]
Event: 4.400 Thread 0x000000001c449000 Exception <a 'java/lang/NoSuchMethodError': <clinit>> (0x00000000d7c09090) thrown at [C:\src\AOSP-openjdk-git\hotspot\src\share\vm\prims\jni.cpp, line 1615]
Event: 4.402 Thread 0x000000001c449000 Exception <a 'java/lang/NoSuchMethodError': <clinit>> (0x00000000d7c1c460) thrown at [C:\src\AOSP-openjdk-git\hotspot\src\share\vm\prims\jni.cpp, line 1615]
Event: 4.411 Thread 0x000000001c426000 Exception <a 'java/lang/ClassNotFoundException': build_1xsap81lk5a1q191kv6sp54c1BeanInfo> (0x00000000dd0aac10) thrown at [C:\src\AOSP-openjdk-git\hotspot\src\share\vm\classfile\systemDictionary.cpp, line 210]
Event: 4.411 Thread 0x000000001c426000 Exception <a 'java/lang/ClassNotFoundException': build_1xsap81lk5a1q191kv6sp54c1Customizer> (0x00000000dd0b6850) thrown at [C:\src\AOSP-openjdk-git\hotspot\src\share\vm\classfile\systemDictionary.cpp, line 210]
Event: 4.418 Thread 0x000000001c426000 Exception <a 'java/lang/ClassNotFoundException': org/gradle/plugin/use/internal/PluginRequestCollector$PluginDependenciesSpecImplBeanInfo> (0x00000000dd156518) thrown at [C:\src\AOSP-openjdk-git\hotspot\src\share\vm\classfile\systemDictionary.cpp, line 21
Event: 4.419 Thread 0x000000001c426000 Exception <a 'java/lang/ClassNotFoundException': org/gradle/plugin/use/internal/PluginRequestCollector$PluginDependenciesSpecImplCustomizer> (0x00000000dd196458) thrown at [C:\src\AOSP-openjdk-git\hotspot\src\share\vm\classfile\systemDictionary.cpp, line 
Event: 4.446 Thread 0x000000001c426000 Exception <a 'java/lang/ClassNotFoundException': org/gradle/api/internal/plugins/DefaultObjectConfigurationActionBeanInfo> (0x00000000dd4862c8) thrown at [C:\src\AOSP-openjdk-git\hotspot\src\share\vm\classfile\systemDictionary.cpp, line 210]
Event: 4.447 Thread 0x000000001c426000 Exception <a 'java/lang/ClassNotFoundException': org/gradle/api/internal/plugins/DefaultObjectConfigurationActionCustomizer> (0x00000000dd4ca628) thrown at [C:\src\AOSP-openjdk-git\hotspot\src\share\vm\classfile\systemDictionary.cpp, line 210]

Events (10 events):
Event: 5.062 loading class com/android/ide/common/blame/SourceFileJsonTypeAdapter
Event: 5.062 loading class com/android/ide/common/blame/SourceFileJsonTypeAdapter done
Event: 5.062 loading class com/google/gson/JsonSerializer
Event: 5.062 loading class com/google/gson/JsonSerializer done
Event: 5.062 loading class com/google/gson/JsonDeserializer
Event: 5.062 loading class com/google/gson/JsonDeserializer done
Event: 5.062 loading class com/google/gson/InstanceCreator
Event: 5.062 loading class com/google/gson/InstanceCreator done
Event: 5.062 loading class com/google/gson/internal/bind/TypeAdapters$31
Event: 5.062 loading class com/google/gson/internal/bind/TypeAdapters$31 done


Dynamic libraries:
0x00007ff6d43f0000 - 0x00007ff6d4421000 	C:\Program Files\Android\Android Studio\jre\bin\java.exe
0x00007ffb6be80000 - 0x00007ffb6c06d000 	C:\Windows\SYSTEM32\ntdll.dll
0x00007ffb69ec0000 - 0x00007ffb69f73000 	C:\Windows\System32\KERNEL32.DLL
0x00007ffb68020000 - 0x00007ffb682b3000 	C:\Windows\System32\KERNELBASE.dll
0x00007ffb69190000 - 0x00007ffb69233000 	C:\Windows\System32\ADVAPI32.dll
0x00007ffb699c0000 - 0x00007ffb69a5e000 	C:\Windows\System32\msvcrt.dll
0x00007ffb69920000 - 0x00007ffb699be000 	C:\Windows\System32\sechost.dll
0x00007ffb69d90000 - 0x00007ffb69eb3000 	C:\Windows\System32\RPCRT4.dll
0x00007ffb69560000 - 0x00007ffb696f7000 	C:\Windows\System32\USER32.dll
0x00007ffb682f0000 - 0x00007ffb68310000 	C:\Windows\System32\win32u.dll
0x00007ffb6b550000 - 0x00007ffb6b579000 	C:\Windows\System32\GDI32.dll
0x00007ffb687c0000 - 0x00007ffb6895a000 	C:\Windows\System32\gdi32full.dll
0x00007ffb68570000 - 0x00007ffb68610000 	C:\Windows\System32\msvcp_win.dll
0x00007ffb686c0000 - 0x00007ffb687bc000 	C:\Windows\System32\ucrtbase.dll
0x00007ffb51800000 - 0x00007ffb51a79000 	C:\Windows\WinSxS\amd64_microsoft.windows.common-controls_6595b64144ccf1df_6.0.17763.107_none_05b63884071e656e\COMCTL32.dll
0x00007ffb69a60000 - 0x00007ffb69d8e000 	C:\Windows\System32\combase.dll
0x00007ffb67fa0000 - 0x00007ffb6801e000 	C:\Windows\System32\bcryptPrimitives.dll
0x00007ffb690b0000 - 0x00007ffb690de000 	C:\Windows\System32\IMM32.DLL
0x0000000051300000 - 0x00000000513d2000 	C:\Program Files\Android\Android Studio\jre\jre\bin\msvcr100.dll
0x00000000513e0000 - 0x0000000051c2b000 	C:\Program Files\Android\Android Studio\jre\jre\bin\server\jvm.dll
0x00007ffb693a0000 - 0x00007ffb693a8000 	C:\Windows\System32\PSAPI.DLL
0x00007ffb52b90000 - 0x00007ffb52b99000 	C:\Windows\SYSTEM32\WSOCK32.dll
0x00007ffb62920000 - 0x00007ffb62944000 	C:\Windows\SYSTEM32\WINMM.dll
0x00007ffb65970000 - 0x00007ffb6597a000 	C:\Windows\SYSTEM32\VERSION.dll
0x00007ffb6bb70000 - 0x00007ffb6bbdd000 	C:\Windows\System32\WS2_32.dll
0x00007ffb628f0000 - 0x00007ffb6291d000 	C:\Windows\SYSTEM32\WINMMBASE.dll
0x00007ffb67f50000 - 0x00007ffb67f9a000 	C:\Windows\System32\cfgmgr32.dll
0x00007ffb66280000 - 0x00007ffb6628f000 	C:\Program Files\Android\Android Studio\jre\jre\bin\verify.dll
0x00007ffb3bc90000 - 0x00007ffb3bcb9000 	C:\Program Files\Android\Android Studio\jre\jre\bin\java.dll
0x00007ffb3c450000 - 0x00007ffb3c466000 	C:\Program Files\Android\Android Studio\jre\jre\bin\zip.dll
0x00007ffb6a050000 - 0x00007ffb6b53f000 	C:\Windows\System32\SHELL32.dll
0x00007ffb6b5e0000 - 0x00007ffb6b688000 	C:\Windows\System32\shcore.dll
0x00007ffb68960000 - 0x00007ffb690a8000 	C:\Windows\System32\windows.storage.dll
0x00007ffb67f00000 - 0x00007ffb67f24000 	C:\Windows\System32\profapi.dll
0x00007ffb67ea0000 - 0x00007ffb67efd000 	C:\Windows\System32\powrprof.dll
0x00007ffb6bd70000 - 0x00007ffb6bdc2000 	C:\Windows\System32\shlwapi.dll
0x00007ffb67f30000 - 0x00007ffb67f41000 	C:\Windows\System32\kernel.appcore.dll
0x00007ffb68370000 - 0x00007ffb68387000 	C:\Windows\System32\cryptsp.dll
0x00007ffb3c3e0000 - 0x00007ffb3c3fa000 	C:\Program Files\Android\Android Studio\jre\jre\bin\net.dll
0x00007ffb67330000 - 0x00007ffb67397000 	C:\Windows\system32\mswsock.dll
0x00007ffb3b680000 - 0x00007ffb3b693000 	C:\Program Files\Android\Android Studio\jre\jre\bin\nio.dll
0x00007ffb24730000 - 0x00007ffb24757000 	C:\Users\TYLER\.gradle\native\f6784746aeab05261644944871eae4fe03e0ef1612fff0a4a95f87b438bc6780\windows-amd64\native-platform.dll
0x00007ffb3baf0000 - 0x00007ffb3bafd000 	C:\Program Files\Android\Android Studio\jre\jre\bin\management.dll
0x00007ffb66ef0000 - 0x00007ffb66f23000 	C:\Windows\system32\rsaenh.dll
0x00007ffb682c0000 - 0x00007ffb682e6000 	C:\Windows\System32\bcrypt.dll
0x00007ffb67db0000 - 0x00007ffb67dd8000 	C:\Windows\SYSTEM32\USERENV.dll
0x00007ffb67500000 - 0x00007ffb6750c000 	C:\Windows\SYSTEM32\CRYPTBASE.dll
0x00007ffb67090000 - 0x00007ffb670cd000 	C:\Windows\SYSTEM32\IPHLPAPI.DLL
0x00007ffb6b540000 - 0x00007ffb6b548000 	C:\Windows\System32\NSI.dll
0x00007ffb5b100000 - 0x00007ffb5b116000 	C:\Windows\SYSTEM32\dhcpcsvc6.DLL
0x00007ffb5b0e0000 - 0x00007ffb5b0fc000 	C:\Windows\SYSTEM32\dhcpcsvc.DLL
0x00007ffb670d0000 - 0x00007ffb67196000 	C:\Windows\SYSTEM32\DNSAPI.dll
0x00007ffb5b5e0000 - 0x00007ffb5b5eb000 	C:\Windows\SYSTEM32\WINNSI.DLL
0x00007ffb679c0000 - 0x00007ffb67bad000 	C:\Windows\SYSTEM32\dbghelp.dll

VM Arguments:
jvm_args: -Xmx2048m -Dfile.encoding=UTF-8 -Duser.country=US -Duser.language=en -Duser.variant 
java_command: org.gradle.launcher.daemon.bootstrap.GradleDaemon 6.5
java_class_path (initial): C:\Users\TYLER\.gradle\wrapper\dists\gradle-6.5-bin\6nifqtx7604sqp1q6g8wikw7p\gradle-6.5\lib\gradle-launcher-6.5.jar
Launcher Type: SUN_STANDARD

Environment Variables:
PATH=C:\Program Files (x86)\Common Files\Intel\Shared Libraries\redist\intel64\compiler;C:\Program Files (x86)\MiKTeX 2.8\miktex\bin;C:\Program Files\Python39\Scripts\;C:\Program Files\Python39\;C:\Program Files\Common Files\Oracle\Java\javapath;C:\Windows\system32;C:\Windows;C:\Windows\System32\Wbem;C:\Windows\System32\WindowsPowerShell\v1.0\;C:\Windows\System32\OpenSSH\;C:\Program Files\Microsoft VS Code\bin;C:\Program Files\Microsoft SQL Server\Client SDK\ODBC\170\Tools\Binn\;C:\Program Files (x86)\Microsoft SQL Server\150\Tools\Binn\;C:\Program Files\Microsoft SQL Server\150\Tools\Binn\;C:\Program Files\Microsoft SQL Server\150\DTS\Binn\;C:\Program Files\Git\cmd;C:\Program Files (x86)\Microsoft SQL Server\150\DTS\Binn\;C:\Program Files\Azure Data Studio\bin;C:\Program Files\mingw32\bin;C:\Users\TYLER\AppData\Local\Microsoft\WindowsApps;;C:\Program Files\Azure Data Studio\bin
USERNAME=TYLER
OS=Windows_NT
PROCESSOR_IDENTIFIER=Intel64 Family 6 Model 94 Stepping 3, GenuineIntel



---------------  S Y S T E M  ---------------

OS: Windows 10.0 , 64 bit Build 17763 (10.0.17763.1)

CPU:total 8 (initial active 8) (4 cores per cpu, 2 threads per core) family 6 model 94 stepping 3, cmov, cx8, fxsr, mmx, sse, sse2, sse3, ssse3, sse4.1, sse4.2, popcnt, avx, avx2, aes, clmul, erms, rtm, 3dnowpref, lzcnt, ht, tsc, tscinvbit, bmi1, bmi2, adx

Memory: 4k page, physical 16595532k(8791752k free), swap 19085900k(9730996k free)

vm_info: OpenJDK 64-Bit Server VM (25.242-b01) for windows-amd64 JRE (1.8.0_242-release-1644-b01), built by "builder" with MS VC++ 10.0 (VS2010)

time: Wed Mar 10 19:15:52 2021
timezone: SE Asia Standard Time
elapsed time: 5 seconds (0d 0h 0m 5s)

